30-10-2021 17:19:36.558 [Gauge] [DEBUG] Created gauge_screenshots_dir at C:\Users\testinium\IdeaProjects\odev2doruk\.gauge\screenshots
30-10-2021 17:19:36.584 [Gauge] [DEBUG] Plugin html-report is already installed.
30-10-2021 17:19:36.585 [Gauge] [DEBUG] Plugin java is already installed.
30-10-2021 17:19:36.587 [Gauge] [DEBUG] Parsing started.
30-10-2021 17:19:36.587 [Gauge] [DEBUG] Started concepts parsing.
30-10-2021 17:19:36.597 [Gauge] [DEBUG] 6 concepts parsing completed.
30-10-2021 17:19:36.597 [Gauge] [DEBUG] Started specifications parsing.
30-10-2021 17:19:36.600 [Gauge] [DEBUG] 1 specifications parsing completed.
30-10-2021 17:19:36.601 [Gauge] [DEBUG] Parsing completed.
30-10-2021 17:19:36.897 [Gauge] [DEBUG] Checking updates...
30-10-2021 17:19:36.900 [Gauge] [DEBUG] Downloading https://downloads.gauge.org/plugin/flash?l=java&p=flash,html-report,java,json-report,screenshot,spectacle,xml-report&o=windows&a=amd64
30-10-2021 17:19:37.312 [Gauge] [DEBUG] Downloading https://downloads.gauge.org/plugin/html-report?l=java&p=flash,html-report,java,json-report,screenshot,spectacle,xml-report&o=windows&a=amd64
30-10-2021 17:19:37.493 [Gauge] [DEBUG] Downloading https://downloads.gauge.org/plugin/java?l=java&p=flash,html-report,java,json-report,screenshot,spectacle,xml-report&o=windows&a=amd64
30-10-2021 17:19:37.656 [Gauge] [DEBUG] Downloading https://downloads.gauge.org/plugin/json-report?l=java&p=flash,html-report,java,json-report,screenshot,spectacle,xml-report&o=windows&a=amd64
30-10-2021 17:19:37.836 [Gauge] [DEBUG] Downloading https://downloads.gauge.org/plugin/screenshot?l=java&p=flash,html-report,java,json-report,screenshot,spectacle,xml-report&o=windows&a=amd64
30-10-2021 17:19:38.035 [Gauge] [DEBUG] Downloading https://downloads.gauge.org/plugin/spectacle?l=java&p=flash,html-report,java,json-report,screenshot,spectacle,xml-report&o=windows&a=amd64
30-10-2021 17:19:38.228 [Gauge] [DEBUG] Downloading https://downloads.gauge.org/plugin/xml-report?l=java&p=flash,html-report,java,json-report,screenshot,spectacle,xml-report&o=windows&a=amd64
30-10-2021 17:19:39.186 [java] [DEBUG] ***** Printing Properties/Env Values *****
30-10-2021 17:19:39.186 [java] [DEBUG] PATH: C:\Program Files (x86)\Common Files\Oracle\Java\javapath;C:\Windows\system32;C:\Windows;C:\Windows\System32\Wbem;C:\Windows\System32\WindowsPowerShell\v1.0\;C:\Windows\System32\OpenSSH\;C:\Program Files\NVIDIA Corporation\NVIDIA NvDLISR;C:\WINDOWS\system32;C:\WINDOWS;C:\WINDOWS\System32\Wbem;C:\WINDOWS\System32\WindowsPowerShell\v1.0\;C:\WINDOWS\System32\OpenSSH\;C:\Program Files\Git\cmd;C:\Program Files\nodejs\;C:\Program Files (x86)\Micro Focus\Unified Functional Testing\bin;%!J(MISSING)AVA_HOME%!\(MISSING)bin;C:\Program Files\maven\apache-maven-3.8.3\bin;C:\Program Files\maven\apache-maven-3.8.3\bin;C:\Program Files\Gauge\bin;C:\Program Files\Android\sdk\platform-tools;C:\Program Files\Android\sdk\build-tools\29.0.2;C:\Users\testinium\AppData\Local\Microsoft\WindowsApps;;C:\Program Files\JetBrains\IntelliJ IDEA Community Edition 2021.2.2\bin;;C:\Users\testinium\AppData\Roaming\npm;C:\Users\testinium\AppData\Roaming\gauge\plugins\screenshot\0.1.0
30-10-2021 17:19:39.186 [java] [DEBUG] JAVA_HOME: 
30-10-2021 17:19:39.186 [java] [DEBUG] gauge_project_root: C:\Users\testinium\IdeaProjects\odev2doruk
30-10-2021 17:19:39.186 [java] [DEBUG] gauge_parallel_streams_count: 8
30-10-2021 17:19:39.186 [java] [DEBUG] gauge_reports_dir: reports
30-10-2021 17:19:39.186 [java] [DEBUG] overwrite_reports: true
30-10-2021 17:19:39.187 [java] [DEBUG] logs_directory: logs
30-10-2021 17:19:39.187 [java] [DEBUG] enable_multithreading: false
30-10-2021 17:19:39.187 [java] [DEBUG] gauge_specs_dir: specs
30-10-2021 17:19:39.187 [java] [DEBUG] csv_delimiter: ,
30-10-2021 17:19:39.187 [java] [DEBUG] gauge_java_home: 
30-10-2021 17:19:39.187 [java] [DEBUG] gauge_custom_build_path: 
30-10-2021 17:19:39.187 [java] [DEBUG] gauge_additional_libs: libs/*
30-10-2021 17:19:39.187 [java] [DEBUG] gauge_jvm_args: 
30-10-2021 17:19:39.187 [java] [DEBUG] gauge_custom_compile_dir: 
30-10-2021 17:19:39.187 [java] [DEBUG] gauge_clear_state_level: scenario
30-10-2021 17:19:39.187 [java] [DEBUG] ***** END *****
30-10-2021 17:20:04.159 [java] [DEBUG] classpath set to C:\Users\testinium\.jdks\openjdk-17!\java.base;C:\Users\testinium\.jdks\openjdk-17!\java.compiler;C:\Users\testinium\.jdks\openjdk-17!\java.datatransfer;C:\Users\testinium\.jdks\openjdk-17!\java.desktop;C:\Users\testinium\.jdks\openjdk-17!\java.instrument;C:\Users\testinium\.jdks\openjdk-17!\java.logging;C:\Users\testinium\.jdks\openjdk-17!\java.management;C:\Users\testinium\.jdks\openjdk-17!\java.management.rmi;C:\Users\testinium\.jdks\openjdk-17!\java.naming;C:\Users\testinium\.jdks\openjdk-17!\java.net.http;C:\Users\testinium\.jdks\openjdk-17!\java.prefs;C:\Users\testinium\.jdks\openjdk-17!\java.rmi;C:\Users\testinium\.jdks\openjdk-17!\java.scripting;C:\Users\testinium\.jdks\openjdk-17!\java.se;C:\Users\testinium\.jdks\openjdk-17!\java.security.jgss;C:\Users\testinium\.jdks\openjdk-17!\java.security.sasl;C:\Users\testinium\.jdks\openjdk-17!\java.smartcardio;C:\Users\testinium\.jdks\openjdk-17!\java.sql;C:\Users\testinium\.jdks\openjdk-17!\java.sql.rowset;C:\Users\testinium\.jdks\openjdk-17!\java.transaction.xa;C:\Users\testinium\.jdks\openjdk-17!\java.xml;C:\Users\testinium\.jdks\openjdk-17!\java.xml.crypto;C:\Users\testinium\.jdks\openjdk-17!\jdk.accessibility;C:\Users\testinium\.jdks\openjdk-17!\jdk.attach;C:\Users\testinium\.jdks\openjdk-17!\jdk.charsets;C:\Users\testinium\.jdks\openjdk-17!\jdk.compiler;C:\Users\testinium\.jdks\openjdk-17!\jdk.crypto.cryptoki;C:\Users\testinium\.jdks\openjdk-17!\jdk.crypto.ec;C:\Users\testinium\.jdks\openjdk-17!\jdk.crypto.mscapi;C:\Users\testinium\.jdks\openjdk-17!\jdk.dynalink;C:\Users\testinium\.jdks\openjdk-17!\jdk.editpad;C:\Users\testinium\.jdks\openjdk-17!\jdk.hotspot.agent;C:\Users\testinium\.jdks\openjdk-17!\jdk.httpserver;C:\Users\testinium\.jdks\openjdk-17!\jdk.incubator.foreign;C:\Users\testinium\.jdks\openjdk-17!\jdk.incubator.vector;C:\Users\testinium\.jdks\openjdk-17!\jdk.internal.ed;C:\Users\testinium\.jdks\openjdk-17!\jdk.internal.jvmstat;C:\Users\testinium\.jdks\openjdk-17!\jdk.internal.le;C:\Users\testinium\.jdks\openjdk-17!\jdk.internal.opt;C:\Users\testinium\.jdks\openjdk-17!\jdk.internal.vm.ci;C:\Users\testinium\.jdks\openjdk-17!\jdk.internal.vm.compiler;C:\Users\testinium\.jdks\openjdk-17!\jdk.internal.vm.compiler.management;C:\Users\testinium\.jdks\openjdk-17!\jdk.jartool;C:\Users\testinium\.jdks\openjdk-17!\jdk.javadoc;C:\Users\testinium\.jdks\openjdk-17!\jdk.jcmd;C:\Users\testinium\.jdks\openjdk-17!\jdk.jconsole;C:\Users\testinium\.jdks\openjdk-17!\jdk.jdeps;C:\Users\testinium\.jdks\openjdk-17!\jdk.jdi;C:\Users\testinium\.jdks\openjdk-17!\jdk.jdwp.agent;C:\Users\testinium\.jdks\openjdk-17!\jdk.jfr;C:\Users\testinium\.jdks\openjdk-17!\jdk.jlink;C:\Users\testinium\.jdks\openjdk-17!\jdk.jpackage;C:\Users\testinium\.jdks\openjdk-17!\jdk.jshell;C:\Users\testinium\.jdks\openjdk-17!\jdk.jsobject;C:\Users\testinium\.jdks\openjdk-17!\jdk.jstatd;C:\Users\testinium\.jdks\openjdk-17!\jdk.localedata;C:\Users\testinium\.jdks\openjdk-17!\jdk.management;C:\Users\testinium\.jdks\openjdk-17!\jdk.management.agent;C:\Users\testinium\.jdks\openjdk-17!\jdk.management.jfr;C:\Users\testinium\.jdks\openjdk-17!\jdk.naming.dns;C:\Users\testinium\.jdks\openjdk-17!\jdk.naming.rmi;C:\Users\testinium\.jdks\openjdk-17!\jdk.net;C:\Users\testinium\.jdks\openjdk-17!\jdk.nio.mapmode;C:\Users\testinium\.jdks\openjdk-17!\jdk.random;C:\Users\testinium\.jdks\openjdk-17!\jdk.sctp;C:\Users\testinium\.jdks\openjdk-17!\jdk.security.auth;C:\Users\testinium\.jdks\openjdk-17!\jdk.security.jgss;C:\Users\testinium\.jdks\openjdk-17!\jdk.unsupported;C:\Users\testinium\.jdks\openjdk-17!\jdk.unsupported.desktop;C:\Users\testinium\.jdks\openjdk-17!\jdk.xml.dom;C:\Users\testinium\.jdks\openjdk-17!\jdk.zipfs;C:\Users\testinium\IdeaProjects\odev2doruk\target\test-classes;C:\Users\testinium\.m2\repository\junit\junit\4.12\junit-4.12.jar;C:\Users\testinium\.m2\repository\org\hamcrest\hamcrest-core\1.3\hamcrest-core-1.3.jar;C:\Users\testinium\.m2\repository\com\thoughtworks\gauge\gauge-java\0.7.15\gauge-java-0.7.15.jar;C:\Users\testinium\.m2\repository\org\assertj\assertj-core\3.19.0\assertj-core-3.19.0.jar;C:\Users\testinium\.m2\repository\org\reflections\reflections\0.9.9\reflections-0.9.9.jar;C:\Users\testinium\.m2\repository\org\javassist\javassist\3.18.2-GA\javassist-3.18.2-GA.jar;C:\Users\testinium\.m2\repository\com\google\code\findbugs\annotations\2.0.1\annotations-2.0.1.jar;C:\Users\testinium\.m2\repository\com\github\javaparser\javaparser-core\3.16.3\javaparser-core-3.16.3.jar;C:\Users\testinium\.m2\repository\commons-io\commons-io\2.8.0\commons-io-2.8.0.jar;C:\Users\testinium\.m2\repository\commons-lang\commons-lang\2.6\commons-lang-2.6.jar;C:\Users\testinium\.m2\repository\org\json\json\20210307\json-20210307.jar;C:\Users\testinium\.m2\repository\com\google\protobuf\protobuf-java\3.15.8\protobuf-java-3.15.8.jar;C:\Users\testinium\.m2\repository\com\google\guava\guava\30.1.1-jre\guava-30.1.1-jre.jar;C:\Users\testinium\.m2\repository\com\google\guava\failureaccess\1.0.1\failureaccess-1.0.1.jar;C:\Users\testinium\.m2\repository\com\google\guava\listenablefuture\9999.0-empty-to-avoid-conflict-with-guava\listenablefuture-9999.0-empty-to-avoid-conflict-with-guava.jar;C:\Users\testinium\.m2\repository\com\google\code\findbugs\jsr305\3.0.2\jsr305-3.0.2.jar;C:\Users\testinium\.m2\repository\org\checkerframework\checker-qual\3.8.0\checker-qual-3.8.0.jar;C:\Users\testinium\.m2\repository\com\google\errorprone\error_prone_annotations\2.5.1\error_prone_annotations-2.5.1.jar;C:\Users\testinium\.m2\repository\com\google\j2objc\j2objc-annotations\1.3\j2objc-annotations-1.3.jar;C:\Users\testinium\.m2\repository\io\grpc\grpc-netty-shaded\1.37.0\grpc-netty-shaded-1.37.0.jar;C:\Users\testinium\.m2\repository\io\grpc\grpc-core\1.37.0\grpc-core-1.37.0.jar;C:\Users\testinium\.m2\repository\com\google\android\annotations\4.1.1.4\annotations-4.1.1.4.jar;C:\Users\testinium\.m2\repository\io\perfmark\perfmark-api\0.23.0\perfmark-api-0.23.0.jar;C:\Users\testinium\.m2\repository\io\grpc\grpc-protobuf\1.37.0\grpc-protobuf-1.37.0.jar;C:\Users\testinium\.m2\repository\io\grpc\grpc-api\1.37.0\grpc-api-1.37.0.jar;C:\Users\testinium\.m2\repository\io\grpc\grpc-context\1.37.0\grpc-context-1.37.0.jar;C:\Users\testinium\.m2\repository\com\google\api\grpc\proto-google-common-protos\2.0.1\proto-google-common-protos-2.0.1.jar;C:\Users\testinium\.m2\repository\io\grpc\grpc-protobuf-lite\1.37.0\grpc-protobuf-lite-1.37.0.jar;C:\Users\testinium\.m2\repository\org\codehaus\mojo\animal-sniffer-annotations\1.19\animal-sniffer-annotations-1.19.jar;C:\Users\testinium\.m2\repository\io\grpc\grpc-stub\1.37.0\grpc-stub-1.37.0.jar;C:\Users\testinium\.m2\repository\javax\annotation\javax.annotation-api\1.3.2\javax.annotation-api-1.3.2.jar;C:\Users\testinium\.m2\repository\io\appium\java-client\7.3.0\java-client-7.3.0.jar;C:\Users\testinium\.m2\repository\org\seleniumhq\selenium\selenium-java\3.141.59\selenium-java-3.141.59.jar;C:\Users\testinium\.m2\repository\org\seleniumhq\selenium\selenium-chrome-driver\3.141.59\selenium-chrome-driver-3.141.59.jar;C:\Users\testinium\.m2\repository\org\seleniumhq\selenium\selenium-edge-driver\3.141.59\selenium-edge-driver-3.141.59.jar;C:\Users\testinium\.m2\repository\org\seleniumhq\selenium\selenium-firefox-driver\3.141.59\selenium-firefox-driver-3.141.59.jar;C:\Users\testinium\.m2\repository\org\seleniumhq\selenium\selenium-ie-driver\3.141.59\selenium-ie-driver-3.141.59.jar;C:\Users\testinium\.m2\repository\org\seleniumhq\selenium\selenium-opera-driver\3.141.59\selenium-opera-driver-3.141.59.jar;C:\Users\testinium\.m2\repository\org\seleniumhq\selenium\selenium-remote-driver\3.141.59\selenium-remote-driver-3.141.59.jar;C:\Users\testinium\.m2\repository\org\seleniumhq\selenium\selenium-safari-driver\3.141.59\selenium-safari-driver-3.141.59.jar;C:\Users\testinium\.m2\repository\net\bytebuddy\byte-buddy\1.8.15\byte-buddy-1.8.15.jar;C:\Users\testinium\.m2\repository\org\apache\commons\commons-exec\1.3\commons-exec-1.3.jar;C:\Users\testinium\.m2\repository\com\squareup\okhttp3\okhttp\3.11.0\okhttp-3.11.0.jar;C:\Users\testinium\.m2\repository\com\squareup\okio\okio\1.14.0\okio-1.14.0.jar;C:\Users\testinium\.m2\repository\org\seleniumhq\selenium\selenium-support\3.141.59\selenium-support-3.141.59.jar;C:\Users\testinium\.m2\repository\org\seleniumhq\selenium\selenium-api\3.141.59\selenium-api-3.141.59.jar;C:\Users\testinium\.m2\repository\com\google\code\gson\gson\2.8.5\gson-2.8.5.jar;C:\Users\testinium\.m2\repository\org\apache\httpcomponents\httpclient\4.5.9\httpclient-4.5.9.jar;C:\Users\testinium\.m2\repository\org\apache\httpcomponents\httpcore\4.4.11\httpcore-4.4.11.jar;C:\Users\testinium\.m2\repository\commons-logging\commons-logging\1.2\commons-logging-1.2.jar;C:\Users\testinium\.m2\repository\commons-codec\commons-codec\1.11\commons-codec-1.11.jar;C:\Users\testinium\.m2\repository\cglib\cglib\3.2.12\cglib-3.2.12.jar;C:\Users\testinium\.m2\repository\org\ow2\asm\asm\7.1\asm-7.1.jar;C:\Users\testinium\.m2\repository\commons-validator\commons-validator\1.6\commons-validator-1.6.jar;C:\Users\testinium\.m2\repository\commons-beanutils\commons-beanutils\1.9.2\commons-beanutils-1.9.2.jar;C:\Users\testinium\.m2\repository\commons-digester\commons-digester\1.8.1\commons-digester-1.8.1.jar;C:\Users\testinium\.m2\repository\commons-collections\commons-collections\3.2.2\commons-collections-3.2.2.jar;C:\Users\testinium\.m2\repository\org\apache\commons\commons-lang3\3.9\commons-lang3-3.9.jar;C:\Users\testinium\.m2\repository\org\springframework\spring-context\5.1.8.RELEASE\spring-context-5.1.8.RELEASE.jar;C:\Users\testinium\.m2\repository\org\springframework\spring-aop\5.1.8.RELEASE\spring-aop-5.1.8.RELEASE.jar;C:\Users\testinium\.m2\repository\org\springframework\spring-beans\5.1.8.RELEASE\spring-beans-5.1.8.RELEASE.jar;C:\Users\testinium\.m2\repository\org\springframework\spring-core\5.1.8.RELEASE\spring-core-5.1.8.RELEASE.jar;C:\Users\testinium\.m2\repository\org\springframework\spring-jcl\5.1.8.RELEASE\spring-jcl-5.1.8.RELEASE.jar;C:\Users\testinium\.m2\repository\org\springframework\spring-expression\5.1.8.RELEASE\spring-expression-5.1.8.RELEASE.jar;C:\Users\testinium\.m2\repository\org\aspectj\aspectjweaver\1.9.4\aspectjweaver-1.9.4.jar;C:\Users\testinium\.m2\repository\org\slf4j\slf4j-api\1.7.30\slf4j-api-1.7.30.jar;C:\Users\testinium\.m2\repository\org\slf4j\slf4j-log4j12\1.7.30\slf4j-log4j12-1.7.30.jar;C:\Users\testinium\.m2\repository\log4j\log4j\1.2.17\log4j-1.2.17.jar;C:\Users\testinium\.m2\repository\org\junit\jupiter\junit-jupiter\5.8.1\junit-jupiter-5.8.1.jar;C:\Users\testinium\.m2\repository\org\junit\jupiter\junit-jupiter-api\5.8.1\junit-jupiter-api-5.8.1.jar;C:\Users\testinium\.m2\repository\org\opentest4j\opentest4j\1.2.0\opentest4j-1.2.0.jar;C:\Users\testinium\.m2\repository\org\junit\platform\junit-platform-commons\1.8.1\junit-platform-commons-1.8.1.jar;C:\Users\testinium\.m2\repository\org\apiguardian\apiguardian-api\1.1.2\apiguardian-api-1.1.2.jar;C:\Users\testinium\.m2\repository\org\junit\jupiter\junit-jupiter-params\5.8.1\junit-jupiter-params-5.8.1.jar;C:\Users\testinium\.m2\repository\org\junit\jupiter\junit-jupiter-engine\5.8.1\junit-jupiter-engine-5.8.1.jar;C:\Users\testinium\.m2\repository\org\junit\platform\junit-platform-engine\1.8.1\junit-platform-engine-1.8.1.jar
30-10-2021 17:20:04.159 [java] [DEBUG] found java executable in java.exe
30-10-2021 17:20:04.161 [java] [DEBUG] running - java.exe [-Dfile.encoding=UTF-8 com.thoughtworks.gauge.GaugeRuntime --start]
30-10-2021 17:20:04.161 [java] [DEBUG] stdout/stderr is logged to logs\8636-java.exe.out
30-10-2021 17:20:04.557 [java] [DEBUG] multithreading is set to false
30-10-2021 17:20:04.971 [java] [DEBUG] Using reflection to scan dependencies for gauge implementations...
30-10-2021 17:20:05.087 [java] [ERROR] log4j:WARN No appenders could be found for logger (io.grpc.netty.shaded.io.netty.util.internal.logging.InternalLoggerFactory).
30-10-2021 17:20:05.087 [java] [ERROR] log4j:WARN Please initialize the log4j system properly.
30-10-2021 17:20:05.087 [java] [ERROR] log4j:WARN See http://logging.apache.org/log4j/1.2/faq.html#noconfig for more info.
30-10-2021 17:20:05.577 [java] [DEBUG] gauge-java took 1018milliseconds to load and scan. This should be less than 'runner_connection_timeout' config value.
30-10-2021 17:20:05.577 [java] [DEBUG] run 'gauge config runner_connection_timeout' and verify that it is < 1018
30-10-2021 17:20:05.577 [java] [DEBUG] starting gRPC server...
30-10-2021 17:20:06.169 [java] [DEBUG] started gRPC server on port 50923
30-10-2021 17:20:06.170 [Gauge] [DEBUG] Attempting to connect to grpc server at port: 50923
30-10-2021 17:20:06.307 [Gauge] [DEBUG] Successfully made the connection with runner with port: 50923
30-10-2021 17:20:06.307 [Gauge] [DEBUG] Validation started.
30-10-2021 17:20:07.584 [java] [DEBUG] Scanning packages for steps
30-10-2021 17:20:07.701 [java] [DEBUG] Comparing 'org.example.sayfalar.Kategori.checkCategoryPage' and 'org.example.sayfalar.Kategori.checkCategoryPage'
30-10-2021 17:20:07.701 [java] [DEBUG] Found Kategori Sayfası Kontrol in current project scope.
30-10-2021 17:20:07.703 [java] [DEBUG] Comparing 'org.example.StepImplementation.clickElementByid' and 'org.example.StepImplementation.clickElementByid'
30-10-2021 17:20:07.703 [java] [DEBUG] Found {} İd'li elemente tıkla in current project scope.
30-10-2021 17:20:07.703 [java] [DEBUG] Comparing 'org.example.sayfalar.Giriş.checkLogin' and 'org.example.sayfalar.Giriş.checkLogin'
30-10-2021 17:20:07.704 [java] [DEBUG] Found Login page doğrulama in current project scope.
30-10-2021 17:20:07.704 [java] [DEBUG] Comparing 'org.example.sayfalar.Alışveriş.checkShopping' and 'org.example.sayfalar.Alışveriş.checkShopping'
30-10-2021 17:20:07.704 [java] [DEBUG] Found Alışveriş Sayfası Doğrula in current project scope.
30-10-2021 17:20:07.705 [java] [DEBUG] Comparing 'org.example.StepImplementation.clickElementByxpath' and 'org.example.StepImplementation.clickElementByxpath'
30-10-2021 17:20:07.705 [java] [DEBUG] Found {} xpath'li elemente tıkla in current project scope.
30-10-2021 17:20:07.706 [java] [DEBUG] Comparing 'org.example.StepImplementation.ScrollRandomPos' and 'org.example.StepImplementation.ScrollRandomPos'
30-10-2021 17:20:07.706 [java] [DEBUG] Found sayfa boyunca scroll et in current project scope.
30-10-2021 17:20:07.706 [java] [DEBUG] Comparing 'org.example.StepImplementation.waitSeconds' and 'org.example.StepImplementation.waitSeconds'
30-10-2021 17:20:07.706 [java] [DEBUG] Found {} saniye bekle in current project scope.
30-10-2021 17:20:07.707 [java] [DEBUG] Comparing 'org.example.StepImplementation.SendkeyElementByid' and 'org.example.StepImplementation.SendkeyElementByid'
30-10-2021 17:20:07.708 [java] [DEBUG] Found {} İd'li elemente {} değerini yaz in current project scope.
30-10-2021 17:20:07.708 [java] [DEBUG] Comparing 'org.example.StepImplementation.findAllProducts' and 'org.example.StepImplementation.findAllProducts'
30-10-2021 17:20:07.708 [java] [DEBUG] Found {} xpath'te bulunan sayfada görünen tüm ürünleri bul ve rastgele bir ürüne tıkla in current project scope.
30-10-2021 17:20:07.709 [java] [DEBUG] Comparing 'org.example.sayfalar.Anasayfa.open' and 'org.example.sayfalar.Anasayfa.open'
30-10-2021 17:20:07.709 [java] [DEBUG] Found Açılış Sayfası Kontrol in current project scope.
30-10-2021 17:20:07.710 [java] [DEBUG] Comparing 'org.example.StepImplementation.addToBasket' and 'org.example.StepImplementation.addToBasket'
30-10-2021 17:20:07.710 [java] [DEBUG] Found Sepete ekle in current project scope.
30-10-2021 17:20:07.711 [java] [DEBUG] Comparing 'org.example.sayfalar.Ürün.checkProductDetail' and 'org.example.sayfalar.Ürün.checkProductDetail'
30-10-2021 17:20:07.711 [java] [DEBUG] Found Product detail sayfası doğrulama in current project scope.
30-10-2021 17:20:07.711 [java] [DEBUG] Scanning packages for hooks
30-10-2021 17:20:07.978 [java] [DEBUG] Scanned steps (using static parsing + reflections): 
30-10-2021 17:20:07.978 [java] [DEBUG] 	Sepete ekle : public void addToBasket()
30-10-2021 17:20:07.979 [java] [DEBUG] 	{} xpath'li elemente tıkla : public void clickElementByxpath(String Key)
30-10-2021 17:20:07.979 [java] [DEBUG] 	Kategori Sayfası Kontrol : public void checkCategoryPage()
30-10-2021 17:20:07.979 [java] [DEBUG] 	Alışveriş Sayfası Doğrula : public void checkShopping()
30-10-2021 17:20:07.979 [java] [DEBUG] 	Açılış Sayfası Kontrol : public void open()
30-10-2021 17:20:07.979 [java] [DEBUG] 	{} İd'li elemente {} değerini yaz : public void SendkeyElementByid(String Key, String keyword)
30-10-2021 17:20:07.979 [java] [DEBUG] 	Product detail sayfası doğrulama : public void checkProductDetail()
30-10-2021 17:20:07.979 [java] [DEBUG] 	sayfa boyunca scroll et : public void ScrollRandomPos()
30-10-2021 17:20:07.979 [java] [DEBUG] 	{} saniye bekle : public void waitSeconds(ınt seconds)
30-10-2021 17:20:07.979 [java] [DEBUG] 	{} xpath'te bulunan sayfada görünen tüm ürünleri bul ve rastgele bir ürüne tıkla : public void findAllProducts(String Key)
30-10-2021 17:20:07.979 [java] [DEBUG] 	Login page doğrulama : public void checkLogin()
30-10-2021 17:20:07.979 [java] [DEBUG] 	{} İd'li elemente tıkla : public void clickElementByid(String Key)
30-10-2021 17:20:12.708 [Gauge] [DEBUG] Validation completed.
30-10-2021 17:20:12.711 [Gauge] [DEBUG] Run started
30-10-2021 17:20:12.713 [Gauge] [DEBUG] Starting Html Report plugin
30-10-2021 17:20:13.414 [Gauge] [DEBUG] Attempting to connect to grpc server at port: 50928
30-10-2021 17:20:13.414 [Gauge] [DEBUG] Successfully made the connection with plugin with port: 50928
30-10-2021 17:20:13.414 [Gauge] [DEBUG] Initialising suite data store.
30-10-2021 17:20:13.504 [java] [INFO] Android  testi başlıyor
30-10-2021 17:20:23.384 [html-report] [DEBUG] Transformed SuiteResult to report structure
30-10-2021 17:20:25.288 [Gauge] [DEBUG] Sending kill message to Html Report plugin.
30-10-2021 17:20:25.289 [html-report] [INFO] Successfully generated html-report to => C:\Users\testinium\IdeaProjects\odev2doruk\reports\html-report\index.html
30-10-2021 17:20:25.289 [html-report] [DEBUG] Done generating HTML report using theme from C:\Users\testinium\AppData\Roaming\gauge\plugins\html-report\4.1.2\themes\default
30-10-2021 17:20:25.293 [java] [DEBUG] Killing Java runner...
30-10-2021 17:20:25.294 [java] [DEBUG] Stopping execution pool...
30-10-2021 17:20:25.295 [java] [DEBUG] Shutting down grpc server...
30-10-2021 17:20:25.311 [java] [DEBUG] Runner killed gracefully.
30-10-2021 17:20:26.174 [Gauge] [DEBUG] Runner with PID:8636 has exited
30-10-2021 17:20:26.175 [Gauge] [INFO] Specifications:	1 executed	0 passed	1 failed	0 skipped
30-10-2021 17:20:26.175 [Gauge] [INFO] Scenarios:	1 executed	0 passed	1 failed	0 skipped
30-10-2021 17:20:26.175 [Gauge] [INFO] 
Total time taken: 10.669s
30-10-2021 17:22:29.011 [Gauge] [DEBUG] Created gauge_screenshots_dir at C:\Users\testinium\IdeaProjects\odev2doruk\.gauge\screenshots
30-10-2021 17:22:29.013 [Gauge] [DEBUG] Plugin java is already installed.
30-10-2021 17:22:29.014 [Gauge] [DEBUG] Plugin html-report is already installed.
30-10-2021 17:22:29.015 [Gauge] [DEBUG] Parsing started.
30-10-2021 17:22:29.015 [Gauge] [DEBUG] Started concepts parsing.
30-10-2021 17:22:29.024 [Gauge] [DEBUG] 6 concepts parsing completed.
30-10-2021 17:22:29.024 [Gauge] [DEBUG] Started specifications parsing.
30-10-2021 17:22:29.025 [Gauge] [DEBUG] 1 specifications parsing completed.
30-10-2021 17:22:29.025 [Gauge] [DEBUG] Parsing completed.
30-10-2021 17:22:29.070 [java] [DEBUG] ***** Printing Properties/Env Values *****
30-10-2021 17:22:29.070 [java] [DEBUG] PATH: C:\Program Files (x86)\Common Files\Oracle\Java\javapath;C:\Windows\system32;C:\Windows;C:\Windows\System32\Wbem;C:\Windows\System32\WindowsPowerShell\v1.0\;C:\Windows\System32\OpenSSH\;C:\Program Files\NVIDIA Corporation\NVIDIA NvDLISR;C:\WINDOWS\system32;C:\WINDOWS;C:\WINDOWS\System32\Wbem;C:\WINDOWS\System32\WindowsPowerShell\v1.0\;C:\WINDOWS\System32\OpenSSH\;C:\Program Files\Git\cmd;C:\Program Files\nodejs\;C:\Program Files (x86)\Micro Focus\Unified Functional Testing\bin;%!J(MISSING)AVA_HOME%!\(MISSING)bin;C:\Program Files\maven\apache-maven-3.8.3\bin;C:\Program Files\maven\apache-maven-3.8.3\bin;C:\Program Files\Gauge\bin;C:\Program Files\Android\sdk\platform-tools;C:\Program Files\Android\sdk\build-tools\29.0.2;C:\Users\testinium\AppData\Local\Microsoft\WindowsApps;;C:\Program Files\JetBrains\IntelliJ IDEA Community Edition 2021.2.2\bin;;C:\Users\testinium\AppData\Roaming\npm;C:\Users\testinium\AppData\Roaming\gauge\plugins\screenshot\0.1.0
30-10-2021 17:22:29.070 [java] [DEBUG] JAVA_HOME: 
30-10-2021 17:22:29.070 [java] [DEBUG] gauge_project_root: C:\Users\testinium\IdeaProjects\odev2doruk
30-10-2021 17:22:29.070 [java] [DEBUG] gauge_parallel_streams_count: 8
30-10-2021 17:22:29.070 [java] [DEBUG] gauge_reports_dir: reports
30-10-2021 17:22:29.070 [java] [DEBUG] overwrite_reports: true
30-10-2021 17:22:29.070 [java] [DEBUG] logs_directory: logs
30-10-2021 17:22:29.070 [java] [DEBUG] enable_multithreading: false
30-10-2021 17:22:29.070 [java] [DEBUG] gauge_specs_dir: specs
30-10-2021 17:22:29.070 [java] [DEBUG] csv_delimiter: ,
30-10-2021 17:22:29.070 [java] [DEBUG] gauge_java_home: 
30-10-2021 17:22:29.070 [java] [DEBUG] gauge_custom_build_path: 
30-10-2021 17:22:29.070 [java] [DEBUG] gauge_additional_libs: libs/*
30-10-2021 17:22:29.070 [java] [DEBUG] gauge_jvm_args: 
30-10-2021 17:22:29.070 [java] [DEBUG] gauge_custom_compile_dir: 
30-10-2021 17:22:29.070 [java] [DEBUG] gauge_clear_state_level: scenario
30-10-2021 17:22:29.070 [java] [DEBUG] ***** END *****
30-10-2021 17:22:29.295 [Gauge] [DEBUG] Checking updates...
30-10-2021 17:22:29.297 [Gauge] [DEBUG] Downloading https://downloads.gauge.org/plugin/flash?l=java&p=flash,html-report,java,json-report,screenshot,spectacle,xml-report&o=windows&a=amd64
30-10-2021 17:22:29.696 [Gauge] [DEBUG] Downloading https://downloads.gauge.org/plugin/html-report?l=java&p=flash,html-report,java,json-report,screenshot,spectacle,xml-report&o=windows&a=amd64
30-10-2021 17:22:29.877 [Gauge] [DEBUG] Downloading https://downloads.gauge.org/plugin/java?l=java&p=flash,html-report,java,json-report,screenshot,spectacle,xml-report&o=windows&a=amd64
30-10-2021 17:22:30.049 [Gauge] [DEBUG] Downloading https://downloads.gauge.org/plugin/json-report?l=java&p=flash,html-report,java,json-report,screenshot,spectacle,xml-report&o=windows&a=amd64
30-10-2021 17:22:30.247 [Gauge] [DEBUG] Downloading https://downloads.gauge.org/plugin/screenshot?l=java&p=flash,html-report,java,json-report,screenshot,spectacle,xml-report&o=windows&a=amd64
30-10-2021 17:22:30.438 [Gauge] [DEBUG] Downloading https://downloads.gauge.org/plugin/spectacle?l=java&p=flash,html-report,java,json-report,screenshot,spectacle,xml-report&o=windows&a=amd64
30-10-2021 17:22:30.644 [Gauge] [DEBUG] Downloading https://downloads.gauge.org/plugin/xml-report?l=java&p=flash,html-report,java,json-report,screenshot,spectacle,xml-report&o=windows&a=amd64
30-10-2021 17:22:33.930 [java] [DEBUG] classpath set to C:\Users\testinium\.jdks\openjdk-17!\java.base;C:\Users\testinium\.jdks\openjdk-17!\java.compiler;C:\Users\testinium\.jdks\openjdk-17!\java.datatransfer;C:\Users\testinium\.jdks\openjdk-17!\java.desktop;C:\Users\testinium\.jdks\openjdk-17!\java.instrument;C:\Users\testinium\.jdks\openjdk-17!\java.logging;C:\Users\testinium\.jdks\openjdk-17!\java.management;C:\Users\testinium\.jdks\openjdk-17!\java.management.rmi;C:\Users\testinium\.jdks\openjdk-17!\java.naming;C:\Users\testinium\.jdks\openjdk-17!\java.net.http;C:\Users\testinium\.jdks\openjdk-17!\java.prefs;C:\Users\testinium\.jdks\openjdk-17!\java.rmi;C:\Users\testinium\.jdks\openjdk-17!\java.scripting;C:\Users\testinium\.jdks\openjdk-17!\java.se;C:\Users\testinium\.jdks\openjdk-17!\java.security.jgss;C:\Users\testinium\.jdks\openjdk-17!\java.security.sasl;C:\Users\testinium\.jdks\openjdk-17!\java.smartcardio;C:\Users\testinium\.jdks\openjdk-17!\java.sql;C:\Users\testinium\.jdks\openjdk-17!\java.sql.rowset;C:\Users\testinium\.jdks\openjdk-17!\java.transaction.xa;C:\Users\testinium\.jdks\openjdk-17!\java.xml;C:\Users\testinium\.jdks\openjdk-17!\java.xml.crypto;C:\Users\testinium\.jdks\openjdk-17!\jdk.accessibility;C:\Users\testinium\.jdks\openjdk-17!\jdk.attach;C:\Users\testinium\.jdks\openjdk-17!\jdk.charsets;C:\Users\testinium\.jdks\openjdk-17!\jdk.compiler;C:\Users\testinium\.jdks\openjdk-17!\jdk.crypto.cryptoki;C:\Users\testinium\.jdks\openjdk-17!\jdk.crypto.ec;C:\Users\testinium\.jdks\openjdk-17!\jdk.crypto.mscapi;C:\Users\testinium\.jdks\openjdk-17!\jdk.dynalink;C:\Users\testinium\.jdks\openjdk-17!\jdk.editpad;C:\Users\testinium\.jdks\openjdk-17!\jdk.hotspot.agent;C:\Users\testinium\.jdks\openjdk-17!\jdk.httpserver;C:\Users\testinium\.jdks\openjdk-17!\jdk.incubator.foreign;C:\Users\testinium\.jdks\openjdk-17!\jdk.incubator.vector;C:\Users\testinium\.jdks\openjdk-17!\jdk.internal.ed;C:\Users\testinium\.jdks\openjdk-17!\jdk.internal.jvmstat;C:\Users\testinium\.jdks\openjdk-17!\jdk.internal.le;C:\Users\testinium\.jdks\openjdk-17!\jdk.internal.opt;C:\Users\testinium\.jdks\openjdk-17!\jdk.internal.vm.ci;C:\Users\testinium\.jdks\openjdk-17!\jdk.internal.vm.compiler;C:\Users\testinium\.jdks\openjdk-17!\jdk.internal.vm.compiler.management;C:\Users\testinium\.jdks\openjdk-17!\jdk.jartool;C:\Users\testinium\.jdks\openjdk-17!\jdk.javadoc;C:\Users\testinium\.jdks\openjdk-17!\jdk.jcmd;C:\Users\testinium\.jdks\openjdk-17!\jdk.jconsole;C:\Users\testinium\.jdks\openjdk-17!\jdk.jdeps;C:\Users\testinium\.jdks\openjdk-17!\jdk.jdi;C:\Users\testinium\.jdks\openjdk-17!\jdk.jdwp.agent;C:\Users\testinium\.jdks\openjdk-17!\jdk.jfr;C:\Users\testinium\.jdks\openjdk-17!\jdk.jlink;C:\Users\testinium\.jdks\openjdk-17!\jdk.jpackage;C:\Users\testinium\.jdks\openjdk-17!\jdk.jshell;C:\Users\testinium\.jdks\openjdk-17!\jdk.jsobject;C:\Users\testinium\.jdks\openjdk-17!\jdk.jstatd;C:\Users\testinium\.jdks\openjdk-17!\jdk.localedata;C:\Users\testinium\.jdks\openjdk-17!\jdk.management;C:\Users\testinium\.jdks\openjdk-17!\jdk.management.agent;C:\Users\testinium\.jdks\openjdk-17!\jdk.management.jfr;C:\Users\testinium\.jdks\openjdk-17!\jdk.naming.dns;C:\Users\testinium\.jdks\openjdk-17!\jdk.naming.rmi;C:\Users\testinium\.jdks\openjdk-17!\jdk.net;C:\Users\testinium\.jdks\openjdk-17!\jdk.nio.mapmode;C:\Users\testinium\.jdks\openjdk-17!\jdk.random;C:\Users\testinium\.jdks\openjdk-17!\jdk.sctp;C:\Users\testinium\.jdks\openjdk-17!\jdk.security.auth;C:\Users\testinium\.jdks\openjdk-17!\jdk.security.jgss;C:\Users\testinium\.jdks\openjdk-17!\jdk.unsupported;C:\Users\testinium\.jdks\openjdk-17!\jdk.unsupported.desktop;C:\Users\testinium\.jdks\openjdk-17!\jdk.xml.dom;C:\Users\testinium\.jdks\openjdk-17!\jdk.zipfs;C:\Users\testinium\IdeaProjects\odev2doruk\target\test-classes;C:\Users\testinium\.m2\repository\junit\junit\4.12\junit-4.12.jar;C:\Users\testinium\.m2\repository\org\hamcrest\hamcrest-core\1.3\hamcrest-core-1.3.jar;C:\Users\testinium\.m2\repository\com\thoughtworks\gauge\gauge-java\0.7.15\gauge-java-0.7.15.jar;C:\Users\testinium\.m2\repository\org\assertj\assertj-core\3.19.0\assertj-core-3.19.0.jar;C:\Users\testinium\.m2\repository\org\reflections\reflections\0.9.9\reflections-0.9.9.jar;C:\Users\testinium\.m2\repository\org\javassist\javassist\3.18.2-GA\javassist-3.18.2-GA.jar;C:\Users\testinium\.m2\repository\com\google\code\findbugs\annotations\2.0.1\annotations-2.0.1.jar;C:\Users\testinium\.m2\repository\com\github\javaparser\javaparser-core\3.16.3\javaparser-core-3.16.3.jar;C:\Users\testinium\.m2\repository\commons-io\commons-io\2.8.0\commons-io-2.8.0.jar;C:\Users\testinium\.m2\repository\commons-lang\commons-lang\2.6\commons-lang-2.6.jar;C:\Users\testinium\.m2\repository\org\json\json\20210307\json-20210307.jar;C:\Users\testinium\.m2\repository\com\google\protobuf\protobuf-java\3.15.8\protobuf-java-3.15.8.jar;C:\Users\testinium\.m2\repository\com\google\guava\guava\30.1.1-jre\guava-30.1.1-jre.jar;C:\Users\testinium\.m2\repository\com\google\guava\failureaccess\1.0.1\failureaccess-1.0.1.jar;C:\Users\testinium\.m2\repository\com\google\guava\listenablefuture\9999.0-empty-to-avoid-conflict-with-guava\listenablefuture-9999.0-empty-to-avoid-conflict-with-guava.jar;C:\Users\testinium\.m2\repository\com\google\code\findbugs\jsr305\3.0.2\jsr305-3.0.2.jar;C:\Users\testinium\.m2\repository\org\checkerframework\checker-qual\3.8.0\checker-qual-3.8.0.jar;C:\Users\testinium\.m2\repository\com\google\errorprone\error_prone_annotations\2.5.1\error_prone_annotations-2.5.1.jar;C:\Users\testinium\.m2\repository\com\google\j2objc\j2objc-annotations\1.3\j2objc-annotations-1.3.jar;C:\Users\testinium\.m2\repository\io\grpc\grpc-netty-shaded\1.37.0\grpc-netty-shaded-1.37.0.jar;C:\Users\testinium\.m2\repository\io\grpc\grpc-core\1.37.0\grpc-core-1.37.0.jar;C:\Users\testinium\.m2\repository\com\google\android\annotations\4.1.1.4\annotations-4.1.1.4.jar;C:\Users\testinium\.m2\repository\io\perfmark\perfmark-api\0.23.0\perfmark-api-0.23.0.jar;C:\Users\testinium\.m2\repository\io\grpc\grpc-protobuf\1.37.0\grpc-protobuf-1.37.0.jar;C:\Users\testinium\.m2\repository\io\grpc\grpc-api\1.37.0\grpc-api-1.37.0.jar;C:\Users\testinium\.m2\repository\io\grpc\grpc-context\1.37.0\grpc-context-1.37.0.jar;C:\Users\testinium\.m2\repository\com\google\api\grpc\proto-google-common-protos\2.0.1\proto-google-common-protos-2.0.1.jar;C:\Users\testinium\.m2\repository\io\grpc\grpc-protobuf-lite\1.37.0\grpc-protobuf-lite-1.37.0.jar;C:\Users\testinium\.m2\repository\org\codehaus\mojo\animal-sniffer-annotations\1.19\animal-sniffer-annotations-1.19.jar;C:\Users\testinium\.m2\repository\io\grpc\grpc-stub\1.37.0\grpc-stub-1.37.0.jar;C:\Users\testinium\.m2\repository\javax\annotation\javax.annotation-api\1.3.2\javax.annotation-api-1.3.2.jar;C:\Users\testinium\.m2\repository\io\appium\java-client\7.3.0\java-client-7.3.0.jar;C:\Users\testinium\.m2\repository\org\seleniumhq\selenium\selenium-java\3.141.59\selenium-java-3.141.59.jar;C:\Users\testinium\.m2\repository\org\seleniumhq\selenium\selenium-chrome-driver\3.141.59\selenium-chrome-driver-3.141.59.jar;C:\Users\testinium\.m2\repository\org\seleniumhq\selenium\selenium-edge-driver\3.141.59\selenium-edge-driver-3.141.59.jar;C:\Users\testinium\.m2\repository\org\seleniumhq\selenium\selenium-firefox-driver\3.141.59\selenium-firefox-driver-3.141.59.jar;C:\Users\testinium\.m2\repository\org\seleniumhq\selenium\selenium-ie-driver\3.141.59\selenium-ie-driver-3.141.59.jar;C:\Users\testinium\.m2\repository\org\seleniumhq\selenium\selenium-opera-driver\3.141.59\selenium-opera-driver-3.141.59.jar;C:\Users\testinium\.m2\repository\org\seleniumhq\selenium\selenium-remote-driver\3.141.59\selenium-remote-driver-3.141.59.jar;C:\Users\testinium\.m2\repository\org\seleniumhq\selenium\selenium-safari-driver\3.141.59\selenium-safari-driver-3.141.59.jar;C:\Users\testinium\.m2\repository\net\bytebuddy\byte-buddy\1.8.15\byte-buddy-1.8.15.jar;C:\Users\testinium\.m2\repository\org\apache\commons\commons-exec\1.3\commons-exec-1.3.jar;C:\Users\testinium\.m2\repository\com\squareup\okhttp3\okhttp\3.11.0\okhttp-3.11.0.jar;C:\Users\testinium\.m2\repository\com\squareup\okio\okio\1.14.0\okio-1.14.0.jar;C:\Users\testinium\.m2\repository\org\seleniumhq\selenium\selenium-support\3.141.59\selenium-support-3.141.59.jar;C:\Users\testinium\.m2\repository\org\seleniumhq\selenium\selenium-api\3.141.59\selenium-api-3.141.59.jar;C:\Users\testinium\.m2\repository\com\google\code\gson\gson\2.8.5\gson-2.8.5.jar;C:\Users\testinium\.m2\repository\org\apache\httpcomponents\httpclient\4.5.9\httpclient-4.5.9.jar;C:\Users\testinium\.m2\repository\org\apache\httpcomponents\httpcore\4.4.11\httpcore-4.4.11.jar;C:\Users\testinium\.m2\repository\commons-logging\commons-logging\1.2\commons-logging-1.2.jar;C:\Users\testinium\.m2\repository\commons-codec\commons-codec\1.11\commons-codec-1.11.jar;C:\Users\testinium\.m2\repository\cglib\cglib\3.2.12\cglib-3.2.12.jar;C:\Users\testinium\.m2\repository\org\ow2\asm\asm\7.1\asm-7.1.jar;C:\Users\testinium\.m2\repository\commons-validator\commons-validator\1.6\commons-validator-1.6.jar;C:\Users\testinium\.m2\repository\commons-beanutils\commons-beanutils\1.9.2\commons-beanutils-1.9.2.jar;C:\Users\testinium\.m2\repository\commons-digester\commons-digester\1.8.1\commons-digester-1.8.1.jar;C:\Users\testinium\.m2\repository\commons-collections\commons-collections\3.2.2\commons-collections-3.2.2.jar;C:\Users\testinium\.m2\repository\org\apache\commons\commons-lang3\3.9\commons-lang3-3.9.jar;C:\Users\testinium\.m2\repository\org\springframework\spring-context\5.1.8.RELEASE\spring-context-5.1.8.RELEASE.jar;C:\Users\testinium\.m2\repository\org\springframework\spring-aop\5.1.8.RELEASE\spring-aop-5.1.8.RELEASE.jar;C:\Users\testinium\.m2\repository\org\springframework\spring-beans\5.1.8.RELEASE\spring-beans-5.1.8.RELEASE.jar;C:\Users\testinium\.m2\repository\org\springframework\spring-core\5.1.8.RELEASE\spring-core-5.1.8.RELEASE.jar;C:\Users\testinium\.m2\repository\org\springframework\spring-jcl\5.1.8.RELEASE\spring-jcl-5.1.8.RELEASE.jar;C:\Users\testinium\.m2\repository\org\springframework\spring-expression\5.1.8.RELEASE\spring-expression-5.1.8.RELEASE.jar;C:\Users\testinium\.m2\repository\org\aspectj\aspectjweaver\1.9.4\aspectjweaver-1.9.4.jar;C:\Users\testinium\.m2\repository\org\slf4j\slf4j-api\1.7.30\slf4j-api-1.7.30.jar;C:\Users\testinium\.m2\repository\org\slf4j\slf4j-log4j12\1.7.30\slf4j-log4j12-1.7.30.jar;C:\Users\testinium\.m2\repository\log4j\log4j\1.2.17\log4j-1.2.17.jar;C:\Users\testinium\.m2\repository\org\junit\jupiter\junit-jupiter\5.8.1\junit-jupiter-5.8.1.jar;C:\Users\testinium\.m2\repository\org\junit\jupiter\junit-jupiter-api\5.8.1\junit-jupiter-api-5.8.1.jar;C:\Users\testinium\.m2\repository\org\opentest4j\opentest4j\1.2.0\opentest4j-1.2.0.jar;C:\Users\testinium\.m2\repository\org\junit\platform\junit-platform-commons\1.8.1\junit-platform-commons-1.8.1.jar;C:\Users\testinium\.m2\repository\org\apiguardian\apiguardian-api\1.1.2\apiguardian-api-1.1.2.jar;C:\Users\testinium\.m2\repository\org\junit\jupiter\junit-jupiter-params\5.8.1\junit-jupiter-params-5.8.1.jar;C:\Users\testinium\.m2\repository\org\junit\jupiter\junit-jupiter-engine\5.8.1\junit-jupiter-engine-5.8.1.jar;C:\Users\testinium\.m2\repository\org\junit\platform\junit-platform-engine\1.8.1\junit-platform-engine-1.8.1.jar
30-10-2021 17:22:33.931 [java] [DEBUG] found java executable in java.exe
30-10-2021 17:22:33.931 [java] [DEBUG] running - java.exe [-Dfile.encoding=UTF-8 com.thoughtworks.gauge.GaugeRuntime --start]
30-10-2021 17:22:33.932 [java] [DEBUG] stdout/stderr is logged to logs\16276-java.exe.out
30-10-2021 17:22:34.218 [java] [DEBUG] multithreading is set to false
30-10-2021 17:22:34.680 [java] [DEBUG] Using reflection to scan dependencies for gauge implementations...
30-10-2021 17:22:35.303 [java] [DEBUG] gauge-java took 1086milliseconds to load and scan. This should be less than 'runner_connection_timeout' config value.
30-10-2021 17:22:35.303 [java] [DEBUG] run 'gauge config runner_connection_timeout' and verify that it is < 1086
30-10-2021 17:22:35.303 [java] [DEBUG] starting gRPC server...
30-10-2021 17:22:35.709 [java] [DEBUG] started gRPC server on port 51047
30-10-2021 17:22:35.709 [Gauge] [DEBUG] Attempting to connect to grpc server at port: 51047
30-10-2021 17:22:35.829 [Gauge] [DEBUG] Successfully made the connection with runner with port: 51047
30-10-2021 17:22:35.829 [Gauge] [DEBUG] Validation started.
30-10-2021 17:22:37.637 [java] [DEBUG] Scanning packages for steps
30-10-2021 17:22:37.729 [java] [DEBUG] Comparing 'org.example.sayfalar.Kategori.checkCategoryPage' and 'org.example.sayfalar.Kategori.checkCategoryPage'
30-10-2021 17:22:37.729 [java] [DEBUG] Found Kategori Sayfası Kontrol in current project scope.
30-10-2021 17:22:37.730 [java] [DEBUG] Comparing 'org.example.StepImplementation.clickElementByid' and 'org.example.StepImplementation.clickElementByid'
30-10-2021 17:22:37.730 [java] [DEBUG] Found {} İd'li elemente tıkla in current project scope.
30-10-2021 17:22:37.731 [java] [DEBUG] Comparing 'org.example.sayfalar.Giriş.checkLogin' and 'org.example.sayfalar.Giriş.checkLogin'
30-10-2021 17:22:37.731 [java] [DEBUG] Found Login page doğrulama in current project scope.
30-10-2021 17:22:37.731 [java] [DEBUG] Comparing 'org.example.sayfalar.Alışveriş.checkShopping' and 'org.example.sayfalar.Alışveriş.checkShopping'
30-10-2021 17:22:37.731 [java] [DEBUG] Found Alışveriş Sayfası Doğrula in current project scope.
30-10-2021 17:22:37.732 [java] [DEBUG] Comparing 'org.example.StepImplementation.clickElementByxpath' and 'org.example.StepImplementation.clickElementByxpath'
30-10-2021 17:22:37.732 [java] [DEBUG] Found {} xpath'li elemente tıkla in current project scope.
30-10-2021 17:22:37.732 [java] [DEBUG] Comparing 'org.example.StepImplementation.ScrollRandomPos' and 'org.example.StepImplementation.ScrollRandomPos'
30-10-2021 17:22:37.732 [java] [DEBUG] Found sayfa boyunca scroll et in current project scope.
30-10-2021 17:22:37.732 [java] [DEBUG] Comparing 'org.example.StepImplementation.waitSeconds' and 'org.example.StepImplementation.waitSeconds'
30-10-2021 17:22:37.733 [java] [DEBUG] Found {} saniye bekle in current project scope.
30-10-2021 17:22:37.733 [java] [DEBUG] Comparing 'org.example.StepImplementation.SendkeyElementByid' and 'org.example.StepImplementation.SendkeyElementByid'
30-10-2021 17:22:37.733 [java] [DEBUG] Found {} İd'li elemente {} değerini yaz in current project scope.
30-10-2021 17:22:37.734 [java] [DEBUG] Comparing 'org.example.StepImplementation.findAllProducts' and 'org.example.StepImplementation.findAllProducts'
30-10-2021 17:22:37.734 [java] [DEBUG] Found {} xpath'te bulunan sayfada görünen tüm ürünleri bul ve rastgele bir ürüne tıkla in current project scope.
30-10-2021 17:22:37.734 [java] [DEBUG] Comparing 'org.example.sayfalar.Anasayfa.open' and 'org.example.sayfalar.Anasayfa.open'
30-10-2021 17:22:37.734 [java] [DEBUG] Found Açılış Sayfası Kontrol in current project scope.
30-10-2021 17:22:37.735 [java] [DEBUG] Comparing 'org.example.StepImplementation.addToBasket' and 'org.example.StepImplementation.addToBasket'
30-10-2021 17:22:37.735 [java] [DEBUG] Found Sepete ekle in current project scope.
30-10-2021 17:22:37.735 [java] [DEBUG] Comparing 'org.example.sayfalar.Ürün.checkProductDetail' and 'org.example.sayfalar.Ürün.checkProductDetail'
30-10-2021 17:22:37.735 [java] [DEBUG] Found Product detail sayfası doğrulama in current project scope.
30-10-2021 17:22:37.736 [java] [DEBUG] Scanning packages for hooks
30-10-2021 17:22:37.758 [java] [DEBUG] Scanned steps (using static parsing + reflections): 
30-10-2021 17:22:37.758 [java] [DEBUG] 	Sepete ekle : public void addToBasket()
30-10-2021 17:22:37.758 [java] [DEBUG] 	{} xpath'li elemente tıkla : public void clickElementByxpath(String Key)
30-10-2021 17:22:37.758 [java] [DEBUG] 	Kategori Sayfası Kontrol : public void checkCategoryPage()
30-10-2021 17:22:37.758 [java] [DEBUG] 	Alışveriş Sayfası Doğrula : public void checkShopping()
30-10-2021 17:22:37.759 [java] [DEBUG] 	Açılış Sayfası Kontrol : public void open()
30-10-2021 17:22:37.759 [java] [DEBUG] 	{} İd'li elemente {} değerini yaz : public void SendkeyElementByid(String Key, String keyword)
30-10-2021 17:22:37.759 [java] [DEBUG] 	Product detail sayfası doğrulama : public void checkProductDetail()
30-10-2021 17:22:37.760 [java] [DEBUG] 	sayfa boyunca scroll et : public void ScrollRandomPos()
30-10-2021 17:22:37.760 [java] [DEBUG] 	{} saniye bekle : public void waitSeconds(ınt seconds)
30-10-2021 17:22:37.760 [java] [DEBUG] 	{} xpath'te bulunan sayfada görünen tüm ürünleri bul ve rastgele bir ürüne tıkla : public void findAllProducts(String Key)
30-10-2021 17:22:37.760 [java] [DEBUG] 	Login page doğrulama : public void checkLogin()
30-10-2021 17:22:37.760 [java] [DEBUG] 	{} İd'li elemente tıkla : public void clickElementByid(String Key)
30-10-2021 17:22:43.233 [Gauge] [DEBUG] Validation completed.
30-10-2021 17:22:43.236 [Gauge] [DEBUG] Run started
30-10-2021 17:22:43.243 [Gauge] [DEBUG] Starting Html Report plugin
30-10-2021 17:22:43.307 [Gauge] [DEBUG] Attempting to connect to grpc server at port: 51051
30-10-2021 17:22:43.309 [Gauge] [DEBUG] Successfully made the connection with plugin with port: 51051
30-10-2021 17:22:43.309 [Gauge] [DEBUG] Initialising suite data store.
30-10-2021 17:22:43.424 [java] [INFO] Android  testi başlıyor
30-10-2021 17:22:49.066 [html-report] [DEBUG] Transformed SuiteResult to report structure
30-10-2021 17:22:49.202 [html-report] [INFO] Successfully generated html-report to => C:\Users\testinium\IdeaProjects\odev2doruk\reports\html-report\index.html
30-10-2021 17:22:49.202 [html-report] [DEBUG] Done generating HTML report using theme from C:\Users\testinium\AppData\Roaming\gauge\plugins\html-report\4.1.2\themes\default
30-10-2021 17:22:49.202 [Gauge] [DEBUG] Sending kill message to Html Report plugin.
30-10-2021 17:22:49.205 [java] [DEBUG] Killing Java runner...
30-10-2021 17:22:49.209 [java] [DEBUG] Stopping execution pool...
30-10-2021 17:22:49.210 [java] [DEBUG] Shutting down grpc server...
30-10-2021 17:22:49.243 [java] [DEBUG] Runner killed gracefully.
30-10-2021 17:22:50.195 [Gauge] [DEBUG] Runner with PID:16276 has exited
30-10-2021 17:22:50.195 [Gauge] [INFO] Specifications:	1 executed	0 passed	1 failed	0 skipped
30-10-2021 17:22:50.195 [Gauge] [INFO] Scenarios:	1 executed	0 passed	1 failed	0 skipped
30-10-2021 17:22:50.195 [Gauge] [INFO] 
Total time taken: 5.825s
30-10-2021 17:26:36.104 [Gauge] [DEBUG] Created gauge_screenshots_dir at C:\Users\testinium\IdeaProjects\odev2doruk\.gauge\screenshots
30-10-2021 17:26:36.109 [Gauge] [DEBUG] Plugin java is already installed.
30-10-2021 17:26:36.111 [Gauge] [DEBUG] Plugin html-report is already installed.
30-10-2021 17:26:36.113 [Gauge] [DEBUG] Parsing started.
30-10-2021 17:26:36.113 [Gauge] [DEBUG] Started concepts parsing.
30-10-2021 17:26:36.130 [Gauge] [DEBUG] 6 concepts parsing completed.
30-10-2021 17:26:36.130 [Gauge] [DEBUG] Started specifications parsing.
30-10-2021 17:26:36.131 [Gauge] [DEBUG] 1 specifications parsing completed.
30-10-2021 17:26:36.131 [Gauge] [DEBUG] Parsing completed.
30-10-2021 17:26:36.191 [java] [DEBUG] ***** Printing Properties/Env Values *****
30-10-2021 17:26:36.191 [java] [DEBUG] PATH: C:\Program Files (x86)\Common Files\Oracle\Java\javapath;C:\Windows\system32;C:\Windows;C:\Windows\System32\Wbem;C:\Windows\System32\WindowsPowerShell\v1.0\;C:\Windows\System32\OpenSSH\;C:\Program Files\NVIDIA Corporation\NVIDIA NvDLISR;C:\WINDOWS\system32;C:\WINDOWS;C:\WINDOWS\System32\Wbem;C:\WINDOWS\System32\WindowsPowerShell\v1.0\;C:\WINDOWS\System32\OpenSSH\;C:\Program Files\Git\cmd;C:\Program Files\nodejs\;C:\Program Files (x86)\Micro Focus\Unified Functional Testing\bin;%!J(MISSING)AVA_HOME%!\(MISSING)bin;C:\Program Files\maven\apache-maven-3.8.3\bin;C:\Program Files\maven\apache-maven-3.8.3\bin;C:\Program Files\Gauge\bin;C:\Program Files\Android\sdk\platform-tools;C:\Program Files\Android\sdk\build-tools\29.0.2;C:\Users\testinium\AppData\Local\Microsoft\WindowsApps;;C:\Program Files\JetBrains\IntelliJ IDEA Community Edition 2021.2.2\bin;;C:\Users\testinium\AppData\Roaming\npm;C:\Users\testinium\AppData\Roaming\gauge\plugins\screenshot\0.1.0
30-10-2021 17:26:36.191 [java] [DEBUG] JAVA_HOME: 
30-10-2021 17:26:36.191 [java] [DEBUG] gauge_project_root: C:\Users\testinium\IdeaProjects\odev2doruk
30-10-2021 17:26:36.191 [java] [DEBUG] gauge_parallel_streams_count: 8
30-10-2021 17:26:36.191 [java] [DEBUG] gauge_reports_dir: reports
30-10-2021 17:26:36.191 [java] [DEBUG] overwrite_reports: true
30-10-2021 17:26:36.191 [java] [DEBUG] logs_directory: logs
30-10-2021 17:26:36.191 [java] [DEBUG] enable_multithreading: false
30-10-2021 17:26:36.191 [java] [DEBUG] gauge_specs_dir: specs
30-10-2021 17:26:36.191 [java] [DEBUG] csv_delimiter: ,
30-10-2021 17:26:36.191 [java] [DEBUG] gauge_java_home: 
30-10-2021 17:26:36.191 [java] [DEBUG] gauge_custom_build_path: 
30-10-2021 17:26:36.191 [java] [DEBUG] gauge_additional_libs: libs/*
30-10-2021 17:26:36.191 [java] [DEBUG] gauge_jvm_args: 
30-10-2021 17:26:36.191 [java] [DEBUG] gauge_custom_compile_dir: 
30-10-2021 17:26:36.191 [java] [DEBUG] gauge_clear_state_level: scenario
30-10-2021 17:26:36.191 [java] [DEBUG] ***** END *****
30-10-2021 17:26:36.441 [Gauge] [DEBUG] Checking updates...
30-10-2021 17:26:36.443 [Gauge] [DEBUG] Downloading https://downloads.gauge.org/plugin/flash?l=java&p=flash,html-report,java,json-report,screenshot,spectacle,xml-report&o=windows&a=amd64
30-10-2021 17:26:36.758 [Gauge] [DEBUG] Downloading https://downloads.gauge.org/plugin/html-report?l=java&p=flash,html-report,java,json-report,screenshot,spectacle,xml-report&o=windows&a=amd64
30-10-2021 17:26:36.948 [Gauge] [DEBUG] Downloading https://downloads.gauge.org/plugin/java?l=java&p=flash,html-report,java,json-report,screenshot,spectacle,xml-report&o=windows&a=amd64
30-10-2021 17:26:37.100 [Gauge] [DEBUG] Downloading https://downloads.gauge.org/plugin/json-report?l=java&p=flash,html-report,java,json-report,screenshot,spectacle,xml-report&o=windows&a=amd64
30-10-2021 17:26:37.266 [Gauge] [DEBUG] Downloading https://downloads.gauge.org/plugin/screenshot?l=java&p=flash,html-report,java,json-report,screenshot,spectacle,xml-report&o=windows&a=amd64
30-10-2021 17:26:37.447 [Gauge] [DEBUG] Downloading https://downloads.gauge.org/plugin/spectacle?l=java&p=flash,html-report,java,json-report,screenshot,spectacle,xml-report&o=windows&a=amd64
30-10-2021 17:26:37.655 [Gauge] [DEBUG] Downloading https://downloads.gauge.org/plugin/xml-report?l=java&p=flash,html-report,java,json-report,screenshot,spectacle,xml-report&o=windows&a=amd64
30-10-2021 17:26:40.781 [java] [DEBUG] classpath set to C:\Users\testinium\.jdks\openjdk-17!\java.base;C:\Users\testinium\.jdks\openjdk-17!\java.compiler;C:\Users\testinium\.jdks\openjdk-17!\java.datatransfer;C:\Users\testinium\.jdks\openjdk-17!\java.desktop;C:\Users\testinium\.jdks\openjdk-17!\java.instrument;C:\Users\testinium\.jdks\openjdk-17!\java.logging;C:\Users\testinium\.jdks\openjdk-17!\java.management;C:\Users\testinium\.jdks\openjdk-17!\java.management.rmi;C:\Users\testinium\.jdks\openjdk-17!\java.naming;C:\Users\testinium\.jdks\openjdk-17!\java.net.http;C:\Users\testinium\.jdks\openjdk-17!\java.prefs;C:\Users\testinium\.jdks\openjdk-17!\java.rmi;C:\Users\testinium\.jdks\openjdk-17!\java.scripting;C:\Users\testinium\.jdks\openjdk-17!\java.se;C:\Users\testinium\.jdks\openjdk-17!\java.security.jgss;C:\Users\testinium\.jdks\openjdk-17!\java.security.sasl;C:\Users\testinium\.jdks\openjdk-17!\java.smartcardio;C:\Users\testinium\.jdks\openjdk-17!\java.sql;C:\Users\testinium\.jdks\openjdk-17!\java.sql.rowset;C:\Users\testinium\.jdks\openjdk-17!\java.transaction.xa;C:\Users\testinium\.jdks\openjdk-17!\java.xml;C:\Users\testinium\.jdks\openjdk-17!\java.xml.crypto;C:\Users\testinium\.jdks\openjdk-17!\jdk.accessibility;C:\Users\testinium\.jdks\openjdk-17!\jdk.attach;C:\Users\testinium\.jdks\openjdk-17!\jdk.charsets;C:\Users\testinium\.jdks\openjdk-17!\jdk.compiler;C:\Users\testinium\.jdks\openjdk-17!\jdk.crypto.cryptoki;C:\Users\testinium\.jdks\openjdk-17!\jdk.crypto.ec;C:\Users\testinium\.jdks\openjdk-17!\jdk.crypto.mscapi;C:\Users\testinium\.jdks\openjdk-17!\jdk.dynalink;C:\Users\testinium\.jdks\openjdk-17!\jdk.editpad;C:\Users\testinium\.jdks\openjdk-17!\jdk.hotspot.agent;C:\Users\testinium\.jdks\openjdk-17!\jdk.httpserver;C:\Users\testinium\.jdks\openjdk-17!\jdk.incubator.foreign;C:\Users\testinium\.jdks\openjdk-17!\jdk.incubator.vector;C:\Users\testinium\.jdks\openjdk-17!\jdk.internal.ed;C:\Users\testinium\.jdks\openjdk-17!\jdk.internal.jvmstat;C:\Users\testinium\.jdks\openjdk-17!\jdk.internal.le;C:\Users\testinium\.jdks\openjdk-17!\jdk.internal.opt;C:\Users\testinium\.jdks\openjdk-17!\jdk.internal.vm.ci;C:\Users\testinium\.jdks\openjdk-17!\jdk.internal.vm.compiler;C:\Users\testinium\.jdks\openjdk-17!\jdk.internal.vm.compiler.management;C:\Users\testinium\.jdks\openjdk-17!\jdk.jartool;C:\Users\testinium\.jdks\openjdk-17!\jdk.javadoc;C:\Users\testinium\.jdks\openjdk-17!\jdk.jcmd;C:\Users\testinium\.jdks\openjdk-17!\jdk.jconsole;C:\Users\testinium\.jdks\openjdk-17!\jdk.jdeps;C:\Users\testinium\.jdks\openjdk-17!\jdk.jdi;C:\Users\testinium\.jdks\openjdk-17!\jdk.jdwp.agent;C:\Users\testinium\.jdks\openjdk-17!\jdk.jfr;C:\Users\testinium\.jdks\openjdk-17!\jdk.jlink;C:\Users\testinium\.jdks\openjdk-17!\jdk.jpackage;C:\Users\testinium\.jdks\openjdk-17!\jdk.jshell;C:\Users\testinium\.jdks\openjdk-17!\jdk.jsobject;C:\Users\testinium\.jdks\openjdk-17!\jdk.jstatd;C:\Users\testinium\.jdks\openjdk-17!\jdk.localedata;C:\Users\testinium\.jdks\openjdk-17!\jdk.management;C:\Users\testinium\.jdks\openjdk-17!\jdk.management.agent;C:\Users\testinium\.jdks\openjdk-17!\jdk.management.jfr;C:\Users\testinium\.jdks\openjdk-17!\jdk.naming.dns;C:\Users\testinium\.jdks\openjdk-17!\jdk.naming.rmi;C:\Users\testinium\.jdks\openjdk-17!\jdk.net;C:\Users\testinium\.jdks\openjdk-17!\jdk.nio.mapmode;C:\Users\testinium\.jdks\openjdk-17!\jdk.random;C:\Users\testinium\.jdks\openjdk-17!\jdk.sctp;C:\Users\testinium\.jdks\openjdk-17!\jdk.security.auth;C:\Users\testinium\.jdks\openjdk-17!\jdk.security.jgss;C:\Users\testinium\.jdks\openjdk-17!\jdk.unsupported;C:\Users\testinium\.jdks\openjdk-17!\jdk.unsupported.desktop;C:\Users\testinium\.jdks\openjdk-17!\jdk.xml.dom;C:\Users\testinium\.jdks\openjdk-17!\jdk.zipfs;C:\Users\testinium\IdeaProjects\odev2doruk\target\test-classes;C:\Users\testinium\.m2\repository\junit\junit\4.12\junit-4.12.jar;C:\Users\testinium\.m2\repository\org\hamcrest\hamcrest-core\1.3\hamcrest-core-1.3.jar;C:\Users\testinium\.m2\repository\com\thoughtworks\gauge\gauge-java\0.7.15\gauge-java-0.7.15.jar;C:\Users\testinium\.m2\repository\org\assertj\assertj-core\3.19.0\assertj-core-3.19.0.jar;C:\Users\testinium\.m2\repository\org\reflections\reflections\0.9.9\reflections-0.9.9.jar;C:\Users\testinium\.m2\repository\org\javassist\javassist\3.18.2-GA\javassist-3.18.2-GA.jar;C:\Users\testinium\.m2\repository\com\google\code\findbugs\annotations\2.0.1\annotations-2.0.1.jar;C:\Users\testinium\.m2\repository\com\github\javaparser\javaparser-core\3.16.3\javaparser-core-3.16.3.jar;C:\Users\testinium\.m2\repository\commons-io\commons-io\2.8.0\commons-io-2.8.0.jar;C:\Users\testinium\.m2\repository\commons-lang\commons-lang\2.6\commons-lang-2.6.jar;C:\Users\testinium\.m2\repository\org\json\json\20210307\json-20210307.jar;C:\Users\testinium\.m2\repository\com\google\protobuf\protobuf-java\3.15.8\protobuf-java-3.15.8.jar;C:\Users\testinium\.m2\repository\com\google\guava\guava\30.1.1-jre\guava-30.1.1-jre.jar;C:\Users\testinium\.m2\repository\com\google\guava\failureaccess\1.0.1\failureaccess-1.0.1.jar;C:\Users\testinium\.m2\repository\com\google\guava\listenablefuture\9999.0-empty-to-avoid-conflict-with-guava\listenablefuture-9999.0-empty-to-avoid-conflict-with-guava.jar;C:\Users\testinium\.m2\repository\com\google\code\findbugs\jsr305\3.0.2\jsr305-3.0.2.jar;C:\Users\testinium\.m2\repository\org\checkerframework\checker-qual\3.8.0\checker-qual-3.8.0.jar;C:\Users\testinium\.m2\repository\com\google\errorprone\error_prone_annotations\2.5.1\error_prone_annotations-2.5.1.jar;C:\Users\testinium\.m2\repository\com\google\j2objc\j2objc-annotations\1.3\j2objc-annotations-1.3.jar;C:\Users\testinium\.m2\repository\io\grpc\grpc-netty-shaded\1.37.0\grpc-netty-shaded-1.37.0.jar;C:\Users\testinium\.m2\repository\io\grpc\grpc-core\1.37.0\grpc-core-1.37.0.jar;C:\Users\testinium\.m2\repository\com\google\android\annotations\4.1.1.4\annotations-4.1.1.4.jar;C:\Users\testinium\.m2\repository\io\perfmark\perfmark-api\0.23.0\perfmark-api-0.23.0.jar;C:\Users\testinium\.m2\repository\io\grpc\grpc-protobuf\1.37.0\grpc-protobuf-1.37.0.jar;C:\Users\testinium\.m2\repository\io\grpc\grpc-api\1.37.0\grpc-api-1.37.0.jar;C:\Users\testinium\.m2\repository\io\grpc\grpc-context\1.37.0\grpc-context-1.37.0.jar;C:\Users\testinium\.m2\repository\com\google\api\grpc\proto-google-common-protos\2.0.1\proto-google-common-protos-2.0.1.jar;C:\Users\testinium\.m2\repository\io\grpc\grpc-protobuf-lite\1.37.0\grpc-protobuf-lite-1.37.0.jar;C:\Users\testinium\.m2\repository\org\codehaus\mojo\animal-sniffer-annotations\1.19\animal-sniffer-annotations-1.19.jar;C:\Users\testinium\.m2\repository\io\grpc\grpc-stub\1.37.0\grpc-stub-1.37.0.jar;C:\Users\testinium\.m2\repository\javax\annotation\javax.annotation-api\1.3.2\javax.annotation-api-1.3.2.jar;C:\Users\testinium\.m2\repository\io\appium\java-client\7.3.0\java-client-7.3.0.jar;C:\Users\testinium\.m2\repository\org\seleniumhq\selenium\selenium-java\3.141.59\selenium-java-3.141.59.jar;C:\Users\testinium\.m2\repository\org\seleniumhq\selenium\selenium-chrome-driver\3.141.59\selenium-chrome-driver-3.141.59.jar;C:\Users\testinium\.m2\repository\org\seleniumhq\selenium\selenium-edge-driver\3.141.59\selenium-edge-driver-3.141.59.jar;C:\Users\testinium\.m2\repository\org\seleniumhq\selenium\selenium-firefox-driver\3.141.59\selenium-firefox-driver-3.141.59.jar;C:\Users\testinium\.m2\repository\org\seleniumhq\selenium\selenium-ie-driver\3.141.59\selenium-ie-driver-3.141.59.jar;C:\Users\testinium\.m2\repository\org\seleniumhq\selenium\selenium-opera-driver\3.141.59\selenium-opera-driver-3.141.59.jar;C:\Users\testinium\.m2\repository\org\seleniumhq\selenium\selenium-remote-driver\3.141.59\selenium-remote-driver-3.141.59.jar;C:\Users\testinium\.m2\repository\org\seleniumhq\selenium\selenium-safari-driver\3.141.59\selenium-safari-driver-3.141.59.jar;C:\Users\testinium\.m2\repository\net\bytebuddy\byte-buddy\1.8.15\byte-buddy-1.8.15.jar;C:\Users\testinium\.m2\repository\org\apache\commons\commons-exec\1.3\commons-exec-1.3.jar;C:\Users\testinium\.m2\repository\com\squareup\okhttp3\okhttp\3.11.0\okhttp-3.11.0.jar;C:\Users\testinium\.m2\repository\com\squareup\okio\okio\1.14.0\okio-1.14.0.jar;C:\Users\testinium\.m2\repository\org\seleniumhq\selenium\selenium-support\3.141.59\selenium-support-3.141.59.jar;C:\Users\testinium\.m2\repository\org\seleniumhq\selenium\selenium-api\3.141.59\selenium-api-3.141.59.jar;C:\Users\testinium\.m2\repository\com\google\code\gson\gson\2.8.5\gson-2.8.5.jar;C:\Users\testinium\.m2\repository\org\apache\httpcomponents\httpclient\4.5.9\httpclient-4.5.9.jar;C:\Users\testinium\.m2\repository\org\apache\httpcomponents\httpcore\4.4.11\httpcore-4.4.11.jar;C:\Users\testinium\.m2\repository\commons-logging\commons-logging\1.2\commons-logging-1.2.jar;C:\Users\testinium\.m2\repository\commons-codec\commons-codec\1.11\commons-codec-1.11.jar;C:\Users\testinium\.m2\repository\cglib\cglib\3.2.12\cglib-3.2.12.jar;C:\Users\testinium\.m2\repository\org\ow2\asm\asm\7.1\asm-7.1.jar;C:\Users\testinium\.m2\repository\commons-validator\commons-validator\1.6\commons-validator-1.6.jar;C:\Users\testinium\.m2\repository\commons-beanutils\commons-beanutils\1.9.2\commons-beanutils-1.9.2.jar;C:\Users\testinium\.m2\repository\commons-digester\commons-digester\1.8.1\commons-digester-1.8.1.jar;C:\Users\testinium\.m2\repository\commons-collections\commons-collections\3.2.2\commons-collections-3.2.2.jar;C:\Users\testinium\.m2\repository\org\apache\commons\commons-lang3\3.9\commons-lang3-3.9.jar;C:\Users\testinium\.m2\repository\org\springframework\spring-context\5.1.8.RELEASE\spring-context-5.1.8.RELEASE.jar;C:\Users\testinium\.m2\repository\org\springframework\spring-aop\5.1.8.RELEASE\spring-aop-5.1.8.RELEASE.jar;C:\Users\testinium\.m2\repository\org\springframework\spring-beans\5.1.8.RELEASE\spring-beans-5.1.8.RELEASE.jar;C:\Users\testinium\.m2\repository\org\springframework\spring-core\5.1.8.RELEASE\spring-core-5.1.8.RELEASE.jar;C:\Users\testinium\.m2\repository\org\springframework\spring-jcl\5.1.8.RELEASE\spring-jcl-5.1.8.RELEASE.jar;C:\Users\testinium\.m2\repository\org\springframework\spring-expression\5.1.8.RELEASE\spring-expression-5.1.8.RELEASE.jar;C:\Users\testinium\.m2\repository\org\aspectj\aspectjweaver\1.9.4\aspectjweaver-1.9.4.jar;C:\Users\testinium\.m2\repository\org\slf4j\slf4j-api\1.7.30\slf4j-api-1.7.30.jar;C:\Users\testinium\.m2\repository\org\slf4j\slf4j-log4j12\1.7.30\slf4j-log4j12-1.7.30.jar;C:\Users\testinium\.m2\repository\log4j\log4j\1.2.17\log4j-1.2.17.jar;C:\Users\testinium\.m2\repository\org\junit\jupiter\junit-jupiter\5.8.1\junit-jupiter-5.8.1.jar;C:\Users\testinium\.m2\repository\org\junit\jupiter\junit-jupiter-api\5.8.1\junit-jupiter-api-5.8.1.jar;C:\Users\testinium\.m2\repository\org\opentest4j\opentest4j\1.2.0\opentest4j-1.2.0.jar;C:\Users\testinium\.m2\repository\org\junit\platform\junit-platform-commons\1.8.1\junit-platform-commons-1.8.1.jar;C:\Users\testinium\.m2\repository\org\apiguardian\apiguardian-api\1.1.2\apiguardian-api-1.1.2.jar;C:\Users\testinium\.m2\repository\org\junit\jupiter\junit-jupiter-params\5.8.1\junit-jupiter-params-5.8.1.jar;C:\Users\testinium\.m2\repository\org\junit\jupiter\junit-jupiter-engine\5.8.1\junit-jupiter-engine-5.8.1.jar;C:\Users\testinium\.m2\repository\org\junit\platform\junit-platform-engine\1.8.1\junit-platform-engine-1.8.1.jar
30-10-2021 17:26:40.781 [java] [DEBUG] found java executable in java.exe
30-10-2021 17:26:40.782 [java] [DEBUG] running - java.exe [-Dfile.encoding=UTF-8 com.thoughtworks.gauge.GaugeRuntime --start]
30-10-2021 17:26:40.782 [java] [DEBUG] stdout/stderr is logged to logs\10296-java.exe.out
30-10-2021 17:26:41.155 [java] [DEBUG] multithreading is set to false
30-10-2021 17:26:41.668 [java] [DEBUG] Using reflection to scan dependencies for gauge implementations...
30-10-2021 17:26:42.279 [java] [DEBUG] gauge-java took 1124milliseconds to load and scan. This should be less than 'runner_connection_timeout' config value.
30-10-2021 17:26:42.279 [java] [DEBUG] run 'gauge config runner_connection_timeout' and verify that it is < 1124
30-10-2021 17:26:42.279 [java] [DEBUG] starting gRPC server...
30-10-2021 17:26:42.867 [java] [DEBUG] started gRPC server on port 51177
30-10-2021 17:26:42.867 [Gauge] [DEBUG] Attempting to connect to grpc server at port: 51177
30-10-2021 17:26:43.047 [Gauge] [DEBUG] Successfully made the connection with runner with port: 51177
30-10-2021 17:26:43.047 [Gauge] [DEBUG] Validation started.
30-10-2021 17:26:44.969 [java] [DEBUG] Scanning packages for steps
30-10-2021 17:26:45.083 [java] [DEBUG] Comparing 'org.example.sayfalar.Kategori.checkCategoryPage' and 'org.example.sayfalar.Kategori.checkCategoryPage'
30-10-2021 17:26:45.083 [java] [DEBUG] Found Kategori Sayfası Kontrol in current project scope.
30-10-2021 17:26:45.085 [java] [DEBUG] Comparing 'org.example.StepImplementation.clickElementByid' and 'org.example.StepImplementation.clickElementByid'
30-10-2021 17:26:45.085 [java] [DEBUG] Found {} İd'li elemente tıkla in current project scope.
30-10-2021 17:26:45.085 [java] [DEBUG] Comparing 'org.example.sayfalar.Giriş.checkLogin' and 'org.example.sayfalar.Giriş.checkLogin'
30-10-2021 17:26:45.085 [java] [DEBUG] Found Login page doğrulama in current project scope.
30-10-2021 17:26:45.086 [java] [DEBUG] Comparing 'org.example.sayfalar.Alışveriş.checkShopping' and 'org.example.sayfalar.Alışveriş.checkShopping'
30-10-2021 17:26:45.086 [java] [DEBUG] Found Alışveriş Sayfası Doğrula in current project scope.
30-10-2021 17:26:45.086 [java] [DEBUG] Comparing 'org.example.StepImplementation.clickElementByxpath' and 'org.example.StepImplementation.clickElementByxpath'
30-10-2021 17:26:45.086 [java] [DEBUG] Found {} xpath'li elemente tıkla in current project scope.
30-10-2021 17:26:45.088 [java] [DEBUG] Comparing 'org.example.StepImplementation.ScrollRandomPos' and 'org.example.StepImplementation.ScrollRandomPos'
30-10-2021 17:26:45.088 [java] [DEBUG] Found sayfa boyunca scroll et in current project scope.
30-10-2021 17:26:45.088 [java] [DEBUG] Comparing 'org.example.StepImplementation.waitSeconds' and 'org.example.StepImplementation.waitSeconds'
30-10-2021 17:26:45.088 [java] [DEBUG] Found {} saniye bekle in current project scope.
30-10-2021 17:26:45.089 [java] [DEBUG] Comparing 'org.example.StepImplementation.SendkeyElementByid' and 'org.example.StepImplementation.SendkeyElementByid'
30-10-2021 17:26:45.089 [java] [DEBUG] Found {} İd'li elemente {} değerini yaz in current project scope.
30-10-2021 17:26:45.090 [java] [DEBUG] Comparing 'org.example.StepImplementation.findAllProducts' and 'org.example.StepImplementation.findAllProducts'
30-10-2021 17:26:45.090 [java] [DEBUG] Found {} xpath'te bulunan sayfada görünen tüm ürünleri bul ve rastgele bir ürüne tıkla in current project scope.
30-10-2021 17:26:45.091 [java] [DEBUG] Comparing 'org.example.sayfalar.Anasayfa.open' and 'org.example.sayfalar.Anasayfa.open'
30-10-2021 17:26:45.091 [java] [DEBUG] Found Açılış Sayfası Kontrol in current project scope.
30-10-2021 17:26:45.091 [java] [DEBUG] Comparing 'org.example.StepImplementation.addToBasket' and 'org.example.StepImplementation.addToBasket'
30-10-2021 17:26:45.091 [java] [DEBUG] Found Sepete ekle in current project scope.
30-10-2021 17:26:45.092 [java] [DEBUG] Comparing 'org.example.sayfalar.Ürün.checkProductDetail' and 'org.example.sayfalar.Ürün.checkProductDetail'
30-10-2021 17:26:45.092 [java] [DEBUG] Found Product detail sayfası doğrulama in current project scope.
30-10-2021 17:26:45.092 [java] [DEBUG] Scanning packages for hooks
30-10-2021 17:26:45.117 [java] [DEBUG] Scanned steps (using static parsing + reflections): 
30-10-2021 17:26:45.119 [java] [DEBUG] 	Sepete ekle : public void addToBasket()
30-10-2021 17:26:45.119 [java] [DEBUG] 	{} xpath'li elemente tıkla : public void clickElementByxpath(String Key)
30-10-2021 17:26:45.120 [java] [DEBUG] 	Kategori Sayfası Kontrol : public void checkCategoryPage()
30-10-2021 17:26:45.120 [java] [DEBUG] 	Alışveriş Sayfası Doğrula : public void checkShopping()
30-10-2021 17:26:45.120 [java] [DEBUG] 	Açılış Sayfası Kontrol : public void open()
30-10-2021 17:26:45.120 [java] [DEBUG] 	{} İd'li elemente {} değerini yaz : public void SendkeyElementByid(String Key, String keyword)
30-10-2021 17:26:45.120 [java] [DEBUG] 	Product detail sayfası doğrulama : public void checkProductDetail()
30-10-2021 17:26:45.121 [java] [DEBUG] 	sayfa boyunca scroll et : public void ScrollRandomPos()
30-10-2021 17:26:45.121 [java] [DEBUG] 	{} saniye bekle : public void waitSeconds(ınt seconds)
30-10-2021 17:26:45.121 [java] [DEBUG] 	{} xpath'te bulunan sayfada görünen tüm ürünleri bul ve rastgele bir ürüne tıkla : public void findAllProducts(String Key)
30-10-2021 17:26:45.121 [java] [DEBUG] 	Login page doğrulama : public void checkLogin()
30-10-2021 17:26:45.121 [java] [DEBUG] 	{} İd'li elemente tıkla : public void clickElementByid(String Key)
30-10-2021 17:26:51.160 [Gauge] [DEBUG] Validation completed.
30-10-2021 17:26:51.163 [Gauge] [DEBUG] Run started
30-10-2021 17:26:51.167 [Gauge] [DEBUG] Starting Html Report plugin
30-10-2021 17:26:51.223 [Gauge] [DEBUG] Attempting to connect to grpc server at port: 51181
30-10-2021 17:26:51.225 [Gauge] [DEBUG] Successfully made the connection with plugin with port: 51181
30-10-2021 17:26:51.225 [Gauge] [DEBUG] Initialising suite data store.
30-10-2021 17:26:51.372 [java] [INFO] Android  testi başlıyor
30-10-2021 17:26:57.273 [html-report] [DEBUG] Transformed SuiteResult to report structure
30-10-2021 17:26:57.440 [html-report] [INFO] Successfully generated html-report to => C:\Users\testinium\IdeaProjects\odev2doruk\reports\html-report\index.html
30-10-2021 17:26:57.440 [html-report] [DEBUG] Done generating HTML report using theme from C:\Users\testinium\AppData\Roaming\gauge\plugins\html-report\4.1.2\themes\default
30-10-2021 17:26:57.440 [Gauge] [DEBUG] Sending kill message to Html Report plugin.
30-10-2021 17:26:57.446 [java] [DEBUG] Killing Java runner...
30-10-2021 17:26:57.450 [java] [DEBUG] Stopping execution pool...
30-10-2021 17:26:57.450 [java] [DEBUG] Shutting down grpc server...
30-10-2021 17:26:57.480 [java] [DEBUG] Runner killed gracefully.
30-10-2021 17:26:58.557 [Gauge] [DEBUG] Runner with PID:10296 has exited
30-10-2021 17:26:58.558 [Gauge] [INFO] Specifications:	1 executed	0 passed	1 failed	0 skipped
30-10-2021 17:26:58.558 [Gauge] [INFO] Scenarios:	1 executed	0 passed	1 failed	0 skipped
30-10-2021 17:26:58.559 [Gauge] [INFO] 
Total time taken: 6.103s
30-10-2021 17:30:05.263 [Gauge] [DEBUG] Created gauge_screenshots_dir at C:\Users\testinium\IdeaProjects\odev2doruk\.gauge\screenshots
30-10-2021 17:30:05.266 [Gauge] [DEBUG] Plugin java is already installed.
30-10-2021 17:30:05.267 [Gauge] [DEBUG] Plugin html-report is already installed.
30-10-2021 17:30:05.268 [Gauge] [DEBUG] Parsing started.
30-10-2021 17:30:05.268 [Gauge] [DEBUG] Started concepts parsing.
30-10-2021 17:30:05.283 [Gauge] [DEBUG] 6 concepts parsing completed.
30-10-2021 17:30:05.283 [Gauge] [DEBUG] Started specifications parsing.
30-10-2021 17:30:05.284 [Gauge] [DEBUG] 1 specifications parsing completed.
30-10-2021 17:30:05.284 [Gauge] [DEBUG] Parsing completed.
30-10-2021 17:30:05.330 [java] [DEBUG] ***** Printing Properties/Env Values *****
30-10-2021 17:30:05.330 [java] [DEBUG] PATH: C:\Program Files (x86)\Common Files\Oracle\Java\javapath;C:\Windows\system32;C:\Windows;C:\Windows\System32\Wbem;C:\Windows\System32\WindowsPowerShell\v1.0\;C:\Windows\System32\OpenSSH\;C:\Program Files\NVIDIA Corporation\NVIDIA NvDLISR;C:\WINDOWS\system32;C:\WINDOWS;C:\WINDOWS\System32\Wbem;C:\WINDOWS\System32\WindowsPowerShell\v1.0\;C:\WINDOWS\System32\OpenSSH\;C:\Program Files\Git\cmd;C:\Program Files\nodejs\;C:\Program Files (x86)\Micro Focus\Unified Functional Testing\bin;%!J(MISSING)AVA_HOME%!\(MISSING)bin;C:\Program Files\maven\apache-maven-3.8.3\bin;C:\Program Files\maven\apache-maven-3.8.3\bin;C:\Program Files\Gauge\bin;C:\Program Files\Android\sdk\platform-tools;C:\Program Files\Android\sdk\build-tools\29.0.2;C:\Users\testinium\AppData\Local\Microsoft\WindowsApps;;C:\Program Files\JetBrains\IntelliJ IDEA Community Edition 2021.2.2\bin;;C:\Users\testinium\AppData\Roaming\npm;C:\Users\testinium\AppData\Roaming\gauge\plugins\screenshot\0.1.0
30-10-2021 17:30:05.331 [java] [DEBUG] JAVA_HOME: 
30-10-2021 17:30:05.331 [java] [DEBUG] gauge_project_root: C:\Users\testinium\IdeaProjects\odev2doruk
30-10-2021 17:30:05.331 [java] [DEBUG] gauge_parallel_streams_count: 8
30-10-2021 17:30:05.331 [java] [DEBUG] gauge_reports_dir: reports
30-10-2021 17:30:05.331 [java] [DEBUG] overwrite_reports: true
30-10-2021 17:30:05.331 [java] [DEBUG] logs_directory: logs
30-10-2021 17:30:05.331 [java] [DEBUG] enable_multithreading: false
30-10-2021 17:30:05.331 [java] [DEBUG] gauge_specs_dir: specs
30-10-2021 17:30:05.331 [java] [DEBUG] csv_delimiter: ,
30-10-2021 17:30:05.331 [java] [DEBUG] gauge_java_home: 
30-10-2021 17:30:05.331 [java] [DEBUG] gauge_custom_build_path: 
30-10-2021 17:30:05.331 [java] [DEBUG] gauge_additional_libs: libs/*
30-10-2021 17:30:05.331 [java] [DEBUG] gauge_jvm_args: 
30-10-2021 17:30:05.331 [java] [DEBUG] gauge_custom_compile_dir: 
30-10-2021 17:30:05.331 [java] [DEBUG] gauge_clear_state_level: scenario
30-10-2021 17:30:05.331 [java] [DEBUG] ***** END *****
30-10-2021 17:30:05.552 [Gauge] [DEBUG] Checking updates...
30-10-2021 17:30:05.555 [Gauge] [DEBUG] Downloading https://downloads.gauge.org/plugin/flash?l=java&p=flash,html-report,java,json-report,screenshot,spectacle,xml-report&o=windows&a=amd64
30-10-2021 17:30:05.876 [Gauge] [DEBUG] Downloading https://downloads.gauge.org/plugin/html-report?l=java&p=flash,html-report,java,json-report,screenshot,spectacle,xml-report&o=windows&a=amd64
30-10-2021 17:30:06.009 [Gauge] [DEBUG] Downloading https://downloads.gauge.org/plugin/java?l=java&p=flash,html-report,java,json-report,screenshot,spectacle,xml-report&o=windows&a=amd64
30-10-2021 17:30:06.153 [Gauge] [DEBUG] Downloading https://downloads.gauge.org/plugin/json-report?l=java&p=flash,html-report,java,json-report,screenshot,spectacle,xml-report&o=windows&a=amd64
30-10-2021 17:30:06.334 [Gauge] [DEBUG] Downloading https://downloads.gauge.org/plugin/screenshot?l=java&p=flash,html-report,java,json-report,screenshot,spectacle,xml-report&o=windows&a=amd64
30-10-2021 17:30:06.513 [Gauge] [DEBUG] Downloading https://downloads.gauge.org/plugin/spectacle?l=java&p=flash,html-report,java,json-report,screenshot,spectacle,xml-report&o=windows&a=amd64
30-10-2021 17:30:06.674 [Gauge] [DEBUG] Downloading https://downloads.gauge.org/plugin/xml-report?l=java&p=flash,html-report,java,json-report,screenshot,spectacle,xml-report&o=windows&a=amd64
30-10-2021 17:30:09.374 [java] [DEBUG] classpath set to C:\Users\testinium\.jdks\openjdk-17!\java.base;C:\Users\testinium\.jdks\openjdk-17!\java.compiler;C:\Users\testinium\.jdks\openjdk-17!\java.datatransfer;C:\Users\testinium\.jdks\openjdk-17!\java.desktop;C:\Users\testinium\.jdks\openjdk-17!\java.instrument;C:\Users\testinium\.jdks\openjdk-17!\java.logging;C:\Users\testinium\.jdks\openjdk-17!\java.management;C:\Users\testinium\.jdks\openjdk-17!\java.management.rmi;C:\Users\testinium\.jdks\openjdk-17!\java.naming;C:\Users\testinium\.jdks\openjdk-17!\java.net.http;C:\Users\testinium\.jdks\openjdk-17!\java.prefs;C:\Users\testinium\.jdks\openjdk-17!\java.rmi;C:\Users\testinium\.jdks\openjdk-17!\java.scripting;C:\Users\testinium\.jdks\openjdk-17!\java.se;C:\Users\testinium\.jdks\openjdk-17!\java.security.jgss;C:\Users\testinium\.jdks\openjdk-17!\java.security.sasl;C:\Users\testinium\.jdks\openjdk-17!\java.smartcardio;C:\Users\testinium\.jdks\openjdk-17!\java.sql;C:\Users\testinium\.jdks\openjdk-17!\java.sql.rowset;C:\Users\testinium\.jdks\openjdk-17!\java.transaction.xa;C:\Users\testinium\.jdks\openjdk-17!\java.xml;C:\Users\testinium\.jdks\openjdk-17!\java.xml.crypto;C:\Users\testinium\.jdks\openjdk-17!\jdk.accessibility;C:\Users\testinium\.jdks\openjdk-17!\jdk.attach;C:\Users\testinium\.jdks\openjdk-17!\jdk.charsets;C:\Users\testinium\.jdks\openjdk-17!\jdk.compiler;C:\Users\testinium\.jdks\openjdk-17!\jdk.crypto.cryptoki;C:\Users\testinium\.jdks\openjdk-17!\jdk.crypto.ec;C:\Users\testinium\.jdks\openjdk-17!\jdk.crypto.mscapi;C:\Users\testinium\.jdks\openjdk-17!\jdk.dynalink;C:\Users\testinium\.jdks\openjdk-17!\jdk.editpad;C:\Users\testinium\.jdks\openjdk-17!\jdk.hotspot.agent;C:\Users\testinium\.jdks\openjdk-17!\jdk.httpserver;C:\Users\testinium\.jdks\openjdk-17!\jdk.incubator.foreign;C:\Users\testinium\.jdks\openjdk-17!\jdk.incubator.vector;C:\Users\testinium\.jdks\openjdk-17!\jdk.internal.ed;C:\Users\testinium\.jdks\openjdk-17!\jdk.internal.jvmstat;C:\Users\testinium\.jdks\openjdk-17!\jdk.internal.le;C:\Users\testinium\.jdks\openjdk-17!\jdk.internal.opt;C:\Users\testinium\.jdks\openjdk-17!\jdk.internal.vm.ci;C:\Users\testinium\.jdks\openjdk-17!\jdk.internal.vm.compiler;C:\Users\testinium\.jdks\openjdk-17!\jdk.internal.vm.compiler.management;C:\Users\testinium\.jdks\openjdk-17!\jdk.jartool;C:\Users\testinium\.jdks\openjdk-17!\jdk.javadoc;C:\Users\testinium\.jdks\openjdk-17!\jdk.jcmd;C:\Users\testinium\.jdks\openjdk-17!\jdk.jconsole;C:\Users\testinium\.jdks\openjdk-17!\jdk.jdeps;C:\Users\testinium\.jdks\openjdk-17!\jdk.jdi;C:\Users\testinium\.jdks\openjdk-17!\jdk.jdwp.agent;C:\Users\testinium\.jdks\openjdk-17!\jdk.jfr;C:\Users\testinium\.jdks\openjdk-17!\jdk.jlink;C:\Users\testinium\.jdks\openjdk-17!\jdk.jpackage;C:\Users\testinium\.jdks\openjdk-17!\jdk.jshell;C:\Users\testinium\.jdks\openjdk-17!\jdk.jsobject;C:\Users\testinium\.jdks\openjdk-17!\jdk.jstatd;C:\Users\testinium\.jdks\openjdk-17!\jdk.localedata;C:\Users\testinium\.jdks\openjdk-17!\jdk.management;C:\Users\testinium\.jdks\openjdk-17!\jdk.management.agent;C:\Users\testinium\.jdks\openjdk-17!\jdk.management.jfr;C:\Users\testinium\.jdks\openjdk-17!\jdk.naming.dns;C:\Users\testinium\.jdks\openjdk-17!\jdk.naming.rmi;C:\Users\testinium\.jdks\openjdk-17!\jdk.net;C:\Users\testinium\.jdks\openjdk-17!\jdk.nio.mapmode;C:\Users\testinium\.jdks\openjdk-17!\jdk.random;C:\Users\testinium\.jdks\openjdk-17!\jdk.sctp;C:\Users\testinium\.jdks\openjdk-17!\jdk.security.auth;C:\Users\testinium\.jdks\openjdk-17!\jdk.security.jgss;C:\Users\testinium\.jdks\openjdk-17!\jdk.unsupported;C:\Users\testinium\.jdks\openjdk-17!\jdk.unsupported.desktop;C:\Users\testinium\.jdks\openjdk-17!\jdk.xml.dom;C:\Users\testinium\.jdks\openjdk-17!\jdk.zipfs;C:\Users\testinium\IdeaProjects\odev2doruk\target\test-classes;C:\Users\testinium\.m2\repository\junit\junit\4.12\junit-4.12.jar;C:\Users\testinium\.m2\repository\org\hamcrest\hamcrest-core\1.3\hamcrest-core-1.3.jar;C:\Users\testinium\.m2\repository\com\thoughtworks\gauge\gauge-java\0.7.15\gauge-java-0.7.15.jar;C:\Users\testinium\.m2\repository\org\assertj\assertj-core\3.19.0\assertj-core-3.19.0.jar;C:\Users\testinium\.m2\repository\org\reflections\reflections\0.9.9\reflections-0.9.9.jar;C:\Users\testinium\.m2\repository\org\javassist\javassist\3.18.2-GA\javassist-3.18.2-GA.jar;C:\Users\testinium\.m2\repository\com\google\code\findbugs\annotations\2.0.1\annotations-2.0.1.jar;C:\Users\testinium\.m2\repository\com\github\javaparser\javaparser-core\3.16.3\javaparser-core-3.16.3.jar;C:\Users\testinium\.m2\repository\commons-io\commons-io\2.8.0\commons-io-2.8.0.jar;C:\Users\testinium\.m2\repository\commons-lang\commons-lang\2.6\commons-lang-2.6.jar;C:\Users\testinium\.m2\repository\org\json\json\20210307\json-20210307.jar;C:\Users\testinium\.m2\repository\com\google\protobuf\protobuf-java\3.15.8\protobuf-java-3.15.8.jar;C:\Users\testinium\.m2\repository\com\google\guava\guava\30.1.1-jre\guava-30.1.1-jre.jar;C:\Users\testinium\.m2\repository\com\google\guava\failureaccess\1.0.1\failureaccess-1.0.1.jar;C:\Users\testinium\.m2\repository\com\google\guava\listenablefuture\9999.0-empty-to-avoid-conflict-with-guava\listenablefuture-9999.0-empty-to-avoid-conflict-with-guava.jar;C:\Users\testinium\.m2\repository\com\google\code\findbugs\jsr305\3.0.2\jsr305-3.0.2.jar;C:\Users\testinium\.m2\repository\org\checkerframework\checker-qual\3.8.0\checker-qual-3.8.0.jar;C:\Users\testinium\.m2\repository\com\google\errorprone\error_prone_annotations\2.5.1\error_prone_annotations-2.5.1.jar;C:\Users\testinium\.m2\repository\com\google\j2objc\j2objc-annotations\1.3\j2objc-annotations-1.3.jar;C:\Users\testinium\.m2\repository\io\grpc\grpc-netty-shaded\1.37.0\grpc-netty-shaded-1.37.0.jar;C:\Users\testinium\.m2\repository\io\grpc\grpc-core\1.37.0\grpc-core-1.37.0.jar;C:\Users\testinium\.m2\repository\com\google\android\annotations\4.1.1.4\annotations-4.1.1.4.jar;C:\Users\testinium\.m2\repository\io\perfmark\perfmark-api\0.23.0\perfmark-api-0.23.0.jar;C:\Users\testinium\.m2\repository\io\grpc\grpc-protobuf\1.37.0\grpc-protobuf-1.37.0.jar;C:\Users\testinium\.m2\repository\io\grpc\grpc-api\1.37.0\grpc-api-1.37.0.jar;C:\Users\testinium\.m2\repository\io\grpc\grpc-context\1.37.0\grpc-context-1.37.0.jar;C:\Users\testinium\.m2\repository\com\google\api\grpc\proto-google-common-protos\2.0.1\proto-google-common-protos-2.0.1.jar;C:\Users\testinium\.m2\repository\io\grpc\grpc-protobuf-lite\1.37.0\grpc-protobuf-lite-1.37.0.jar;C:\Users\testinium\.m2\repository\org\codehaus\mojo\animal-sniffer-annotations\1.19\animal-sniffer-annotations-1.19.jar;C:\Users\testinium\.m2\repository\io\grpc\grpc-stub\1.37.0\grpc-stub-1.37.0.jar;C:\Users\testinium\.m2\repository\javax\annotation\javax.annotation-api\1.3.2\javax.annotation-api-1.3.2.jar;C:\Users\testinium\.m2\repository\io\appium\java-client\7.3.0\java-client-7.3.0.jar;C:\Users\testinium\.m2\repository\org\seleniumhq\selenium\selenium-java\3.141.59\selenium-java-3.141.59.jar;C:\Users\testinium\.m2\repository\org\seleniumhq\selenium\selenium-chrome-driver\3.141.59\selenium-chrome-driver-3.141.59.jar;C:\Users\testinium\.m2\repository\org\seleniumhq\selenium\selenium-edge-driver\3.141.59\selenium-edge-driver-3.141.59.jar;C:\Users\testinium\.m2\repository\org\seleniumhq\selenium\selenium-firefox-driver\3.141.59\selenium-firefox-driver-3.141.59.jar;C:\Users\testinium\.m2\repository\org\seleniumhq\selenium\selenium-ie-driver\3.141.59\selenium-ie-driver-3.141.59.jar;C:\Users\testinium\.m2\repository\org\seleniumhq\selenium\selenium-opera-driver\3.141.59\selenium-opera-driver-3.141.59.jar;C:\Users\testinium\.m2\repository\org\seleniumhq\selenium\selenium-remote-driver\3.141.59\selenium-remote-driver-3.141.59.jar;C:\Users\testinium\.m2\repository\org\seleniumhq\selenium\selenium-safari-driver\3.141.59\selenium-safari-driver-3.141.59.jar;C:\Users\testinium\.m2\repository\net\bytebuddy\byte-buddy\1.8.15\byte-buddy-1.8.15.jar;C:\Users\testinium\.m2\repository\org\apache\commons\commons-exec\1.3\commons-exec-1.3.jar;C:\Users\testinium\.m2\repository\com\squareup\okhttp3\okhttp\3.11.0\okhttp-3.11.0.jar;C:\Users\testinium\.m2\repository\com\squareup\okio\okio\1.14.0\okio-1.14.0.jar;C:\Users\testinium\.m2\repository\org\seleniumhq\selenium\selenium-support\3.141.59\selenium-support-3.141.59.jar;C:\Users\testinium\.m2\repository\org\seleniumhq\selenium\selenium-api\3.141.59\selenium-api-3.141.59.jar;C:\Users\testinium\.m2\repository\com\google\code\gson\gson\2.8.5\gson-2.8.5.jar;C:\Users\testinium\.m2\repository\org\apache\httpcomponents\httpclient\4.5.9\httpclient-4.5.9.jar;C:\Users\testinium\.m2\repository\org\apache\httpcomponents\httpcore\4.4.11\httpcore-4.4.11.jar;C:\Users\testinium\.m2\repository\commons-logging\commons-logging\1.2\commons-logging-1.2.jar;C:\Users\testinium\.m2\repository\commons-codec\commons-codec\1.11\commons-codec-1.11.jar;C:\Users\testinium\.m2\repository\cglib\cglib\3.2.12\cglib-3.2.12.jar;C:\Users\testinium\.m2\repository\org\ow2\asm\asm\7.1\asm-7.1.jar;C:\Users\testinium\.m2\repository\commons-validator\commons-validator\1.6\commons-validator-1.6.jar;C:\Users\testinium\.m2\repository\commons-beanutils\commons-beanutils\1.9.2\commons-beanutils-1.9.2.jar;C:\Users\testinium\.m2\repository\commons-digester\commons-digester\1.8.1\commons-digester-1.8.1.jar;C:\Users\testinium\.m2\repository\commons-collections\commons-collections\3.2.2\commons-collections-3.2.2.jar;C:\Users\testinium\.m2\repository\org\apache\commons\commons-lang3\3.9\commons-lang3-3.9.jar;C:\Users\testinium\.m2\repository\org\springframework\spring-context\5.1.8.RELEASE\spring-context-5.1.8.RELEASE.jar;C:\Users\testinium\.m2\repository\org\springframework\spring-aop\5.1.8.RELEASE\spring-aop-5.1.8.RELEASE.jar;C:\Users\testinium\.m2\repository\org\springframework\spring-beans\5.1.8.RELEASE\spring-beans-5.1.8.RELEASE.jar;C:\Users\testinium\.m2\repository\org\springframework\spring-core\5.1.8.RELEASE\spring-core-5.1.8.RELEASE.jar;C:\Users\testinium\.m2\repository\org\springframework\spring-jcl\5.1.8.RELEASE\spring-jcl-5.1.8.RELEASE.jar;C:\Users\testinium\.m2\repository\org\springframework\spring-expression\5.1.8.RELEASE\spring-expression-5.1.8.RELEASE.jar;C:\Users\testinium\.m2\repository\org\aspectj\aspectjweaver\1.9.4\aspectjweaver-1.9.4.jar;C:\Users\testinium\.m2\repository\org\slf4j\slf4j-api\1.7.30\slf4j-api-1.7.30.jar;C:\Users\testinium\.m2\repository\org\slf4j\slf4j-log4j12\1.7.30\slf4j-log4j12-1.7.30.jar;C:\Users\testinium\.m2\repository\log4j\log4j\1.2.17\log4j-1.2.17.jar;C:\Users\testinium\.m2\repository\org\junit\jupiter\junit-jupiter\5.8.1\junit-jupiter-5.8.1.jar;C:\Users\testinium\.m2\repository\org\junit\jupiter\junit-jupiter-api\5.8.1\junit-jupiter-api-5.8.1.jar;C:\Users\testinium\.m2\repository\org\opentest4j\opentest4j\1.2.0\opentest4j-1.2.0.jar;C:\Users\testinium\.m2\repository\org\junit\platform\junit-platform-commons\1.8.1\junit-platform-commons-1.8.1.jar;C:\Users\testinium\.m2\repository\org\apiguardian\apiguardian-api\1.1.2\apiguardian-api-1.1.2.jar;C:\Users\testinium\.m2\repository\org\junit\jupiter\junit-jupiter-params\5.8.1\junit-jupiter-params-5.8.1.jar;C:\Users\testinium\.m2\repository\org\junit\jupiter\junit-jupiter-engine\5.8.1\junit-jupiter-engine-5.8.1.jar;C:\Users\testinium\.m2\repository\org\junit\platform\junit-platform-engine\1.8.1\junit-platform-engine-1.8.1.jar
30-10-2021 17:30:09.375 [java] [DEBUG] found java executable in java.exe
30-10-2021 17:30:09.376 [java] [DEBUG] running - java.exe [-Dfile.encoding=UTF-8 com.thoughtworks.gauge.GaugeRuntime --start]
30-10-2021 17:30:09.376 [java] [DEBUG] stdout/stderr is logged to logs\12060-java.exe.out
30-10-2021 17:30:09.713 [java] [DEBUG] multithreading is set to false
30-10-2021 17:30:10.134 [java] [DEBUG] Using reflection to scan dependencies for gauge implementations...
30-10-2021 17:30:10.693 [java] [DEBUG] gauge-java took 980milliseconds to load and scan. This should be less than 'runner_connection_timeout' config value.
30-10-2021 17:30:10.693 [java] [DEBUG] run 'gauge config runner_connection_timeout' and verify that it is < 980
30-10-2021 17:30:10.693 [java] [DEBUG] starting gRPC server...
30-10-2021 17:30:11.141 [java] [DEBUG] started gRPC server on port 50983
30-10-2021 17:30:11.141 [Gauge] [DEBUG] Attempting to connect to grpc server at port: 50983
30-10-2021 17:30:11.305 [Gauge] [DEBUG] Successfully made the connection with runner with port: 50983
30-10-2021 17:30:11.306 [Gauge] [DEBUG] Validation started.
30-10-2021 17:30:13.560 [java] [DEBUG] Scanning packages for steps
30-10-2021 17:30:13.982 [java] [DEBUG] Comparing 'org.example.sayfalar.Kategori.checkCategoryPage' and 'org.example.sayfalar.Kategori.checkCategoryPage'
30-10-2021 17:30:13.982 [java] [DEBUG] Found Kategori Sayfası Kontrol in current project scope.
30-10-2021 17:30:13.983 [java] [DEBUG] Comparing 'org.example.StepImplementation.clickElementByid' and 'org.example.StepImplementation.clickElementByid'
30-10-2021 17:30:13.983 [java] [DEBUG] Found {} İd'li elemente tıkla in current project scope.
30-10-2021 17:30:13.984 [java] [DEBUG] Comparing 'org.example.sayfalar.Giriş.checkLogin' and 'org.example.sayfalar.Giriş.checkLogin'
30-10-2021 17:30:13.984 [java] [DEBUG] Found Login page doğrulama in current project scope.
30-10-2021 17:30:13.984 [java] [DEBUG] Comparing 'org.example.sayfalar.Alışveriş.checkShopping' and 'org.example.sayfalar.Alışveriş.checkShopping'
30-10-2021 17:30:13.985 [java] [DEBUG] Found Alışveriş Sayfası Doğrula in current project scope.
30-10-2021 17:30:13.985 [java] [DEBUG] Comparing 'org.example.StepImplementation.clickElementByxpath' and 'org.example.StepImplementation.clickElementByxpath'
30-10-2021 17:30:13.985 [java] [DEBUG] Found {} xpath'li elemente tıkla in current project scope.
30-10-2021 17:30:13.986 [java] [DEBUG] Comparing 'org.example.StepImplementation.ScrollRandomPos' and 'org.example.StepImplementation.ScrollRandomPos'
30-10-2021 17:30:13.986 [java] [DEBUG] Found sayfa boyunca scroll et in current project scope.
30-10-2021 17:30:13.987 [java] [DEBUG] Comparing 'org.example.StepImplementation.waitSeconds' and 'org.example.StepImplementation.waitSeconds'
30-10-2021 17:30:13.987 [java] [DEBUG] Found {} saniye bekle in current project scope.
30-10-2021 17:30:13.987 [java] [DEBUG] Comparing 'org.example.StepImplementation.SendkeyElementByid' and 'org.example.StepImplementation.SendkeyElementByid'
30-10-2021 17:30:13.988 [java] [DEBUG] Found {} İd'li elemente {} değerini yaz in current project scope.
30-10-2021 17:30:13.988 [java] [DEBUG] Comparing 'org.example.StepImplementation.findAllProducts' and 'org.example.StepImplementation.findAllProducts'
30-10-2021 17:30:13.988 [java] [DEBUG] Found {} xpath'te bulunan sayfada görünen tüm ürünleri bul ve rastgele bir ürüne tıkla in current project scope.
30-10-2021 17:30:13.989 [java] [DEBUG] Comparing 'org.example.sayfalar.Anasayfa.open' and 'org.example.sayfalar.Anasayfa.open'
30-10-2021 17:30:13.989 [java] [DEBUG] Found Açılış Sayfası Kontrol in current project scope.
30-10-2021 17:30:13.989 [java] [DEBUG] Comparing 'org.example.StepImplementation.addToBasket' and 'org.example.StepImplementation.addToBasket'
30-10-2021 17:30:13.990 [java] [DEBUG] Found Sepete ekle in current project scope.
30-10-2021 17:30:13.990 [java] [DEBUG] Comparing 'org.example.sayfalar.Ürün.checkProductDetail' and 'org.example.sayfalar.Ürün.checkProductDetail'
30-10-2021 17:30:13.990 [java] [DEBUG] Found Product detail sayfası doğrulama in current project scope.
30-10-2021 17:30:13.990 [java] [DEBUG] Scanning packages for hooks
30-10-2021 17:30:14.015 [java] [DEBUG] Scanned steps (using static parsing + reflections): 
30-10-2021 17:30:14.015 [java] [DEBUG] 	Sepete ekle : public void addToBasket()
30-10-2021 17:30:14.016 [java] [DEBUG] 	{} xpath'li elemente tıkla : public void clickElementByxpath(String Key)
30-10-2021 17:30:14.016 [java] [DEBUG] 	Kategori Sayfası Kontrol : public void checkCategoryPage()
30-10-2021 17:30:14.016 [java] [DEBUG] 	Alışveriş Sayfası Doğrula : public void checkShopping()
30-10-2021 17:30:14.016 [java] [DEBUG] 	Açılış Sayfası Kontrol : public void open()
30-10-2021 17:30:14.016 [java] [DEBUG] 	{} İd'li elemente {} değerini yaz : public void SendkeyElementByid(String Key, String keyword)
30-10-2021 17:30:14.016 [java] [DEBUG] 	Product detail sayfası doğrulama : public void checkProductDetail()
30-10-2021 17:30:14.016 [java] [DEBUG] 	sayfa boyunca scroll et : public void ScrollRandomPos()
30-10-2021 17:30:14.016 [java] [DEBUG] 	{} saniye bekle : public void waitSeconds(ınt seconds)
30-10-2021 17:30:14.017 [java] [DEBUG] 	{} xpath'te bulunan sayfada görünen tüm ürünleri bul ve rastgele bir ürüne tıkla : public void findAllProducts(String Key)
30-10-2021 17:30:14.017 [java] [DEBUG] 	Login page doğrulama : public void checkLogin()
30-10-2021 17:30:14.017 [java] [DEBUG] 	{} İd'li elemente tıkla : public void clickElementByid(String Key)
30-10-2021 17:30:18.819 [Gauge] [DEBUG] Validation completed.
30-10-2021 17:30:18.823 [Gauge] [DEBUG] Run started
30-10-2021 17:30:18.828 [Gauge] [DEBUG] Starting Html Report plugin
30-10-2021 17:30:18.880 [Gauge] [DEBUG] Attempting to connect to grpc server at port: 50988
30-10-2021 17:30:18.882 [Gauge] [DEBUG] Successfully made the connection with plugin with port: 50988
30-10-2021 17:30:18.882 [Gauge] [DEBUG] Initialising suite data store.
30-10-2021 17:30:18.995 [java] [INFO] Android  testi başlıyor
30-10-2021 17:30:25.665 [html-report] [DEBUG] Transformed SuiteResult to report structure
30-10-2021 17:30:25.840 [html-report] [INFO] Successfully generated html-report to => C:\Users\testinium\IdeaProjects\odev2doruk\reports\html-report\index.html
30-10-2021 17:30:25.840 [html-report] [DEBUG] Done generating HTML report using theme from C:\Users\testinium\AppData\Roaming\gauge\plugins\html-report\4.1.2\themes\default
30-10-2021 17:30:25.840 [Gauge] [DEBUG] Sending kill message to Html Report plugin.
30-10-2021 17:30:25.845 [java] [DEBUG] Killing Java runner...
30-10-2021 17:30:25.849 [java] [DEBUG] Stopping execution pool...
30-10-2021 17:30:25.849 [java] [DEBUG] Shutting down grpc server...
30-10-2021 17:30:25.873 [java] [DEBUG] Runner killed gracefully.
30-10-2021 17:30:26.728 [Gauge] [DEBUG] Runner with PID:12060 has exited
30-10-2021 17:30:26.728 [Gauge] [INFO] Specifications:	1 executed	0 passed	1 failed	0 skipped
30-10-2021 17:30:26.728 [Gauge] [INFO] Scenarios:	1 executed	0 passed	1 failed	0 skipped
30-10-2021 17:30:26.728 [Gauge] [INFO] 
Total time taken: 6.836s
30-10-2021 17:34:08.131 [Gauge] [DEBUG] Created gauge_screenshots_dir at C:\Users\testinium\IdeaProjects\odev2doruk\.gauge\screenshots
30-10-2021 17:34:08.134 [Gauge] [DEBUG] Plugin java is already installed.
30-10-2021 17:34:08.136 [Gauge] [DEBUG] Plugin html-report is already installed.
30-10-2021 17:34:08.136 [Gauge] [DEBUG] Parsing started.
30-10-2021 17:34:08.136 [Gauge] [DEBUG] Started concepts parsing.
30-10-2021 17:34:08.147 [Gauge] [DEBUG] 6 concepts parsing completed.
30-10-2021 17:34:08.147 [Gauge] [DEBUG] Started specifications parsing.
30-10-2021 17:34:08.148 [Gauge] [DEBUG] 1 specifications parsing completed.
30-10-2021 17:34:08.148 [Gauge] [DEBUG] Parsing completed.
30-10-2021 17:34:08.211 [java] [DEBUG] ***** Printing Properties/Env Values *****
30-10-2021 17:34:08.211 [java] [DEBUG] PATH: C:\Program Files (x86)\Common Files\Oracle\Java\javapath;C:\Windows\system32;C:\Windows;C:\Windows\System32\Wbem;C:\Windows\System32\WindowsPowerShell\v1.0\;C:\Windows\System32\OpenSSH\;C:\Program Files\NVIDIA Corporation\NVIDIA NvDLISR;C:\WINDOWS\system32;C:\WINDOWS;C:\WINDOWS\System32\Wbem;C:\WINDOWS\System32\WindowsPowerShell\v1.0\;C:\WINDOWS\System32\OpenSSH\;C:\Program Files\Git\cmd;C:\Program Files\nodejs\;C:\Program Files (x86)\Micro Focus\Unified Functional Testing\bin;%!J(MISSING)AVA_HOME%!\(MISSING)bin;C:\Program Files\maven\apache-maven-3.8.3\bin;C:\Program Files\maven\apache-maven-3.8.3\bin;C:\Program Files\Gauge\bin;C:\Program Files\Android\sdk\platform-tools;C:\Program Files\Android\sdk\build-tools\29.0.2;C:\Users\testinium\AppData\Local\Microsoft\WindowsApps;;C:\Program Files\JetBrains\IntelliJ IDEA Community Edition 2021.2.2\bin;;C:\Users\testinium\AppData\Roaming\npm;C:\Users\testinium\AppData\Roaming\gauge\plugins\screenshot\0.1.0
30-10-2021 17:34:08.211 [java] [DEBUG] JAVA_HOME: 
30-10-2021 17:34:08.211 [java] [DEBUG] gauge_project_root: C:\Users\testinium\IdeaProjects\odev2doruk
30-10-2021 17:34:08.212 [java] [DEBUG] gauge_parallel_streams_count: 8
30-10-2021 17:34:08.212 [java] [DEBUG] gauge_reports_dir: reports
30-10-2021 17:34:08.212 [java] [DEBUG] overwrite_reports: true
30-10-2021 17:34:08.212 [java] [DEBUG] logs_directory: logs
30-10-2021 17:34:08.212 [java] [DEBUG] enable_multithreading: false
30-10-2021 17:34:08.212 [java] [DEBUG] gauge_specs_dir: specs
30-10-2021 17:34:08.212 [java] [DEBUG] csv_delimiter: ,
30-10-2021 17:34:08.212 [java] [DEBUG] gauge_java_home: 
30-10-2021 17:34:08.212 [java] [DEBUG] gauge_custom_build_path: 
30-10-2021 17:34:08.212 [java] [DEBUG] gauge_additional_libs: libs/*
30-10-2021 17:34:08.212 [java] [DEBUG] gauge_jvm_args: 
30-10-2021 17:34:08.212 [java] [DEBUG] gauge_custom_compile_dir: 
30-10-2021 17:34:08.212 [java] [DEBUG] gauge_clear_state_level: scenario
30-10-2021 17:34:08.212 [java] [DEBUG] ***** END *****
30-10-2021 17:34:08.505 [Gauge] [DEBUG] Checking updates...
30-10-2021 17:34:08.508 [Gauge] [DEBUG] Downloading https://downloads.gauge.org/plugin/flash?l=java&p=flash,html-report,java,json-report,screenshot,spectacle,xml-report&o=windows&a=amd64
30-10-2021 17:34:08.912 [Gauge] [DEBUG] Downloading https://downloads.gauge.org/plugin/html-report?l=java&p=flash,html-report,java,json-report,screenshot,spectacle,xml-report&o=windows&a=amd64
30-10-2021 17:34:09.141 [Gauge] [DEBUG] Downloading https://downloads.gauge.org/plugin/java?l=java&p=flash,html-report,java,json-report,screenshot,spectacle,xml-report&o=windows&a=amd64
30-10-2021 17:34:09.327 [Gauge] [DEBUG] Downloading https://downloads.gauge.org/plugin/json-report?l=java&p=flash,html-report,java,json-report,screenshot,spectacle,xml-report&o=windows&a=amd64
30-10-2021 17:34:09.540 [Gauge] [DEBUG] Downloading https://downloads.gauge.org/plugin/screenshot?l=java&p=flash,html-report,java,json-report,screenshot,spectacle,xml-report&o=windows&a=amd64
30-10-2021 17:34:09.754 [Gauge] [DEBUG] Downloading https://downloads.gauge.org/plugin/spectacle?l=java&p=flash,html-report,java,json-report,screenshot,spectacle,xml-report&o=windows&a=amd64
30-10-2021 17:34:09.952 [Gauge] [DEBUG] Downloading https://downloads.gauge.org/plugin/xml-report?l=java&p=flash,html-report,java,json-report,screenshot,spectacle,xml-report&o=windows&a=amd64
30-10-2021 17:34:12.039 [java] [DEBUG] classpath set to C:\Users\testinium\.jdks\openjdk-17!\java.base;C:\Users\testinium\.jdks\openjdk-17!\java.compiler;C:\Users\testinium\.jdks\openjdk-17!\java.datatransfer;C:\Users\testinium\.jdks\openjdk-17!\java.desktop;C:\Users\testinium\.jdks\openjdk-17!\java.instrument;C:\Users\testinium\.jdks\openjdk-17!\java.logging;C:\Users\testinium\.jdks\openjdk-17!\java.management;C:\Users\testinium\.jdks\openjdk-17!\java.management.rmi;C:\Users\testinium\.jdks\openjdk-17!\java.naming;C:\Users\testinium\.jdks\openjdk-17!\java.net.http;C:\Users\testinium\.jdks\openjdk-17!\java.prefs;C:\Users\testinium\.jdks\openjdk-17!\java.rmi;C:\Users\testinium\.jdks\openjdk-17!\java.scripting;C:\Users\testinium\.jdks\openjdk-17!\java.se;C:\Users\testinium\.jdks\openjdk-17!\java.security.jgss;C:\Users\testinium\.jdks\openjdk-17!\java.security.sasl;C:\Users\testinium\.jdks\openjdk-17!\java.smartcardio;C:\Users\testinium\.jdks\openjdk-17!\java.sql;C:\Users\testinium\.jdks\openjdk-17!\java.sql.rowset;C:\Users\testinium\.jdks\openjdk-17!\java.transaction.xa;C:\Users\testinium\.jdks\openjdk-17!\java.xml;C:\Users\testinium\.jdks\openjdk-17!\java.xml.crypto;C:\Users\testinium\.jdks\openjdk-17!\jdk.accessibility;C:\Users\testinium\.jdks\openjdk-17!\jdk.attach;C:\Users\testinium\.jdks\openjdk-17!\jdk.charsets;C:\Users\testinium\.jdks\openjdk-17!\jdk.compiler;C:\Users\testinium\.jdks\openjdk-17!\jdk.crypto.cryptoki;C:\Users\testinium\.jdks\openjdk-17!\jdk.crypto.ec;C:\Users\testinium\.jdks\openjdk-17!\jdk.crypto.mscapi;C:\Users\testinium\.jdks\openjdk-17!\jdk.dynalink;C:\Users\testinium\.jdks\openjdk-17!\jdk.editpad;C:\Users\testinium\.jdks\openjdk-17!\jdk.hotspot.agent;C:\Users\testinium\.jdks\openjdk-17!\jdk.httpserver;C:\Users\testinium\.jdks\openjdk-17!\jdk.incubator.foreign;C:\Users\testinium\.jdks\openjdk-17!\jdk.incubator.vector;C:\Users\testinium\.jdks\openjdk-17!\jdk.internal.ed;C:\Users\testinium\.jdks\openjdk-17!\jdk.internal.jvmstat;C:\Users\testinium\.jdks\openjdk-17!\jdk.internal.le;C:\Users\testinium\.jdks\openjdk-17!\jdk.internal.opt;C:\Users\testinium\.jdks\openjdk-17!\jdk.internal.vm.ci;C:\Users\testinium\.jdks\openjdk-17!\jdk.internal.vm.compiler;C:\Users\testinium\.jdks\openjdk-17!\jdk.internal.vm.compiler.management;C:\Users\testinium\.jdks\openjdk-17!\jdk.jartool;C:\Users\testinium\.jdks\openjdk-17!\jdk.javadoc;C:\Users\testinium\.jdks\openjdk-17!\jdk.jcmd;C:\Users\testinium\.jdks\openjdk-17!\jdk.jconsole;C:\Users\testinium\.jdks\openjdk-17!\jdk.jdeps;C:\Users\testinium\.jdks\openjdk-17!\jdk.jdi;C:\Users\testinium\.jdks\openjdk-17!\jdk.jdwp.agent;C:\Users\testinium\.jdks\openjdk-17!\jdk.jfr;C:\Users\testinium\.jdks\openjdk-17!\jdk.jlink;C:\Users\testinium\.jdks\openjdk-17!\jdk.jpackage;C:\Users\testinium\.jdks\openjdk-17!\jdk.jshell;C:\Users\testinium\.jdks\openjdk-17!\jdk.jsobject;C:\Users\testinium\.jdks\openjdk-17!\jdk.jstatd;C:\Users\testinium\.jdks\openjdk-17!\jdk.localedata;C:\Users\testinium\.jdks\openjdk-17!\jdk.management;C:\Users\testinium\.jdks\openjdk-17!\jdk.management.agent;C:\Users\testinium\.jdks\openjdk-17!\jdk.management.jfr;C:\Users\testinium\.jdks\openjdk-17!\jdk.naming.dns;C:\Users\testinium\.jdks\openjdk-17!\jdk.naming.rmi;C:\Users\testinium\.jdks\openjdk-17!\jdk.net;C:\Users\testinium\.jdks\openjdk-17!\jdk.nio.mapmode;C:\Users\testinium\.jdks\openjdk-17!\jdk.random;C:\Users\testinium\.jdks\openjdk-17!\jdk.sctp;C:\Users\testinium\.jdks\openjdk-17!\jdk.security.auth;C:\Users\testinium\.jdks\openjdk-17!\jdk.security.jgss;C:\Users\testinium\.jdks\openjdk-17!\jdk.unsupported;C:\Users\testinium\.jdks\openjdk-17!\jdk.unsupported.desktop;C:\Users\testinium\.jdks\openjdk-17!\jdk.xml.dom;C:\Users\testinium\.jdks\openjdk-17!\jdk.zipfs;C:\Users\testinium\IdeaProjects\odev2doruk\target\test-classes;C:\Users\testinium\.m2\repository\junit\junit\4.12\junit-4.12.jar;C:\Users\testinium\.m2\repository\org\hamcrest\hamcrest-core\1.3\hamcrest-core-1.3.jar;C:\Users\testinium\.m2\repository\com\thoughtworks\gauge\gauge-java\0.7.15\gauge-java-0.7.15.jar;C:\Users\testinium\.m2\repository\org\assertj\assertj-core\3.19.0\assertj-core-3.19.0.jar;C:\Users\testinium\.m2\repository\org\reflections\reflections\0.9.9\reflections-0.9.9.jar;C:\Users\testinium\.m2\repository\org\javassist\javassist\3.18.2-GA\javassist-3.18.2-GA.jar;C:\Users\testinium\.m2\repository\com\google\code\findbugs\annotations\2.0.1\annotations-2.0.1.jar;C:\Users\testinium\.m2\repository\com\github\javaparser\javaparser-core\3.16.3\javaparser-core-3.16.3.jar;C:\Users\testinium\.m2\repository\commons-io\commons-io\2.8.0\commons-io-2.8.0.jar;C:\Users\testinium\.m2\repository\commons-lang\commons-lang\2.6\commons-lang-2.6.jar;C:\Users\testinium\.m2\repository\org\json\json\20210307\json-20210307.jar;C:\Users\testinium\.m2\repository\com\google\protobuf\protobuf-java\3.15.8\protobuf-java-3.15.8.jar;C:\Users\testinium\.m2\repository\com\google\guava\guava\30.1.1-jre\guava-30.1.1-jre.jar;C:\Users\testinium\.m2\repository\com\google\guava\failureaccess\1.0.1\failureaccess-1.0.1.jar;C:\Users\testinium\.m2\repository\com\google\guava\listenablefuture\9999.0-empty-to-avoid-conflict-with-guava\listenablefuture-9999.0-empty-to-avoid-conflict-with-guava.jar;C:\Users\testinium\.m2\repository\com\google\code\findbugs\jsr305\3.0.2\jsr305-3.0.2.jar;C:\Users\testinium\.m2\repository\org\checkerframework\checker-qual\3.8.0\checker-qual-3.8.0.jar;C:\Users\testinium\.m2\repository\com\google\errorprone\error_prone_annotations\2.5.1\error_prone_annotations-2.5.1.jar;C:\Users\testinium\.m2\repository\com\google\j2objc\j2objc-annotations\1.3\j2objc-annotations-1.3.jar;C:\Users\testinium\.m2\repository\io\grpc\grpc-netty-shaded\1.37.0\grpc-netty-shaded-1.37.0.jar;C:\Users\testinium\.m2\repository\io\grpc\grpc-core\1.37.0\grpc-core-1.37.0.jar;C:\Users\testinium\.m2\repository\com\google\android\annotations\4.1.1.4\annotations-4.1.1.4.jar;C:\Users\testinium\.m2\repository\io\perfmark\perfmark-api\0.23.0\perfmark-api-0.23.0.jar;C:\Users\testinium\.m2\repository\io\grpc\grpc-protobuf\1.37.0\grpc-protobuf-1.37.0.jar;C:\Users\testinium\.m2\repository\io\grpc\grpc-api\1.37.0\grpc-api-1.37.0.jar;C:\Users\testinium\.m2\repository\io\grpc\grpc-context\1.37.0\grpc-context-1.37.0.jar;C:\Users\testinium\.m2\repository\com\google\api\grpc\proto-google-common-protos\2.0.1\proto-google-common-protos-2.0.1.jar;C:\Users\testinium\.m2\repository\io\grpc\grpc-protobuf-lite\1.37.0\grpc-protobuf-lite-1.37.0.jar;C:\Users\testinium\.m2\repository\org\codehaus\mojo\animal-sniffer-annotations\1.19\animal-sniffer-annotations-1.19.jar;C:\Users\testinium\.m2\repository\io\grpc\grpc-stub\1.37.0\grpc-stub-1.37.0.jar;C:\Users\testinium\.m2\repository\javax\annotation\javax.annotation-api\1.3.2\javax.annotation-api-1.3.2.jar;C:\Users\testinium\.m2\repository\io\appium\java-client\7.3.0\java-client-7.3.0.jar;C:\Users\testinium\.m2\repository\org\seleniumhq\selenium\selenium-java\3.141.59\selenium-java-3.141.59.jar;C:\Users\testinium\.m2\repository\org\seleniumhq\selenium\selenium-chrome-driver\3.141.59\selenium-chrome-driver-3.141.59.jar;C:\Users\testinium\.m2\repository\org\seleniumhq\selenium\selenium-edge-driver\3.141.59\selenium-edge-driver-3.141.59.jar;C:\Users\testinium\.m2\repository\org\seleniumhq\selenium\selenium-firefox-driver\3.141.59\selenium-firefox-driver-3.141.59.jar;C:\Users\testinium\.m2\repository\org\seleniumhq\selenium\selenium-ie-driver\3.141.59\selenium-ie-driver-3.141.59.jar;C:\Users\testinium\.m2\repository\org\seleniumhq\selenium\selenium-opera-driver\3.141.59\selenium-opera-driver-3.141.59.jar;C:\Users\testinium\.m2\repository\org\seleniumhq\selenium\selenium-remote-driver\3.141.59\selenium-remote-driver-3.141.59.jar;C:\Users\testinium\.m2\repository\org\seleniumhq\selenium\selenium-safari-driver\3.141.59\selenium-safari-driver-3.141.59.jar;C:\Users\testinium\.m2\repository\net\bytebuddy\byte-buddy\1.8.15\byte-buddy-1.8.15.jar;C:\Users\testinium\.m2\repository\org\apache\commons\commons-exec\1.3\commons-exec-1.3.jar;C:\Users\testinium\.m2\repository\com\squareup\okhttp3\okhttp\3.11.0\okhttp-3.11.0.jar;C:\Users\testinium\.m2\repository\com\squareup\okio\okio\1.14.0\okio-1.14.0.jar;C:\Users\testinium\.m2\repository\org\seleniumhq\selenium\selenium-support\3.141.59\selenium-support-3.141.59.jar;C:\Users\testinium\.m2\repository\org\seleniumhq\selenium\selenium-api\3.141.59\selenium-api-3.141.59.jar;C:\Users\testinium\.m2\repository\com\google\code\gson\gson\2.8.5\gson-2.8.5.jar;C:\Users\testinium\.m2\repository\org\apache\httpcomponents\httpclient\4.5.9\httpclient-4.5.9.jar;C:\Users\testinium\.m2\repository\org\apache\httpcomponents\httpcore\4.4.11\httpcore-4.4.11.jar;C:\Users\testinium\.m2\repository\commons-logging\commons-logging\1.2\commons-logging-1.2.jar;C:\Users\testinium\.m2\repository\commons-codec\commons-codec\1.11\commons-codec-1.11.jar;C:\Users\testinium\.m2\repository\cglib\cglib\3.2.12\cglib-3.2.12.jar;C:\Users\testinium\.m2\repository\org\ow2\asm\asm\7.1\asm-7.1.jar;C:\Users\testinium\.m2\repository\commons-validator\commons-validator\1.6\commons-validator-1.6.jar;C:\Users\testinium\.m2\repository\commons-beanutils\commons-beanutils\1.9.2\commons-beanutils-1.9.2.jar;C:\Users\testinium\.m2\repository\commons-digester\commons-digester\1.8.1\commons-digester-1.8.1.jar;C:\Users\testinium\.m2\repository\commons-collections\commons-collections\3.2.2\commons-collections-3.2.2.jar;C:\Users\testinium\.m2\repository\org\apache\commons\commons-lang3\3.9\commons-lang3-3.9.jar;C:\Users\testinium\.m2\repository\org\springframework\spring-context\5.1.8.RELEASE\spring-context-5.1.8.RELEASE.jar;C:\Users\testinium\.m2\repository\org\springframework\spring-aop\5.1.8.RELEASE\spring-aop-5.1.8.RELEASE.jar;C:\Users\testinium\.m2\repository\org\springframework\spring-beans\5.1.8.RELEASE\spring-beans-5.1.8.RELEASE.jar;C:\Users\testinium\.m2\repository\org\springframework\spring-core\5.1.8.RELEASE\spring-core-5.1.8.RELEASE.jar;C:\Users\testinium\.m2\repository\org\springframework\spring-jcl\5.1.8.RELEASE\spring-jcl-5.1.8.RELEASE.jar;C:\Users\testinium\.m2\repository\org\springframework\spring-expression\5.1.8.RELEASE\spring-expression-5.1.8.RELEASE.jar;C:\Users\testinium\.m2\repository\org\aspectj\aspectjweaver\1.9.4\aspectjweaver-1.9.4.jar;C:\Users\testinium\.m2\repository\org\slf4j\slf4j-api\1.7.30\slf4j-api-1.7.30.jar;C:\Users\testinium\.m2\repository\org\slf4j\slf4j-log4j12\1.7.30\slf4j-log4j12-1.7.30.jar;C:\Users\testinium\.m2\repository\log4j\log4j\1.2.17\log4j-1.2.17.jar;C:\Users\testinium\.m2\repository\org\junit\jupiter\junit-jupiter\5.8.1\junit-jupiter-5.8.1.jar;C:\Users\testinium\.m2\repository\org\junit\jupiter\junit-jupiter-api\5.8.1\junit-jupiter-api-5.8.1.jar;C:\Users\testinium\.m2\repository\org\opentest4j\opentest4j\1.2.0\opentest4j-1.2.0.jar;C:\Users\testinium\.m2\repository\org\junit\platform\junit-platform-commons\1.8.1\junit-platform-commons-1.8.1.jar;C:\Users\testinium\.m2\repository\org\apiguardian\apiguardian-api\1.1.2\apiguardian-api-1.1.2.jar;C:\Users\testinium\.m2\repository\org\junit\jupiter\junit-jupiter-params\5.8.1\junit-jupiter-params-5.8.1.jar;C:\Users\testinium\.m2\repository\org\junit\jupiter\junit-jupiter-engine\5.8.1\junit-jupiter-engine-5.8.1.jar;C:\Users\testinium\.m2\repository\org\junit\platform\junit-platform-engine\1.8.1\junit-platform-engine-1.8.1.jar
30-10-2021 17:34:12.039 [java] [DEBUG] found java executable in java.exe
30-10-2021 17:34:12.040 [java] [DEBUG] running - java.exe [-Dfile.encoding=UTF-8 com.thoughtworks.gauge.GaugeRuntime --start]
30-10-2021 17:34:12.040 [java] [DEBUG] stdout/stderr is logged to logs\8008-java.exe.out
30-10-2021 17:34:12.402 [java] [DEBUG] multithreading is set to false
30-10-2021 17:34:12.865 [java] [DEBUG] Using reflection to scan dependencies for gauge implementations...
30-10-2021 17:34:13.498 [java] [DEBUG] gauge-java took 1098milliseconds to load and scan. This should be less than 'runner_connection_timeout' config value.
30-10-2021 17:34:13.498 [java] [DEBUG] run 'gauge config runner_connection_timeout' and verify that it is < 1098
30-10-2021 17:34:13.498 [java] [DEBUG] starting gRPC server...
30-10-2021 17:34:14.079 [java] [DEBUG] started gRPC server on port 51106
30-10-2021 17:34:14.079 [Gauge] [DEBUG] Attempting to connect to grpc server at port: 51106
30-10-2021 17:34:14.236 [Gauge] [DEBUG] Successfully made the connection with runner with port: 51106
30-10-2021 17:34:14.236 [Gauge] [DEBUG] Validation started.
30-10-2021 17:34:15.385 [java] [DEBUG] Scanning packages for steps
30-10-2021 17:34:15.425 [java] [DEBUG] Comparing 'org.example.sayfalar.Kategori.checkCategoryPage' and 'org.example.sayfalar.Kategori.checkCategoryPage'
30-10-2021 17:34:15.425 [java] [DEBUG] Found Kategori Sayfası Kontrol in current project scope.
30-10-2021 17:34:15.425 [java] [DEBUG] Comparing 'org.example.StepImplementation.clickElementByid' and 'org.example.StepImplementation.clickElementByid'
30-10-2021 17:34:15.425 [java] [DEBUG] Found {} İd'li elemente tıkla in current project scope.
30-10-2021 17:34:15.426 [java] [DEBUG] Comparing 'org.example.sayfalar.Giriş.checkLogin' and 'org.example.sayfalar.Giriş.checkLogin'
30-10-2021 17:34:15.426 [java] [DEBUG] Found Login page doğrulama in current project scope.
30-10-2021 17:34:15.426 [java] [DEBUG] Comparing 'org.example.sayfalar.Alışveriş.checkShopping' and 'org.example.sayfalar.Alışveriş.checkShopping'
30-10-2021 17:34:15.426 [java] [DEBUG] Found Alışveriş Sayfası Doğrula in current project scope.
30-10-2021 17:34:15.426 [java] [DEBUG] Comparing 'org.example.StepImplementation.clickElementByxpath' and 'org.example.StepImplementation.clickElementByxpath'
30-10-2021 17:34:15.426 [java] [DEBUG] Found {} xpath'li elemente tıkla in current project scope.
30-10-2021 17:34:15.426 [java] [DEBUG] Comparing 'org.example.StepImplementation.ScrollRandomPos' and 'org.example.StepImplementation.ScrollRandomPos'
30-10-2021 17:34:15.426 [java] [DEBUG] Found sayfa boyunca scroll et in current project scope.
30-10-2021 17:34:15.426 [java] [DEBUG] Comparing 'org.example.StepImplementation.waitSeconds' and 'org.example.StepImplementation.waitSeconds'
30-10-2021 17:34:15.426 [java] [DEBUG] Found {} saniye bekle in current project scope.
30-10-2021 17:34:15.426 [java] [DEBUG] Comparing 'org.example.StepImplementation.SendkeyElementByid' and 'org.example.StepImplementation.SendkeyElementByid'
30-10-2021 17:34:15.426 [java] [DEBUG] Found {} İd'li elemente {} değerini yaz in current project scope.
30-10-2021 17:34:15.427 [java] [DEBUG] Comparing 'org.example.StepImplementation.findAllProducts' and 'org.example.StepImplementation.findAllProducts'
30-10-2021 17:34:15.427 [java] [DEBUG] Found {} xpath'te bulunan sayfada görünen tüm ürünleri bul ve rastgele bir ürüne tıkla in current project scope.
30-10-2021 17:34:15.427 [java] [DEBUG] Comparing 'org.example.sayfalar.Anasayfa.open' and 'org.example.sayfalar.Anasayfa.open'
30-10-2021 17:34:15.427 [java] [DEBUG] Found Açılış Sayfası Kontrol in current project scope.
30-10-2021 17:34:15.427 [java] [DEBUG] Comparing 'org.example.StepImplementation.addToBasket' and 'org.example.StepImplementation.addToBasket'
30-10-2021 17:34:15.427 [java] [DEBUG] Found Sepete ekle in current project scope.
30-10-2021 17:34:15.427 [java] [DEBUG] Comparing 'org.example.sayfalar.Ürün.checkProductDetail' and 'org.example.sayfalar.Ürün.checkProductDetail'
30-10-2021 17:34:15.427 [java] [DEBUG] Found Product detail sayfası doğrulama in current project scope.
30-10-2021 17:34:15.427 [java] [DEBUG] Scanning packages for hooks
30-10-2021 17:34:15.435 [java] [DEBUG] Scanned steps (using static parsing + reflections): 
30-10-2021 17:34:15.435 [java] [DEBUG] 	Sepete ekle : public void addToBasket()
30-10-2021 17:34:15.435 [java] [DEBUG] 	{} xpath'li elemente tıkla : public void clickElementByxpath(String Key)
30-10-2021 17:34:15.435 [java] [DEBUG] 	Kategori Sayfası Kontrol : public void checkCategoryPage()
30-10-2021 17:34:15.435 [java] [DEBUG] 	Alışveriş Sayfası Doğrula : public void checkShopping()
30-10-2021 17:34:15.435 [java] [DEBUG] 	Açılış Sayfası Kontrol : public void open()
30-10-2021 17:34:15.436 [java] [DEBUG] 	{} İd'li elemente {} değerini yaz : public void SendkeyElementByid(String Key, String keyword)
30-10-2021 17:34:15.437 [java] [DEBUG] 	Product detail sayfası doğrulama : public void checkProductDetail()
30-10-2021 17:34:15.437 [java] [DEBUG] 	sayfa boyunca scroll et : public void ScrollRandomPos()
30-10-2021 17:34:15.437 [java] [DEBUG] 	{} saniye bekle : public void waitSeconds(ınt seconds)
30-10-2021 17:34:15.438 [java] [DEBUG] 	{} xpath'te bulunan sayfada görünen tüm ürünleri bul ve rastgele bir ürüne tıkla : public void findAllProducts(String Key)
30-10-2021 17:34:15.438 [java] [DEBUG] 	Login page doğrulama : public void checkLogin()
30-10-2021 17:34:15.438 [java] [DEBUG] 	{} İd'li elemente tıkla : public void clickElementByid(String Key)
30-10-2021 17:34:18.111 [Gauge] [DEBUG] Validation completed.
30-10-2021 17:34:18.114 [Gauge] [DEBUG] Run started
30-10-2021 17:34:18.118 [Gauge] [DEBUG] Starting Html Report plugin
30-10-2021 17:34:18.188 [Gauge] [DEBUG] Attempting to connect to grpc server at port: 51110
30-10-2021 17:34:18.188 [Gauge] [DEBUG] Successfully made the connection with plugin with port: 51110
30-10-2021 17:34:18.188 [Gauge] [DEBUG] Initialising suite data store.
30-10-2021 17:34:18.226 [java] [INFO] Android  testi başlıyor
30-10-2021 17:34:23.249 [html-report] [DEBUG] Transformed SuiteResult to report structure
30-10-2021 17:34:23.347 [html-report] [INFO] Successfully generated html-report to => C:\Users\testinium\IdeaProjects\odev2doruk\reports\html-report\index.html
30-10-2021 17:34:23.347 [html-report] [DEBUG] Done generating HTML report using theme from C:\Users\testinium\AppData\Roaming\gauge\plugins\html-report\4.1.2\themes\default
30-10-2021 17:34:23.347 [Gauge] [DEBUG] Sending kill message to Html Report plugin.
30-10-2021 17:34:23.350 [java] [DEBUG] Killing Java runner...
30-10-2021 17:34:23.353 [java] [DEBUG] Stopping execution pool...
30-10-2021 17:34:23.353 [java] [DEBUG] Shutting down grpc server...
30-10-2021 17:34:23.368 [java] [DEBUG] Runner killed gracefully.
30-10-2021 17:34:24.235 [Gauge] [DEBUG] Runner with PID:8008 has exited
30-10-2021 17:34:24.236 [Gauge] [INFO] Specifications:	1 executed	0 passed	1 failed	0 skipped
30-10-2021 17:34:24.236 [Gauge] [INFO] Scenarios:	1 executed	0 passed	1 failed	0 skipped
30-10-2021 17:34:24.237 [Gauge] [INFO] 
Total time taken: 5.13s
30-10-2021 17:48:16.590 [Gauge] [DEBUG] Created gauge_screenshots_dir at C:\Users\testinium\IdeaProjects\odev2doruk\.gauge\screenshots
30-10-2021 17:48:16.595 [Gauge] [DEBUG] Plugin java is already installed.
30-10-2021 17:48:16.596 [Gauge] [DEBUG] Plugin html-report is already installed.
30-10-2021 17:48:16.598 [Gauge] [DEBUG] Parsing started.
30-10-2021 17:48:16.598 [Gauge] [DEBUG] Started concepts parsing.
30-10-2021 17:48:16.615 [Gauge] [DEBUG] 6 concepts parsing completed.
30-10-2021 17:48:16.615 [Gauge] [DEBUG] Started specifications parsing.
30-10-2021 17:48:16.618 [Gauge] [DEBUG] 1 specifications parsing completed.
30-10-2021 17:48:16.618 [Gauge] [DEBUG] Parsing completed.
30-10-2021 17:48:16.659 [java] [DEBUG] ***** Printing Properties/Env Values *****
30-10-2021 17:48:16.659 [java] [DEBUG] PATH: C:\Program Files (x86)\Common Files\Oracle\Java\javapath;C:\Windows\system32;C:\Windows;C:\Windows\System32\Wbem;C:\Windows\System32\WindowsPowerShell\v1.0\;C:\Windows\System32\OpenSSH\;C:\Program Files\NVIDIA Corporation\NVIDIA NvDLISR;C:\WINDOWS\system32;C:\WINDOWS;C:\WINDOWS\System32\Wbem;C:\WINDOWS\System32\WindowsPowerShell\v1.0\;C:\WINDOWS\System32\OpenSSH\;C:\Program Files\Git\cmd;C:\Program Files\nodejs\;C:\Program Files (x86)\Micro Focus\Unified Functional Testing\bin;%!J(MISSING)AVA_HOME%!\(MISSING)bin;C:\Program Files\maven\apache-maven-3.8.3\bin;C:\Program Files\maven\apache-maven-3.8.3\bin;C:\Program Files\Gauge\bin;C:\Program Files\Android\sdk\platform-tools;C:\Program Files\Android\sdk\build-tools\29.0.2;C:\Users\testinium\AppData\Local\Microsoft\WindowsApps;;C:\Program Files\JetBrains\IntelliJ IDEA Community Edition 2021.2.2\bin;;C:\Users\testinium\AppData\Roaming\npm;C:\Users\testinium\AppData\Roaming\gauge\plugins\screenshot\0.1.0
30-10-2021 17:48:16.659 [java] [DEBUG] JAVA_HOME: 
30-10-2021 17:48:16.659 [java] [DEBUG] gauge_project_root: C:\Users\testinium\IdeaProjects\odev2doruk
30-10-2021 17:48:16.659 [java] [DEBUG] gauge_parallel_streams_count: 8
30-10-2021 17:48:16.659 [java] [DEBUG] gauge_reports_dir: reports
30-10-2021 17:48:16.659 [java] [DEBUG] overwrite_reports: true
30-10-2021 17:48:16.659 [java] [DEBUG] logs_directory: logs
30-10-2021 17:48:16.659 [java] [DEBUG] enable_multithreading: false
30-10-2021 17:48:16.659 [java] [DEBUG] gauge_specs_dir: specs
30-10-2021 17:48:16.659 [java] [DEBUG] csv_delimiter: ,
30-10-2021 17:48:16.659 [java] [DEBUG] gauge_java_home: 
30-10-2021 17:48:16.659 [java] [DEBUG] gauge_custom_build_path: 
30-10-2021 17:48:16.659 [java] [DEBUG] gauge_additional_libs: libs/*
30-10-2021 17:48:16.659 [java] [DEBUG] gauge_jvm_args: 
30-10-2021 17:48:16.659 [java] [DEBUG] gauge_custom_compile_dir: 
30-10-2021 17:48:16.659 [java] [DEBUG] gauge_clear_state_level: scenario
30-10-2021 17:48:16.659 [java] [DEBUG] ***** END *****
30-10-2021 17:48:17.309 [Gauge] [DEBUG] Checking updates...
30-10-2021 17:48:17.317 [Gauge] [DEBUG] Downloading https://downloads.gauge.org/plugin/flash?l=java&p=flash,html-report,java,json-report,screenshot,spectacle,xml-report&o=windows&a=amd64
30-10-2021 17:48:17.876 [Gauge] [DEBUG] Downloading https://downloads.gauge.org/plugin/html-report?l=java&p=flash,html-report,java,json-report,screenshot,spectacle,xml-report&o=windows&a=amd64
30-10-2021 17:48:18.052 [Gauge] [DEBUG] Downloading https://downloads.gauge.org/plugin/java?l=java&p=flash,html-report,java,json-report,screenshot,spectacle,xml-report&o=windows&a=amd64
30-10-2021 17:48:18.207 [Gauge] [DEBUG] Downloading https://downloads.gauge.org/plugin/json-report?l=java&p=flash,html-report,java,json-report,screenshot,spectacle,xml-report&o=windows&a=amd64
30-10-2021 17:48:18.366 [Gauge] [DEBUG] Downloading https://downloads.gauge.org/plugin/screenshot?l=java&p=flash,html-report,java,json-report,screenshot,spectacle,xml-report&o=windows&a=amd64
30-10-2021 17:48:18.545 [Gauge] [DEBUG] Downloading https://downloads.gauge.org/plugin/spectacle?l=java&p=flash,html-report,java,json-report,screenshot,spectacle,xml-report&o=windows&a=amd64
30-10-2021 17:48:18.829 [Gauge] [DEBUG] Downloading https://downloads.gauge.org/plugin/xml-report?l=java&p=flash,html-report,java,json-report,screenshot,spectacle,xml-report&o=windows&a=amd64
30-10-2021 17:48:22.391 [java] [DEBUG] classpath set to C:\Users\testinium\.jdks\openjdk-17!\java.base;C:\Users\testinium\.jdks\openjdk-17!\java.compiler;C:\Users\testinium\.jdks\openjdk-17!\java.datatransfer;C:\Users\testinium\.jdks\openjdk-17!\java.desktop;C:\Users\testinium\.jdks\openjdk-17!\java.instrument;C:\Users\testinium\.jdks\openjdk-17!\java.logging;C:\Users\testinium\.jdks\openjdk-17!\java.management;C:\Users\testinium\.jdks\openjdk-17!\java.management.rmi;C:\Users\testinium\.jdks\openjdk-17!\java.naming;C:\Users\testinium\.jdks\openjdk-17!\java.net.http;C:\Users\testinium\.jdks\openjdk-17!\java.prefs;C:\Users\testinium\.jdks\openjdk-17!\java.rmi;C:\Users\testinium\.jdks\openjdk-17!\java.scripting;C:\Users\testinium\.jdks\openjdk-17!\java.se;C:\Users\testinium\.jdks\openjdk-17!\java.security.jgss;C:\Users\testinium\.jdks\openjdk-17!\java.security.sasl;C:\Users\testinium\.jdks\openjdk-17!\java.smartcardio;C:\Users\testinium\.jdks\openjdk-17!\java.sql;C:\Users\testinium\.jdks\openjdk-17!\java.sql.rowset;C:\Users\testinium\.jdks\openjdk-17!\java.transaction.xa;C:\Users\testinium\.jdks\openjdk-17!\java.xml;C:\Users\testinium\.jdks\openjdk-17!\java.xml.crypto;C:\Users\testinium\.jdks\openjdk-17!\jdk.accessibility;C:\Users\testinium\.jdks\openjdk-17!\jdk.attach;C:\Users\testinium\.jdks\openjdk-17!\jdk.charsets;C:\Users\testinium\.jdks\openjdk-17!\jdk.compiler;C:\Users\testinium\.jdks\openjdk-17!\jdk.crypto.cryptoki;C:\Users\testinium\.jdks\openjdk-17!\jdk.crypto.ec;C:\Users\testinium\.jdks\openjdk-17!\jdk.crypto.mscapi;C:\Users\testinium\.jdks\openjdk-17!\jdk.dynalink;C:\Users\testinium\.jdks\openjdk-17!\jdk.editpad;C:\Users\testinium\.jdks\openjdk-17!\jdk.hotspot.agent;C:\Users\testinium\.jdks\openjdk-17!\jdk.httpserver;C:\Users\testinium\.jdks\openjdk-17!\jdk.incubator.foreign;C:\Users\testinium\.jdks\openjdk-17!\jdk.incubator.vector;C:\Users\testinium\.jdks\openjdk-17!\jdk.internal.ed;C:\Users\testinium\.jdks\openjdk-17!\jdk.internal.jvmstat;C:\Users\testinium\.jdks\openjdk-17!\jdk.internal.le;C:\Users\testinium\.jdks\openjdk-17!\jdk.internal.opt;C:\Users\testinium\.jdks\openjdk-17!\jdk.internal.vm.ci;C:\Users\testinium\.jdks\openjdk-17!\jdk.internal.vm.compiler;C:\Users\testinium\.jdks\openjdk-17!\jdk.internal.vm.compiler.management;C:\Users\testinium\.jdks\openjdk-17!\jdk.jartool;C:\Users\testinium\.jdks\openjdk-17!\jdk.javadoc;C:\Users\testinium\.jdks\openjdk-17!\jdk.jcmd;C:\Users\testinium\.jdks\openjdk-17!\jdk.jconsole;C:\Users\testinium\.jdks\openjdk-17!\jdk.jdeps;C:\Users\testinium\.jdks\openjdk-17!\jdk.jdi;C:\Users\testinium\.jdks\openjdk-17!\jdk.jdwp.agent;C:\Users\testinium\.jdks\openjdk-17!\jdk.jfr;C:\Users\testinium\.jdks\openjdk-17!\jdk.jlink;C:\Users\testinium\.jdks\openjdk-17!\jdk.jpackage;C:\Users\testinium\.jdks\openjdk-17!\jdk.jshell;C:\Users\testinium\.jdks\openjdk-17!\jdk.jsobject;C:\Users\testinium\.jdks\openjdk-17!\jdk.jstatd;C:\Users\testinium\.jdks\openjdk-17!\jdk.localedata;C:\Users\testinium\.jdks\openjdk-17!\jdk.management;C:\Users\testinium\.jdks\openjdk-17!\jdk.management.agent;C:\Users\testinium\.jdks\openjdk-17!\jdk.management.jfr;C:\Users\testinium\.jdks\openjdk-17!\jdk.naming.dns;C:\Users\testinium\.jdks\openjdk-17!\jdk.naming.rmi;C:\Users\testinium\.jdks\openjdk-17!\jdk.net;C:\Users\testinium\.jdks\openjdk-17!\jdk.nio.mapmode;C:\Users\testinium\.jdks\openjdk-17!\jdk.random;C:\Users\testinium\.jdks\openjdk-17!\jdk.sctp;C:\Users\testinium\.jdks\openjdk-17!\jdk.security.auth;C:\Users\testinium\.jdks\openjdk-17!\jdk.security.jgss;C:\Users\testinium\.jdks\openjdk-17!\jdk.unsupported;C:\Users\testinium\.jdks\openjdk-17!\jdk.unsupported.desktop;C:\Users\testinium\.jdks\openjdk-17!\jdk.xml.dom;C:\Users\testinium\.jdks\openjdk-17!\jdk.zipfs;C:\Users\testinium\IdeaProjects\odev2doruk\target\test-classes;C:\Users\testinium\.m2\repository\junit\junit\4.12\junit-4.12.jar;C:\Users\testinium\.m2\repository\org\hamcrest\hamcrest-core\1.3\hamcrest-core-1.3.jar;C:\Users\testinium\.m2\repository\com\thoughtworks\gauge\gauge-java\0.7.15\gauge-java-0.7.15.jar;C:\Users\testinium\.m2\repository\org\assertj\assertj-core\3.19.0\assertj-core-3.19.0.jar;C:\Users\testinium\.m2\repository\org\reflections\reflections\0.9.9\reflections-0.9.9.jar;C:\Users\testinium\.m2\repository\org\javassist\javassist\3.18.2-GA\javassist-3.18.2-GA.jar;C:\Users\testinium\.m2\repository\com\google\code\findbugs\annotations\2.0.1\annotations-2.0.1.jar;C:\Users\testinium\.m2\repository\com\github\javaparser\javaparser-core\3.16.3\javaparser-core-3.16.3.jar;C:\Users\testinium\.m2\repository\commons-io\commons-io\2.8.0\commons-io-2.8.0.jar;C:\Users\testinium\.m2\repository\commons-lang\commons-lang\2.6\commons-lang-2.6.jar;C:\Users\testinium\.m2\repository\org\json\json\20210307\json-20210307.jar;C:\Users\testinium\.m2\repository\com\google\protobuf\protobuf-java\3.15.8\protobuf-java-3.15.8.jar;C:\Users\testinium\.m2\repository\com\google\guava\guava\30.1.1-jre\guava-30.1.1-jre.jar;C:\Users\testinium\.m2\repository\com\google\guava\failureaccess\1.0.1\failureaccess-1.0.1.jar;C:\Users\testinium\.m2\repository\com\google\guava\listenablefuture\9999.0-empty-to-avoid-conflict-with-guava\listenablefuture-9999.0-empty-to-avoid-conflict-with-guava.jar;C:\Users\testinium\.m2\repository\com\google\code\findbugs\jsr305\3.0.2\jsr305-3.0.2.jar;C:\Users\testinium\.m2\repository\org\checkerframework\checker-qual\3.8.0\checker-qual-3.8.0.jar;C:\Users\testinium\.m2\repository\com\google\errorprone\error_prone_annotations\2.5.1\error_prone_annotations-2.5.1.jar;C:\Users\testinium\.m2\repository\com\google\j2objc\j2objc-annotations\1.3\j2objc-annotations-1.3.jar;C:\Users\testinium\.m2\repository\io\grpc\grpc-netty-shaded\1.37.0\grpc-netty-shaded-1.37.0.jar;C:\Users\testinium\.m2\repository\io\grpc\grpc-core\1.37.0\grpc-core-1.37.0.jar;C:\Users\testinium\.m2\repository\com\google\android\annotations\4.1.1.4\annotations-4.1.1.4.jar;C:\Users\testinium\.m2\repository\io\perfmark\perfmark-api\0.23.0\perfmark-api-0.23.0.jar;C:\Users\testinium\.m2\repository\io\grpc\grpc-protobuf\1.37.0\grpc-protobuf-1.37.0.jar;C:\Users\testinium\.m2\repository\io\grpc\grpc-api\1.37.0\grpc-api-1.37.0.jar;C:\Users\testinium\.m2\repository\io\grpc\grpc-context\1.37.0\grpc-context-1.37.0.jar;C:\Users\testinium\.m2\repository\com\google\api\grpc\proto-google-common-protos\2.0.1\proto-google-common-protos-2.0.1.jar;C:\Users\testinium\.m2\repository\io\grpc\grpc-protobuf-lite\1.37.0\grpc-protobuf-lite-1.37.0.jar;C:\Users\testinium\.m2\repository\org\codehaus\mojo\animal-sniffer-annotations\1.19\animal-sniffer-annotations-1.19.jar;C:\Users\testinium\.m2\repository\io\grpc\grpc-stub\1.37.0\grpc-stub-1.37.0.jar;C:\Users\testinium\.m2\repository\javax\annotation\javax.annotation-api\1.3.2\javax.annotation-api-1.3.2.jar;C:\Users\testinium\.m2\repository\io\appium\java-client\7.3.0\java-client-7.3.0.jar;C:\Users\testinium\.m2\repository\org\seleniumhq\selenium\selenium-java\3.141.59\selenium-java-3.141.59.jar;C:\Users\testinium\.m2\repository\org\seleniumhq\selenium\selenium-chrome-driver\3.141.59\selenium-chrome-driver-3.141.59.jar;C:\Users\testinium\.m2\repository\org\seleniumhq\selenium\selenium-edge-driver\3.141.59\selenium-edge-driver-3.141.59.jar;C:\Users\testinium\.m2\repository\org\seleniumhq\selenium\selenium-firefox-driver\3.141.59\selenium-firefox-driver-3.141.59.jar;C:\Users\testinium\.m2\repository\org\seleniumhq\selenium\selenium-ie-driver\3.141.59\selenium-ie-driver-3.141.59.jar;C:\Users\testinium\.m2\repository\org\seleniumhq\selenium\selenium-opera-driver\3.141.59\selenium-opera-driver-3.141.59.jar;C:\Users\testinium\.m2\repository\org\seleniumhq\selenium\selenium-remote-driver\3.141.59\selenium-remote-driver-3.141.59.jar;C:\Users\testinium\.m2\repository\org\seleniumhq\selenium\selenium-safari-driver\3.141.59\selenium-safari-driver-3.141.59.jar;C:\Users\testinium\.m2\repository\net\bytebuddy\byte-buddy\1.8.15\byte-buddy-1.8.15.jar;C:\Users\testinium\.m2\repository\org\apache\commons\commons-exec\1.3\commons-exec-1.3.jar;C:\Users\testinium\.m2\repository\com\squareup\okhttp3\okhttp\3.11.0\okhttp-3.11.0.jar;C:\Users\testinium\.m2\repository\com\squareup\okio\okio\1.14.0\okio-1.14.0.jar;C:\Users\testinium\.m2\repository\org\seleniumhq\selenium\selenium-support\3.141.59\selenium-support-3.141.59.jar;C:\Users\testinium\.m2\repository\org\seleniumhq\selenium\selenium-api\3.141.59\selenium-api-3.141.59.jar;C:\Users\testinium\.m2\repository\com\google\code\gson\gson\2.8.5\gson-2.8.5.jar;C:\Users\testinium\.m2\repository\org\apache\httpcomponents\httpclient\4.5.9\httpclient-4.5.9.jar;C:\Users\testinium\.m2\repository\org\apache\httpcomponents\httpcore\4.4.11\httpcore-4.4.11.jar;C:\Users\testinium\.m2\repository\commons-logging\commons-logging\1.2\commons-logging-1.2.jar;C:\Users\testinium\.m2\repository\commons-codec\commons-codec\1.11\commons-codec-1.11.jar;C:\Users\testinium\.m2\repository\cglib\cglib\3.2.12\cglib-3.2.12.jar;C:\Users\testinium\.m2\repository\org\ow2\asm\asm\7.1\asm-7.1.jar;C:\Users\testinium\.m2\repository\commons-validator\commons-validator\1.6\commons-validator-1.6.jar;C:\Users\testinium\.m2\repository\commons-beanutils\commons-beanutils\1.9.2\commons-beanutils-1.9.2.jar;C:\Users\testinium\.m2\repository\commons-digester\commons-digester\1.8.1\commons-digester-1.8.1.jar;C:\Users\testinium\.m2\repository\commons-collections\commons-collections\3.2.2\commons-collections-3.2.2.jar;C:\Users\testinium\.m2\repository\org\apache\commons\commons-lang3\3.9\commons-lang3-3.9.jar;C:\Users\testinium\.m2\repository\org\springframework\spring-context\5.1.8.RELEASE\spring-context-5.1.8.RELEASE.jar;C:\Users\testinium\.m2\repository\org\springframework\spring-aop\5.1.8.RELEASE\spring-aop-5.1.8.RELEASE.jar;C:\Users\testinium\.m2\repository\org\springframework\spring-beans\5.1.8.RELEASE\spring-beans-5.1.8.RELEASE.jar;C:\Users\testinium\.m2\repository\org\springframework\spring-core\5.1.8.RELEASE\spring-core-5.1.8.RELEASE.jar;C:\Users\testinium\.m2\repository\org\springframework\spring-jcl\5.1.8.RELEASE\spring-jcl-5.1.8.RELEASE.jar;C:\Users\testinium\.m2\repository\org\springframework\spring-expression\5.1.8.RELEASE\spring-expression-5.1.8.RELEASE.jar;C:\Users\testinium\.m2\repository\org\aspectj\aspectjweaver\1.9.4\aspectjweaver-1.9.4.jar;C:\Users\testinium\.m2\repository\org\slf4j\slf4j-api\1.7.30\slf4j-api-1.7.30.jar;C:\Users\testinium\.m2\repository\org\slf4j\slf4j-log4j12\1.7.30\slf4j-log4j12-1.7.30.jar;C:\Users\testinium\.m2\repository\log4j\log4j\1.2.17\log4j-1.2.17.jar;C:\Users\testinium\.m2\repository\org\junit\jupiter\junit-jupiter\5.8.1\junit-jupiter-5.8.1.jar;C:\Users\testinium\.m2\repository\org\junit\jupiter\junit-jupiter-api\5.8.1\junit-jupiter-api-5.8.1.jar;C:\Users\testinium\.m2\repository\org\opentest4j\opentest4j\1.2.0\opentest4j-1.2.0.jar;C:\Users\testinium\.m2\repository\org\junit\platform\junit-platform-commons\1.8.1\junit-platform-commons-1.8.1.jar;C:\Users\testinium\.m2\repository\org\apiguardian\apiguardian-api\1.1.2\apiguardian-api-1.1.2.jar;C:\Users\testinium\.m2\repository\org\junit\jupiter\junit-jupiter-params\5.8.1\junit-jupiter-params-5.8.1.jar;C:\Users\testinium\.m2\repository\org\junit\jupiter\junit-jupiter-engine\5.8.1\junit-jupiter-engine-5.8.1.jar;C:\Users\testinium\.m2\repository\org\junit\platform\junit-platform-engine\1.8.1\junit-platform-engine-1.8.1.jar
30-10-2021 17:48:22.391 [java] [DEBUG] found java executable in java.exe
30-10-2021 17:48:22.393 [java] [DEBUG] running - java.exe [-Dfile.encoding=UTF-8 com.thoughtworks.gauge.GaugeRuntime --start]
30-10-2021 17:48:22.393 [java] [DEBUG] stdout/stderr is logged to logs\2552-java.exe.out
30-10-2021 17:48:22.823 [java] [DEBUG] multithreading is set to false
30-10-2021 17:48:23.232 [java] [DEBUG] Using reflection to scan dependencies for gauge implementations...
30-10-2021 17:48:23.810 [java] [DEBUG] gauge-java took 987milliseconds to load and scan. This should be less than 'runner_connection_timeout' config value.
30-10-2021 17:48:23.811 [java] [DEBUG] run 'gauge config runner_connection_timeout' and verify that it is < 987
30-10-2021 17:48:23.811 [java] [DEBUG] starting gRPC server...
30-10-2021 17:48:24.363 [java] [DEBUG] started gRPC server on port 51438
30-10-2021 17:48:24.364 [Gauge] [DEBUG] Attempting to connect to grpc server at port: 51438
30-10-2021 17:48:24.498 [Gauge] [DEBUG] Successfully made the connection with runner with port: 51438
30-10-2021 17:48:24.499 [Gauge] [DEBUG] Validation started.
30-10-2021 17:48:26.333 [java] [DEBUG] Scanning packages for steps
30-10-2021 17:48:26.437 [java] [DEBUG] Comparing 'org.example.sayfalar.Kategori.checkCategoryPage' and 'org.example.sayfalar.Kategori.checkCategoryPage'
30-10-2021 17:48:26.437 [java] [DEBUG] Found Kategori Sayfası Kontrol in current project scope.
30-10-2021 17:48:26.438 [java] [DEBUG] Comparing 'org.example.StepImplementation.clickElementByid' and 'org.example.StepImplementation.clickElementByid'
30-10-2021 17:48:26.438 [java] [DEBUG] Found {} İd'li elemente tıkla in current project scope.
30-10-2021 17:48:26.439 [java] [DEBUG] Comparing 'org.example.sayfalar.Giriş.checkLogin' and 'org.example.sayfalar.Giriş.checkLogin'
30-10-2021 17:48:26.439 [java] [DEBUG] Found Login page doğrulama in current project scope.
30-10-2021 17:48:26.440 [java] [DEBUG] Comparing 'org.example.sayfalar.Alışveriş.checkShopping' and 'org.example.sayfalar.Alışveriş.checkShopping'
30-10-2021 17:48:26.440 [java] [DEBUG] Found Alışveriş Sayfası Doğrula in current project scope.
30-10-2021 17:48:26.440 [java] [DEBUG] Comparing 'org.example.StepImplementation.clickElementByxpath' and 'org.example.StepImplementation.clickElementByxpath'
30-10-2021 17:48:26.441 [java] [DEBUG] Found {} xpath'li elemente tıkla in current project scope.
30-10-2021 17:48:26.441 [java] [DEBUG] Comparing 'org.example.StepImplementation.ScrollRandomPos' and 'org.example.StepImplementation.ScrollRandomPos'
30-10-2021 17:48:26.441 [java] [DEBUG] Found sayfa boyunca scroll et in current project scope.
30-10-2021 17:48:26.442 [java] [DEBUG] Comparing 'org.example.StepImplementation.waitSeconds' and 'org.example.StepImplementation.waitSeconds'
30-10-2021 17:48:26.442 [java] [DEBUG] Found {} saniye bekle in current project scope.
30-10-2021 17:48:26.443 [java] [DEBUG] Comparing 'org.example.StepImplementation.SendkeyElementByid' and 'org.example.StepImplementation.SendkeyElementByid'
30-10-2021 17:48:26.443 [java] [DEBUG] Found {} İd'li elemente {} değerini yaz in current project scope.
30-10-2021 17:48:26.443 [java] [DEBUG] Comparing 'org.example.StepImplementation.findAllProducts' and 'org.example.StepImplementation.findAllProducts'
30-10-2021 17:48:26.443 [java] [DEBUG] Found {} xpath'te bulunan sayfada görünen tüm ürünleri bul ve rastgele bir ürüne tıkla in current project scope.
30-10-2021 17:48:26.444 [java] [DEBUG] Comparing 'org.example.sayfalar.Anasayfa.open' and 'org.example.sayfalar.Anasayfa.open'
30-10-2021 17:48:26.444 [java] [DEBUG] Found Açılış Sayfası Kontrol in current project scope.
30-10-2021 17:48:26.445 [java] [DEBUG] Comparing 'org.example.StepImplementation.addToBasket' and 'org.example.StepImplementation.addToBasket'
30-10-2021 17:48:26.445 [java] [DEBUG] Found Sepete ekle in current project scope.
30-10-2021 17:48:26.445 [java] [DEBUG] Comparing 'org.example.sayfalar.Ürün.checkProductDetail' and 'org.example.sayfalar.Ürün.checkProductDetail'
30-10-2021 17:48:26.445 [java] [DEBUG] Found Product detail sayfası doğrulama in current project scope.
30-10-2021 17:48:26.446 [java] [DEBUG] Scanning packages for hooks
30-10-2021 17:48:26.470 [java] [DEBUG] Scanned steps (using static parsing + reflections): 
30-10-2021 17:48:26.470 [java] [DEBUG] 	Sepete ekle : public void addToBasket()
30-10-2021 17:48:26.470 [java] [DEBUG] 	{} xpath'li elemente tıkla : public void clickElementByxpath(String Key)
30-10-2021 17:48:26.470 [java] [DEBUG] 	Kategori Sayfası Kontrol : public void checkCategoryPage()
30-10-2021 17:48:26.470 [java] [DEBUG] 	Alışveriş Sayfası Doğrula : public void checkShopping()
30-10-2021 17:48:26.470 [java] [DEBUG] 	Açılış Sayfası Kontrol : public void open()
30-10-2021 17:48:26.471 [java] [DEBUG] 	{} İd'li elemente {} değerini yaz : public void SendkeyElementByid(String Key, String keyword)
30-10-2021 17:48:26.471 [java] [DEBUG] 	Product detail sayfası doğrulama : public void checkProductDetail()
30-10-2021 17:48:26.471 [java] [DEBUG] 	sayfa boyunca scroll et : public void ScrollRandomPos()
30-10-2021 17:48:26.471 [java] [DEBUG] 	{} saniye bekle : public void waitSeconds(ınt seconds)
30-10-2021 17:48:26.472 [java] [DEBUG] 	{} xpath'te bulunan sayfada görünen tüm ürünleri bul ve rastgele bir ürüne tıkla : public void findAllProducts(String Key)
30-10-2021 17:48:26.472 [java] [DEBUG] 	Login page doğrulama : public void checkLogin()
30-10-2021 17:48:26.472 [java] [DEBUG] 	{} İd'li elemente tıkla : public void clickElementByid(String Key)
30-10-2021 17:48:32.407 [Gauge] [DEBUG] Validation completed.
30-10-2021 17:48:32.410 [Gauge] [DEBUG] Run started
30-10-2021 17:48:32.416 [Gauge] [DEBUG] Starting Html Report plugin
30-10-2021 17:48:32.502 [Gauge] [DEBUG] Attempting to connect to grpc server at port: 51443
30-10-2021 17:48:32.504 [Gauge] [DEBUG] Successfully made the connection with plugin with port: 51443
30-10-2021 17:48:32.504 [Gauge] [DEBUG] Initialising suite data store.
30-10-2021 17:48:32.613 [java] [INFO] Android  testi başlıyor
30-10-2021 17:48:38.184 [html-report] [DEBUG] Transformed SuiteResult to report structure
30-10-2021 17:48:38.391 [html-report] [INFO] Successfully generated html-report to => C:\Users\testinium\IdeaProjects\odev2doruk\reports\html-report\index.html
30-10-2021 17:48:38.391 [Gauge] [DEBUG] Sending kill message to Html Report plugin.
30-10-2021 17:48:38.391 [html-report] [DEBUG] Done generating HTML report using theme from C:\Users\testinium\AppData\Roaming\gauge\plugins\html-report\4.1.2\themes\default
30-10-2021 17:48:38.397 [java] [DEBUG] Killing Java runner...
30-10-2021 17:48:38.404 [java] [DEBUG] Stopping execution pool...
30-10-2021 17:48:38.404 [java] [DEBUG] Shutting down grpc server...
30-10-2021 17:48:38.438 [java] [DEBUG] Runner killed gracefully.
30-10-2021 17:48:39.410 [Gauge] [DEBUG] Runner with PID:2552 has exited
30-10-2021 17:48:39.411 [Gauge] [INFO] Specifications:	1 executed	0 passed	1 failed	0 skipped
30-10-2021 17:48:39.411 [Gauge] [INFO] Scenarios:	1 executed	0 passed	1 failed	0 skipped
30-10-2021 17:48:39.411 [Gauge] [INFO] 
Total time taken: 5.767s
30-10-2021 17:54:55.409 [Gauge] [DEBUG] Created gauge_screenshots_dir at C:\Users\testinium\IdeaProjects\odev2doruk\.gauge\screenshots
30-10-2021 17:54:55.414 [Gauge] [DEBUG] Plugin java is already installed.
30-10-2021 17:54:55.416 [Gauge] [DEBUG] Plugin html-report is already installed.
30-10-2021 17:54:55.417 [Gauge] [DEBUG] Parsing started.
30-10-2021 17:54:55.417 [Gauge] [DEBUG] Started concepts parsing.
30-10-2021 17:54:55.429 [Gauge] [DEBUG] 6 concepts parsing completed.
30-10-2021 17:54:55.429 [Gauge] [DEBUG] Started specifications parsing.
30-10-2021 17:54:55.430 [Gauge] [DEBUG] 1 specifications parsing completed.
30-10-2021 17:54:55.430 [Gauge] [DEBUG] Parsing completed.
30-10-2021 17:54:55.468 [java] [DEBUG] ***** Printing Properties/Env Values *****
30-10-2021 17:54:55.468 [java] [DEBUG] PATH: C:\Program Files (x86)\Common Files\Oracle\Java\javapath;C:\Windows\system32;C:\Windows;C:\Windows\System32\Wbem;C:\Windows\System32\WindowsPowerShell\v1.0\;C:\Windows\System32\OpenSSH\;C:\Program Files\NVIDIA Corporation\NVIDIA NvDLISR;C:\WINDOWS\system32;C:\WINDOWS;C:\WINDOWS\System32\Wbem;C:\WINDOWS\System32\WindowsPowerShell\v1.0\;C:\WINDOWS\System32\OpenSSH\;C:\Program Files\Git\cmd;C:\Program Files\nodejs\;C:\Program Files (x86)\Micro Focus\Unified Functional Testing\bin;%!J(MISSING)AVA_HOME%!\(MISSING)bin;C:\Program Files\maven\apache-maven-3.8.3\bin;C:\Program Files\maven\apache-maven-3.8.3\bin;C:\Program Files\Gauge\bin;C:\Program Files\Android\sdk\platform-tools;C:\Program Files\Android\sdk\build-tools\29.0.2;C:\Users\testinium\AppData\Local\Microsoft\WindowsApps;;C:\Program Files\JetBrains\IntelliJ IDEA Community Edition 2021.2.2\bin;;C:\Users\testinium\AppData\Roaming\npm;C:\Users\testinium\AppData\Roaming\gauge\plugins\screenshot\0.1.0
30-10-2021 17:54:55.468 [java] [DEBUG] JAVA_HOME: 
30-10-2021 17:54:55.468 [java] [DEBUG] gauge_project_root: C:\Users\testinium\IdeaProjects\odev2doruk
30-10-2021 17:54:55.468 [java] [DEBUG] gauge_parallel_streams_count: 8
30-10-2021 17:54:55.468 [java] [DEBUG] gauge_reports_dir: reports
30-10-2021 17:54:55.468 [java] [DEBUG] overwrite_reports: true
30-10-2021 17:54:55.468 [java] [DEBUG] logs_directory: logs
30-10-2021 17:54:55.468 [java] [DEBUG] enable_multithreading: false
30-10-2021 17:54:55.468 [java] [DEBUG] gauge_specs_dir: specs
30-10-2021 17:54:55.468 [java] [DEBUG] csv_delimiter: ,
30-10-2021 17:54:55.468 [java] [DEBUG] gauge_java_home: 
30-10-2021 17:54:55.468 [java] [DEBUG] gauge_custom_build_path: 
30-10-2021 17:54:55.468 [java] [DEBUG] gauge_additional_libs: libs/*
30-10-2021 17:54:55.468 [java] [DEBUG] gauge_jvm_args: 
30-10-2021 17:54:55.468 [java] [DEBUG] gauge_custom_compile_dir: 
30-10-2021 17:54:55.468 [java] [DEBUG] gauge_clear_state_level: scenario
30-10-2021 17:54:55.468 [java] [DEBUG] ***** END *****
30-10-2021 17:54:55.740 [Gauge] [DEBUG] Checking updates...
30-10-2021 17:54:55.750 [Gauge] [DEBUG] Downloading https://downloads.gauge.org/plugin/flash?l=java&p=flash,html-report,java,json-report,screenshot,spectacle,xml-report&o=windows&a=amd64
30-10-2021 17:54:56.091 [Gauge] [DEBUG] Downloading https://downloads.gauge.org/plugin/html-report?l=java&p=flash,html-report,java,json-report,screenshot,spectacle,xml-report&o=windows&a=amd64
30-10-2021 17:54:56.237 [Gauge] [DEBUG] Downloading https://downloads.gauge.org/plugin/java?l=java&p=flash,html-report,java,json-report,screenshot,spectacle,xml-report&o=windows&a=amd64
30-10-2021 17:54:56.387 [Gauge] [DEBUG] Downloading https://downloads.gauge.org/plugin/json-report?l=java&p=flash,html-report,java,json-report,screenshot,spectacle,xml-report&o=windows&a=amd64
30-10-2021 17:54:56.558 [Gauge] [DEBUG] Downloading https://downloads.gauge.org/plugin/screenshot?l=java&p=flash,html-report,java,json-report,screenshot,spectacle,xml-report&o=windows&a=amd64
30-10-2021 17:54:56.753 [Gauge] [DEBUG] Downloading https://downloads.gauge.org/plugin/spectacle?l=java&p=flash,html-report,java,json-report,screenshot,spectacle,xml-report&o=windows&a=amd64
30-10-2021 17:54:56.948 [Gauge] [DEBUG] Downloading https://downloads.gauge.org/plugin/xml-report?l=java&p=flash,html-report,java,json-report,screenshot,spectacle,xml-report&o=windows&a=amd64
30-10-2021 17:55:00.428 [java] [DEBUG] classpath set to C:\Users\testinium\.jdks\openjdk-17!\java.base;C:\Users\testinium\.jdks\openjdk-17!\java.compiler;C:\Users\testinium\.jdks\openjdk-17!\java.datatransfer;C:\Users\testinium\.jdks\openjdk-17!\java.desktop;C:\Users\testinium\.jdks\openjdk-17!\java.instrument;C:\Users\testinium\.jdks\openjdk-17!\java.logging;C:\Users\testinium\.jdks\openjdk-17!\java.management;C:\Users\testinium\.jdks\openjdk-17!\java.management.rmi;C:\Users\testinium\.jdks\openjdk-17!\java.naming;C:\Users\testinium\.jdks\openjdk-17!\java.net.http;C:\Users\testinium\.jdks\openjdk-17!\java.prefs;C:\Users\testinium\.jdks\openjdk-17!\java.rmi;C:\Users\testinium\.jdks\openjdk-17!\java.scripting;C:\Users\testinium\.jdks\openjdk-17!\java.se;C:\Users\testinium\.jdks\openjdk-17!\java.security.jgss;C:\Users\testinium\.jdks\openjdk-17!\java.security.sasl;C:\Users\testinium\.jdks\openjdk-17!\java.smartcardio;C:\Users\testinium\.jdks\openjdk-17!\java.sql;C:\Users\testinium\.jdks\openjdk-17!\java.sql.rowset;C:\Users\testinium\.jdks\openjdk-17!\java.transaction.xa;C:\Users\testinium\.jdks\openjdk-17!\java.xml;C:\Users\testinium\.jdks\openjdk-17!\java.xml.crypto;C:\Users\testinium\.jdks\openjdk-17!\jdk.accessibility;C:\Users\testinium\.jdks\openjdk-17!\jdk.attach;C:\Users\testinium\.jdks\openjdk-17!\jdk.charsets;C:\Users\testinium\.jdks\openjdk-17!\jdk.compiler;C:\Users\testinium\.jdks\openjdk-17!\jdk.crypto.cryptoki;C:\Users\testinium\.jdks\openjdk-17!\jdk.crypto.ec;C:\Users\testinium\.jdks\openjdk-17!\jdk.crypto.mscapi;C:\Users\testinium\.jdks\openjdk-17!\jdk.dynalink;C:\Users\testinium\.jdks\openjdk-17!\jdk.editpad;C:\Users\testinium\.jdks\openjdk-17!\jdk.hotspot.agent;C:\Users\testinium\.jdks\openjdk-17!\jdk.httpserver;C:\Users\testinium\.jdks\openjdk-17!\jdk.incubator.foreign;C:\Users\testinium\.jdks\openjdk-17!\jdk.incubator.vector;C:\Users\testinium\.jdks\openjdk-17!\jdk.internal.ed;C:\Users\testinium\.jdks\openjdk-17!\jdk.internal.jvmstat;C:\Users\testinium\.jdks\openjdk-17!\jdk.internal.le;C:\Users\testinium\.jdks\openjdk-17!\jdk.internal.opt;C:\Users\testinium\.jdks\openjdk-17!\jdk.internal.vm.ci;C:\Users\testinium\.jdks\openjdk-17!\jdk.internal.vm.compiler;C:\Users\testinium\.jdks\openjdk-17!\jdk.internal.vm.compiler.management;C:\Users\testinium\.jdks\openjdk-17!\jdk.jartool;C:\Users\testinium\.jdks\openjdk-17!\jdk.javadoc;C:\Users\testinium\.jdks\openjdk-17!\jdk.jcmd;C:\Users\testinium\.jdks\openjdk-17!\jdk.jconsole;C:\Users\testinium\.jdks\openjdk-17!\jdk.jdeps;C:\Users\testinium\.jdks\openjdk-17!\jdk.jdi;C:\Users\testinium\.jdks\openjdk-17!\jdk.jdwp.agent;C:\Users\testinium\.jdks\openjdk-17!\jdk.jfr;C:\Users\testinium\.jdks\openjdk-17!\jdk.jlink;C:\Users\testinium\.jdks\openjdk-17!\jdk.jpackage;C:\Users\testinium\.jdks\openjdk-17!\jdk.jshell;C:\Users\testinium\.jdks\openjdk-17!\jdk.jsobject;C:\Users\testinium\.jdks\openjdk-17!\jdk.jstatd;C:\Users\testinium\.jdks\openjdk-17!\jdk.localedata;C:\Users\testinium\.jdks\openjdk-17!\jdk.management;C:\Users\testinium\.jdks\openjdk-17!\jdk.management.agent;C:\Users\testinium\.jdks\openjdk-17!\jdk.management.jfr;C:\Users\testinium\.jdks\openjdk-17!\jdk.naming.dns;C:\Users\testinium\.jdks\openjdk-17!\jdk.naming.rmi;C:\Users\testinium\.jdks\openjdk-17!\jdk.net;C:\Users\testinium\.jdks\openjdk-17!\jdk.nio.mapmode;C:\Users\testinium\.jdks\openjdk-17!\jdk.random;C:\Users\testinium\.jdks\openjdk-17!\jdk.sctp;C:\Users\testinium\.jdks\openjdk-17!\jdk.security.auth;C:\Users\testinium\.jdks\openjdk-17!\jdk.security.jgss;C:\Users\testinium\.jdks\openjdk-17!\jdk.unsupported;C:\Users\testinium\.jdks\openjdk-17!\jdk.unsupported.desktop;C:\Users\testinium\.jdks\openjdk-17!\jdk.xml.dom;C:\Users\testinium\.jdks\openjdk-17!\jdk.zipfs;C:\Users\testinium\IdeaProjects\odev2doruk\target\test-classes;C:\Users\testinium\.m2\repository\junit\junit\4.12\junit-4.12.jar;C:\Users\testinium\.m2\repository\org\hamcrest\hamcrest-core\1.3\hamcrest-core-1.3.jar;C:\Users\testinium\.m2\repository\com\thoughtworks\gauge\gauge-java\0.7.15\gauge-java-0.7.15.jar;C:\Users\testinium\.m2\repository\org\assertj\assertj-core\3.19.0\assertj-core-3.19.0.jar;C:\Users\testinium\.m2\repository\org\reflections\reflections\0.9.9\reflections-0.9.9.jar;C:\Users\testinium\.m2\repository\org\javassist\javassist\3.18.2-GA\javassist-3.18.2-GA.jar;C:\Users\testinium\.m2\repository\com\google\code\findbugs\annotations\2.0.1\annotations-2.0.1.jar;C:\Users\testinium\.m2\repository\com\github\javaparser\javaparser-core\3.16.3\javaparser-core-3.16.3.jar;C:\Users\testinium\.m2\repository\commons-io\commons-io\2.8.0\commons-io-2.8.0.jar;C:\Users\testinium\.m2\repository\commons-lang\commons-lang\2.6\commons-lang-2.6.jar;C:\Users\testinium\.m2\repository\org\json\json\20210307\json-20210307.jar;C:\Users\testinium\.m2\repository\com\google\protobuf\protobuf-java\3.15.8\protobuf-java-3.15.8.jar;C:\Users\testinium\.m2\repository\com\google\guava\guava\30.1.1-jre\guava-30.1.1-jre.jar;C:\Users\testinium\.m2\repository\com\google\guava\failureaccess\1.0.1\failureaccess-1.0.1.jar;C:\Users\testinium\.m2\repository\com\google\guava\listenablefuture\9999.0-empty-to-avoid-conflict-with-guava\listenablefuture-9999.0-empty-to-avoid-conflict-with-guava.jar;C:\Users\testinium\.m2\repository\com\google\code\findbugs\jsr305\3.0.2\jsr305-3.0.2.jar;C:\Users\testinium\.m2\repository\org\checkerframework\checker-qual\3.8.0\checker-qual-3.8.0.jar;C:\Users\testinium\.m2\repository\com\google\errorprone\error_prone_annotations\2.5.1\error_prone_annotations-2.5.1.jar;C:\Users\testinium\.m2\repository\com\google\j2objc\j2objc-annotations\1.3\j2objc-annotations-1.3.jar;C:\Users\testinium\.m2\repository\io\grpc\grpc-netty-shaded\1.37.0\grpc-netty-shaded-1.37.0.jar;C:\Users\testinium\.m2\repository\io\grpc\grpc-core\1.37.0\grpc-core-1.37.0.jar;C:\Users\testinium\.m2\repository\com\google\android\annotations\4.1.1.4\annotations-4.1.1.4.jar;C:\Users\testinium\.m2\repository\io\perfmark\perfmark-api\0.23.0\perfmark-api-0.23.0.jar;C:\Users\testinium\.m2\repository\io\grpc\grpc-protobuf\1.37.0\grpc-protobuf-1.37.0.jar;C:\Users\testinium\.m2\repository\io\grpc\grpc-api\1.37.0\grpc-api-1.37.0.jar;C:\Users\testinium\.m2\repository\io\grpc\grpc-context\1.37.0\grpc-context-1.37.0.jar;C:\Users\testinium\.m2\repository\com\google\api\grpc\proto-google-common-protos\2.0.1\proto-google-common-protos-2.0.1.jar;C:\Users\testinium\.m2\repository\io\grpc\grpc-protobuf-lite\1.37.0\grpc-protobuf-lite-1.37.0.jar;C:\Users\testinium\.m2\repository\org\codehaus\mojo\animal-sniffer-annotations\1.19\animal-sniffer-annotations-1.19.jar;C:\Users\testinium\.m2\repository\io\grpc\grpc-stub\1.37.0\grpc-stub-1.37.0.jar;C:\Users\testinium\.m2\repository\javax\annotation\javax.annotation-api\1.3.2\javax.annotation-api-1.3.2.jar;C:\Users\testinium\.m2\repository\io\appium\java-client\7.3.0\java-client-7.3.0.jar;C:\Users\testinium\.m2\repository\org\seleniumhq\selenium\selenium-java\3.141.59\selenium-java-3.141.59.jar;C:\Users\testinium\.m2\repository\org\seleniumhq\selenium\selenium-chrome-driver\3.141.59\selenium-chrome-driver-3.141.59.jar;C:\Users\testinium\.m2\repository\org\seleniumhq\selenium\selenium-edge-driver\3.141.59\selenium-edge-driver-3.141.59.jar;C:\Users\testinium\.m2\repository\org\seleniumhq\selenium\selenium-firefox-driver\3.141.59\selenium-firefox-driver-3.141.59.jar;C:\Users\testinium\.m2\repository\org\seleniumhq\selenium\selenium-ie-driver\3.141.59\selenium-ie-driver-3.141.59.jar;C:\Users\testinium\.m2\repository\org\seleniumhq\selenium\selenium-opera-driver\3.141.59\selenium-opera-driver-3.141.59.jar;C:\Users\testinium\.m2\repository\org\seleniumhq\selenium\selenium-remote-driver\3.141.59\selenium-remote-driver-3.141.59.jar;C:\Users\testinium\.m2\repository\org\seleniumhq\selenium\selenium-safari-driver\3.141.59\selenium-safari-driver-3.141.59.jar;C:\Users\testinium\.m2\repository\net\bytebuddy\byte-buddy\1.8.15\byte-buddy-1.8.15.jar;C:\Users\testinium\.m2\repository\org\apache\commons\commons-exec\1.3\commons-exec-1.3.jar;C:\Users\testinium\.m2\repository\com\squareup\okhttp3\okhttp\3.11.0\okhttp-3.11.0.jar;C:\Users\testinium\.m2\repository\com\squareup\okio\okio\1.14.0\okio-1.14.0.jar;C:\Users\testinium\.m2\repository\org\seleniumhq\selenium\selenium-support\3.141.59\selenium-support-3.141.59.jar;C:\Users\testinium\.m2\repository\org\seleniumhq\selenium\selenium-api\3.141.59\selenium-api-3.141.59.jar;C:\Users\testinium\.m2\repository\com\google\code\gson\gson\2.8.5\gson-2.8.5.jar;C:\Users\testinium\.m2\repository\org\apache\httpcomponents\httpclient\4.5.9\httpclient-4.5.9.jar;C:\Users\testinium\.m2\repository\org\apache\httpcomponents\httpcore\4.4.11\httpcore-4.4.11.jar;C:\Users\testinium\.m2\repository\commons-logging\commons-logging\1.2\commons-logging-1.2.jar;C:\Users\testinium\.m2\repository\commons-codec\commons-codec\1.11\commons-codec-1.11.jar;C:\Users\testinium\.m2\repository\cglib\cglib\3.2.12\cglib-3.2.12.jar;C:\Users\testinium\.m2\repository\org\ow2\asm\asm\7.1\asm-7.1.jar;C:\Users\testinium\.m2\repository\commons-validator\commons-validator\1.6\commons-validator-1.6.jar;C:\Users\testinium\.m2\repository\commons-beanutils\commons-beanutils\1.9.2\commons-beanutils-1.9.2.jar;C:\Users\testinium\.m2\repository\commons-digester\commons-digester\1.8.1\commons-digester-1.8.1.jar;C:\Users\testinium\.m2\repository\commons-collections\commons-collections\3.2.2\commons-collections-3.2.2.jar;C:\Users\testinium\.m2\repository\org\apache\commons\commons-lang3\3.9\commons-lang3-3.9.jar;C:\Users\testinium\.m2\repository\org\springframework\spring-context\5.1.8.RELEASE\spring-context-5.1.8.RELEASE.jar;C:\Users\testinium\.m2\repository\org\springframework\spring-aop\5.1.8.RELEASE\spring-aop-5.1.8.RELEASE.jar;C:\Users\testinium\.m2\repository\org\springframework\spring-beans\5.1.8.RELEASE\spring-beans-5.1.8.RELEASE.jar;C:\Users\testinium\.m2\repository\org\springframework\spring-core\5.1.8.RELEASE\spring-core-5.1.8.RELEASE.jar;C:\Users\testinium\.m2\repository\org\springframework\spring-jcl\5.1.8.RELEASE\spring-jcl-5.1.8.RELEASE.jar;C:\Users\testinium\.m2\repository\org\springframework\spring-expression\5.1.8.RELEASE\spring-expression-5.1.8.RELEASE.jar;C:\Users\testinium\.m2\repository\org\aspectj\aspectjweaver\1.9.4\aspectjweaver-1.9.4.jar;C:\Users\testinium\.m2\repository\org\slf4j\slf4j-api\1.7.30\slf4j-api-1.7.30.jar;C:\Users\testinium\.m2\repository\org\slf4j\slf4j-log4j12\1.7.30\slf4j-log4j12-1.7.30.jar;C:\Users\testinium\.m2\repository\log4j\log4j\1.2.17\log4j-1.2.17.jar;C:\Users\testinium\.m2\repository\org\junit\jupiter\junit-jupiter\5.8.1\junit-jupiter-5.8.1.jar;C:\Users\testinium\.m2\repository\org\junit\jupiter\junit-jupiter-api\5.8.1\junit-jupiter-api-5.8.1.jar;C:\Users\testinium\.m2\repository\org\opentest4j\opentest4j\1.2.0\opentest4j-1.2.0.jar;C:\Users\testinium\.m2\repository\org\junit\platform\junit-platform-commons\1.8.1\junit-platform-commons-1.8.1.jar;C:\Users\testinium\.m2\repository\org\apiguardian\apiguardian-api\1.1.2\apiguardian-api-1.1.2.jar;C:\Users\testinium\.m2\repository\org\junit\jupiter\junit-jupiter-params\5.8.1\junit-jupiter-params-5.8.1.jar;C:\Users\testinium\.m2\repository\org\junit\jupiter\junit-jupiter-engine\5.8.1\junit-jupiter-engine-5.8.1.jar;C:\Users\testinium\.m2\repository\org\junit\platform\junit-platform-engine\1.8.1\junit-platform-engine-1.8.1.jar
30-10-2021 17:55:00.429 [java] [DEBUG] found java executable in java.exe
30-10-2021 17:55:00.431 [java] [DEBUG] running - java.exe [-Dfile.encoding=UTF-8 com.thoughtworks.gauge.GaugeRuntime --start]
30-10-2021 17:55:00.431 [java] [DEBUG] stdout/stderr is logged to logs\10216-java.exe.out
30-10-2021 17:55:00.848 [java] [DEBUG] multithreading is set to false
30-10-2021 17:55:01.417 [java] [DEBUG] Using reflection to scan dependencies for gauge implementations...
30-10-2021 17:55:01.959 [java] [DEBUG] gauge-java took 1111milliseconds to load and scan. This should be less than 'runner_connection_timeout' config value.
30-10-2021 17:55:01.959 [java] [DEBUG] run 'gauge config runner_connection_timeout' and verify that it is < 1111
30-10-2021 17:55:01.959 [java] [DEBUG] starting gRPC server...
30-10-2021 17:55:02.480 [java] [DEBUG] started gRPC server on port 51686
30-10-2021 17:55:02.481 [Gauge] [DEBUG] Attempting to connect to grpc server at port: 51686
30-10-2021 17:55:02.669 [Gauge] [DEBUG] Successfully made the connection with runner with port: 51686
30-10-2021 17:55:02.669 [Gauge] [DEBUG] Validation started.
30-10-2021 17:55:04.850 [java] [DEBUG] Scanning packages for steps
30-10-2021 17:55:04.938 [java] [DEBUG] Comparing 'org.example.sayfalar.Kategori.checkCategoryPage' and 'org.example.sayfalar.Kategori.checkCategoryPage'
30-10-2021 17:55:04.938 [java] [DEBUG] Found Kategori Sayfası Kontrol in current project scope.
30-10-2021 17:55:04.938 [java] [DEBUG] Comparing 'org.example.StepImplementation.clickElementByid' and 'org.example.StepImplementation.clickElementByid'
30-10-2021 17:55:04.938 [java] [DEBUG] Found {} İd'li elemente tıkla in current project scope.
30-10-2021 17:55:04.939 [java] [DEBUG] Comparing 'org.example.sayfalar.Giriş.checkLogin' and 'org.example.sayfalar.Giriş.checkLogin'
30-10-2021 17:55:04.939 [java] [DEBUG] Found Login page doğrulama in current project scope.
30-10-2021 17:55:04.939 [java] [DEBUG] Comparing 'org.example.sayfalar.Alışveriş.checkShopping' and 'org.example.sayfalar.Alışveriş.checkShopping'
30-10-2021 17:55:04.939 [java] [DEBUG] Found Alışveriş Sayfası Doğrula in current project scope.
30-10-2021 17:55:04.940 [java] [DEBUG] Comparing 'org.example.StepImplementation.clickElementByxpath' and 'org.example.StepImplementation.clickElementByxpath'
30-10-2021 17:55:04.940 [java] [DEBUG] Found {} xpath'li elemente tıkla in current project scope.
30-10-2021 17:55:04.941 [java] [DEBUG] Comparing 'org.example.StepImplementation.ScrollRandomPos' and 'org.example.StepImplementation.ScrollRandomPos'
30-10-2021 17:55:04.941 [java] [DEBUG] Found sayfa boyunca scroll et in current project scope.
30-10-2021 17:55:04.941 [java] [DEBUG] Comparing 'org.example.StepImplementation.waitSeconds' and 'org.example.StepImplementation.waitSeconds'
30-10-2021 17:55:04.941 [java] [DEBUG] Found {} saniye bekle in current project scope.
30-10-2021 17:55:04.941 [java] [DEBUG] Comparing 'org.example.StepImplementation.SendkeyElementByid' and 'org.example.StepImplementation.SendkeyElementByid'
30-10-2021 17:55:04.941 [java] [DEBUG] Found {} İd'li elemente {} değerini yaz in current project scope.
30-10-2021 17:55:04.943 [java] [DEBUG] Comparing 'org.example.StepImplementation.findAllProducts' and 'org.example.StepImplementation.findAllProducts'
30-10-2021 17:55:04.943 [java] [DEBUG] Found {} xpath'te bulunan sayfada görünen tüm ürünleri bul ve rastgele bir ürüne tıkla in current project scope.
30-10-2021 17:55:04.943 [java] [DEBUG] Comparing 'org.example.sayfalar.Anasayfa.open' and 'org.example.sayfalar.Anasayfa.open'
30-10-2021 17:55:04.943 [java] [DEBUG] Found Açılış Sayfası Kontrol in current project scope.
30-10-2021 17:55:04.944 [java] [DEBUG] Comparing 'org.example.StepImplementation.addToBasket' and 'org.example.StepImplementation.addToBasket'
30-10-2021 17:55:04.944 [java] [DEBUG] Found Sepete ekle in current project scope.
30-10-2021 17:55:04.944 [java] [DEBUG] Comparing 'org.example.sayfalar.Ürün.checkProductDetail' and 'org.example.sayfalar.Ürün.checkProductDetail'
30-10-2021 17:55:04.944 [java] [DEBUG] Found Product detail sayfası doğrulama in current project scope.
30-10-2021 17:55:04.944 [java] [DEBUG] Scanning packages for hooks
30-10-2021 17:55:04.969 [java] [DEBUG] Scanned steps (using static parsing + reflections): 
30-10-2021 17:55:04.969 [java] [DEBUG] 	Sepete ekle : public void addToBasket()
30-10-2021 17:55:04.969 [java] [DEBUG] 	{} xpath'li elemente tıkla : public void clickElementByxpath(String Key)
30-10-2021 17:55:04.970 [java] [DEBUG] 	Kategori Sayfası Kontrol : public void checkCategoryPage()
30-10-2021 17:55:04.970 [java] [DEBUG] 	Alışveriş Sayfası Doğrula : public void checkShopping()
30-10-2021 17:55:04.970 [java] [DEBUG] 	Açılış Sayfası Kontrol : public void open()
30-10-2021 17:55:04.970 [java] [DEBUG] 	{} İd'li elemente {} değerini yaz : public void SendkeyElementByid(String Key, String keyword)
30-10-2021 17:55:04.970 [java] [DEBUG] 	Product detail sayfası doğrulama : public void checkProductDetail()
30-10-2021 17:55:04.970 [java] [DEBUG] 	sayfa boyunca scroll et : public void ScrollRandomPos()
30-10-2021 17:55:04.970 [java] [DEBUG] 	{} saniye bekle : public void waitSeconds(ınt seconds)
30-10-2021 17:55:04.970 [java] [DEBUG] 	{} xpath'te bulunan sayfada görünen tüm ürünleri bul ve rastgele bir ürüne tıkla : public void findAllProducts(String Key)
30-10-2021 17:55:04.971 [java] [DEBUG] 	Login page doğrulama : public void checkLogin()
30-10-2021 17:55:04.971 [java] [DEBUG] 	{} İd'li elemente tıkla : public void clickElementByid(String Key)
30-10-2021 17:55:09.297 [Gauge] [DEBUG] Validation completed.
30-10-2021 17:55:09.300 [Gauge] [DEBUG] Run started
30-10-2021 17:55:09.303 [Gauge] [DEBUG] Starting Html Report plugin
30-10-2021 17:55:09.348 [Gauge] [DEBUG] Attempting to connect to grpc server at port: 51690
30-10-2021 17:55:09.349 [Gauge] [DEBUG] Successfully made the connection with plugin with port: 51690
30-10-2021 17:55:09.349 [Gauge] [DEBUG] Initialising suite data store.
30-10-2021 17:55:09.459 [java] [INFO] Android  testi başlıyor
30-10-2021 17:55:15.079 [html-report] [DEBUG] Transformed SuiteResult to report structure
30-10-2021 17:55:15.256 [Gauge] [DEBUG] Sending kill message to Html Report plugin.
30-10-2021 17:55:15.256 [html-report] [INFO] Successfully generated html-report to => C:\Users\testinium\IdeaProjects\odev2doruk\reports\html-report\index.html
30-10-2021 17:55:15.256 [html-report] [DEBUG] Done generating HTML report using theme from C:\Users\testinium\AppData\Roaming\gauge\plugins\html-report\4.1.2\themes\default
30-10-2021 17:55:15.260 [java] [DEBUG] Killing Java runner...
30-10-2021 17:55:15.268 [java] [DEBUG] Stopping execution pool...
30-10-2021 17:55:15.268 [java] [DEBUG] Shutting down grpc server...
30-10-2021 17:55:15.295 [java] [DEBUG] Runner killed gracefully.
30-10-2021 17:55:16.389 [Gauge] [DEBUG] Runner with PID:10216 has exited
30-10-2021 17:55:16.389 [Gauge] [INFO] Specifications:	1 executed	0 passed	1 failed	0 skipped
30-10-2021 17:55:16.390 [Gauge] [INFO] Scenarios:	1 executed	0 passed	1 failed	0 skipped
30-10-2021 17:55:16.390 [Gauge] [INFO] 
Total time taken: 5.773s
30-10-2021 17:56:03.589 [Gauge] [DEBUG] Created gauge_screenshots_dir at C:\Users\testinium\IdeaProjects\odev2doruk\.gauge\screenshots
30-10-2021 17:56:03.591 [Gauge] [DEBUG] Plugin java is already installed.
30-10-2021 17:56:03.592 [Gauge] [DEBUG] Plugin html-report is already installed.
30-10-2021 17:56:03.592 [Gauge] [DEBUG] Parsing started.
30-10-2021 17:56:03.593 [Gauge] [DEBUG] Started concepts parsing.
30-10-2021 17:56:03.602 [Gauge] [DEBUG] 6 concepts parsing completed.
30-10-2021 17:56:03.602 [Gauge] [DEBUG] Started specifications parsing.
30-10-2021 17:56:03.604 [Gauge] [DEBUG] 1 specifications parsing completed.
30-10-2021 17:56:03.604 [Gauge] [DEBUG] Parsing completed.
30-10-2021 17:56:03.633 [java] [DEBUG] ***** Printing Properties/Env Values *****
30-10-2021 17:56:03.633 [java] [DEBUG] PATH: C:\Program Files (x86)\Common Files\Oracle\Java\javapath;C:\Windows\system32;C:\Windows;C:\Windows\System32\Wbem;C:\Windows\System32\WindowsPowerShell\v1.0\;C:\Windows\System32\OpenSSH\;C:\Program Files\NVIDIA Corporation\NVIDIA NvDLISR;C:\WINDOWS\system32;C:\WINDOWS;C:\WINDOWS\System32\Wbem;C:\WINDOWS\System32\WindowsPowerShell\v1.0\;C:\WINDOWS\System32\OpenSSH\;C:\Program Files\Git\cmd;C:\Program Files\nodejs\;C:\Program Files (x86)\Micro Focus\Unified Functional Testing\bin;%!J(MISSING)AVA_HOME%!\(MISSING)bin;C:\Program Files\maven\apache-maven-3.8.3\bin;C:\Program Files\maven\apache-maven-3.8.3\bin;C:\Program Files\Gauge\bin;C:\Program Files\Android\sdk\platform-tools;C:\Program Files\Android\sdk\build-tools\29.0.2;C:\Users\testinium\AppData\Local\Microsoft\WindowsApps;;C:\Program Files\JetBrains\IntelliJ IDEA Community Edition 2021.2.2\bin;;C:\Users\testinium\AppData\Roaming\npm;C:\Users\testinium\AppData\Roaming\gauge\plugins\screenshot\0.1.0
30-10-2021 17:56:03.633 [java] [DEBUG] JAVA_HOME: 
30-10-2021 17:56:03.633 [java] [DEBUG] gauge_project_root: C:\Users\testinium\IdeaProjects\odev2doruk
30-10-2021 17:56:03.633 [java] [DEBUG] gauge_parallel_streams_count: 8
30-10-2021 17:56:03.633 [java] [DEBUG] gauge_reports_dir: reports
30-10-2021 17:56:03.633 [java] [DEBUG] overwrite_reports: true
30-10-2021 17:56:03.633 [java] [DEBUG] logs_directory: logs
30-10-2021 17:56:03.633 [java] [DEBUG] enable_multithreading: false
30-10-2021 17:56:03.633 [java] [DEBUG] gauge_specs_dir: specs
30-10-2021 17:56:03.633 [java] [DEBUG] csv_delimiter: ,
30-10-2021 17:56:03.633 [java] [DEBUG] gauge_java_home: 
30-10-2021 17:56:03.633 [java] [DEBUG] gauge_custom_build_path: 
30-10-2021 17:56:03.633 [java] [DEBUG] gauge_additional_libs: libs/*
30-10-2021 17:56:03.633 [java] [DEBUG] gauge_jvm_args: 
30-10-2021 17:56:03.633 [java] [DEBUG] gauge_custom_compile_dir: 
30-10-2021 17:56:03.633 [java] [DEBUG] gauge_clear_state_level: scenario
30-10-2021 17:56:03.633 [java] [DEBUG] ***** END *****
30-10-2021 17:56:04.261 [Gauge] [DEBUG] Checking updates...
30-10-2021 17:56:04.265 [Gauge] [DEBUG] Downloading https://downloads.gauge.org/plugin/flash?l=java&p=flash,html-report,java,json-report,screenshot,spectacle,xml-report&o=windows&a=amd64
30-10-2021 17:56:04.661 [Gauge] [DEBUG] Downloading https://downloads.gauge.org/plugin/html-report?l=java&p=flash,html-report,java,json-report,screenshot,spectacle,xml-report&o=windows&a=amd64
30-10-2021 17:56:04.839 [Gauge] [DEBUG] Downloading https://downloads.gauge.org/plugin/java?l=java&p=flash,html-report,java,json-report,screenshot,spectacle,xml-report&o=windows&a=amd64
30-10-2021 17:56:05.007 [Gauge] [DEBUG] Downloading https://downloads.gauge.org/plugin/json-report?l=java&p=flash,html-report,java,json-report,screenshot,spectacle,xml-report&o=windows&a=amd64
30-10-2021 17:56:05.233 [Gauge] [DEBUG] Downloading https://downloads.gauge.org/plugin/screenshot?l=java&p=flash,html-report,java,json-report,screenshot,spectacle,xml-report&o=windows&a=amd64
30-10-2021 17:56:05.430 [Gauge] [DEBUG] Downloading https://downloads.gauge.org/plugin/spectacle?l=java&p=flash,html-report,java,json-report,screenshot,spectacle,xml-report&o=windows&a=amd64
30-10-2021 17:56:05.636 [Gauge] [DEBUG] Downloading https://downloads.gauge.org/plugin/xml-report?l=java&p=flash,html-report,java,json-report,screenshot,spectacle,xml-report&o=windows&a=amd64
30-10-2021 17:56:07.236 [java] [DEBUG] classpath set to C:\Users\testinium\.jdks\openjdk-17!\java.base;C:\Users\testinium\.jdks\openjdk-17!\java.compiler;C:\Users\testinium\.jdks\openjdk-17!\java.datatransfer;C:\Users\testinium\.jdks\openjdk-17!\java.desktop;C:\Users\testinium\.jdks\openjdk-17!\java.instrument;C:\Users\testinium\.jdks\openjdk-17!\java.logging;C:\Users\testinium\.jdks\openjdk-17!\java.management;C:\Users\testinium\.jdks\openjdk-17!\java.management.rmi;C:\Users\testinium\.jdks\openjdk-17!\java.naming;C:\Users\testinium\.jdks\openjdk-17!\java.net.http;C:\Users\testinium\.jdks\openjdk-17!\java.prefs;C:\Users\testinium\.jdks\openjdk-17!\java.rmi;C:\Users\testinium\.jdks\openjdk-17!\java.scripting;C:\Users\testinium\.jdks\openjdk-17!\java.se;C:\Users\testinium\.jdks\openjdk-17!\java.security.jgss;C:\Users\testinium\.jdks\openjdk-17!\java.security.sasl;C:\Users\testinium\.jdks\openjdk-17!\java.smartcardio;C:\Users\testinium\.jdks\openjdk-17!\java.sql;C:\Users\testinium\.jdks\openjdk-17!\java.sql.rowset;C:\Users\testinium\.jdks\openjdk-17!\java.transaction.xa;C:\Users\testinium\.jdks\openjdk-17!\java.xml;C:\Users\testinium\.jdks\openjdk-17!\java.xml.crypto;C:\Users\testinium\.jdks\openjdk-17!\jdk.accessibility;C:\Users\testinium\.jdks\openjdk-17!\jdk.attach;C:\Users\testinium\.jdks\openjdk-17!\jdk.charsets;C:\Users\testinium\.jdks\openjdk-17!\jdk.compiler;C:\Users\testinium\.jdks\openjdk-17!\jdk.crypto.cryptoki;C:\Users\testinium\.jdks\openjdk-17!\jdk.crypto.ec;C:\Users\testinium\.jdks\openjdk-17!\jdk.crypto.mscapi;C:\Users\testinium\.jdks\openjdk-17!\jdk.dynalink;C:\Users\testinium\.jdks\openjdk-17!\jdk.editpad;C:\Users\testinium\.jdks\openjdk-17!\jdk.hotspot.agent;C:\Users\testinium\.jdks\openjdk-17!\jdk.httpserver;C:\Users\testinium\.jdks\openjdk-17!\jdk.incubator.foreign;C:\Users\testinium\.jdks\openjdk-17!\jdk.incubator.vector;C:\Users\testinium\.jdks\openjdk-17!\jdk.internal.ed;C:\Users\testinium\.jdks\openjdk-17!\jdk.internal.jvmstat;C:\Users\testinium\.jdks\openjdk-17!\jdk.internal.le;C:\Users\testinium\.jdks\openjdk-17!\jdk.internal.opt;C:\Users\testinium\.jdks\openjdk-17!\jdk.internal.vm.ci;C:\Users\testinium\.jdks\openjdk-17!\jdk.internal.vm.compiler;C:\Users\testinium\.jdks\openjdk-17!\jdk.internal.vm.compiler.management;C:\Users\testinium\.jdks\openjdk-17!\jdk.jartool;C:\Users\testinium\.jdks\openjdk-17!\jdk.javadoc;C:\Users\testinium\.jdks\openjdk-17!\jdk.jcmd;C:\Users\testinium\.jdks\openjdk-17!\jdk.jconsole;C:\Users\testinium\.jdks\openjdk-17!\jdk.jdeps;C:\Users\testinium\.jdks\openjdk-17!\jdk.jdi;C:\Users\testinium\.jdks\openjdk-17!\jdk.jdwp.agent;C:\Users\testinium\.jdks\openjdk-17!\jdk.jfr;C:\Users\testinium\.jdks\openjdk-17!\jdk.jlink;C:\Users\testinium\.jdks\openjdk-17!\jdk.jpackage;C:\Users\testinium\.jdks\openjdk-17!\jdk.jshell;C:\Users\testinium\.jdks\openjdk-17!\jdk.jsobject;C:\Users\testinium\.jdks\openjdk-17!\jdk.jstatd;C:\Users\testinium\.jdks\openjdk-17!\jdk.localedata;C:\Users\testinium\.jdks\openjdk-17!\jdk.management;C:\Users\testinium\.jdks\openjdk-17!\jdk.management.agent;C:\Users\testinium\.jdks\openjdk-17!\jdk.management.jfr;C:\Users\testinium\.jdks\openjdk-17!\jdk.naming.dns;C:\Users\testinium\.jdks\openjdk-17!\jdk.naming.rmi;C:\Users\testinium\.jdks\openjdk-17!\jdk.net;C:\Users\testinium\.jdks\openjdk-17!\jdk.nio.mapmode;C:\Users\testinium\.jdks\openjdk-17!\jdk.random;C:\Users\testinium\.jdks\openjdk-17!\jdk.sctp;C:\Users\testinium\.jdks\openjdk-17!\jdk.security.auth;C:\Users\testinium\.jdks\openjdk-17!\jdk.security.jgss;C:\Users\testinium\.jdks\openjdk-17!\jdk.unsupported;C:\Users\testinium\.jdks\openjdk-17!\jdk.unsupported.desktop;C:\Users\testinium\.jdks\openjdk-17!\jdk.xml.dom;C:\Users\testinium\.jdks\openjdk-17!\jdk.zipfs;C:\Users\testinium\IdeaProjects\odev2doruk\target\test-classes;C:\Users\testinium\.m2\repository\junit\junit\4.12\junit-4.12.jar;C:\Users\testinium\.m2\repository\org\hamcrest\hamcrest-core\1.3\hamcrest-core-1.3.jar;C:\Users\testinium\.m2\repository\com\thoughtworks\gauge\gauge-java\0.7.15\gauge-java-0.7.15.jar;C:\Users\testinium\.m2\repository\org\assertj\assertj-core\3.19.0\assertj-core-3.19.0.jar;C:\Users\testinium\.m2\repository\org\reflections\reflections\0.9.9\reflections-0.9.9.jar;C:\Users\testinium\.m2\repository\org\javassist\javassist\3.18.2-GA\javassist-3.18.2-GA.jar;C:\Users\testinium\.m2\repository\com\google\code\findbugs\annotations\2.0.1\annotations-2.0.1.jar;C:\Users\testinium\.m2\repository\com\github\javaparser\javaparser-core\3.16.3\javaparser-core-3.16.3.jar;C:\Users\testinium\.m2\repository\commons-io\commons-io\2.8.0\commons-io-2.8.0.jar;C:\Users\testinium\.m2\repository\commons-lang\commons-lang\2.6\commons-lang-2.6.jar;C:\Users\testinium\.m2\repository\org\json\json\20210307\json-20210307.jar;C:\Users\testinium\.m2\repository\com\google\protobuf\protobuf-java\3.15.8\protobuf-java-3.15.8.jar;C:\Users\testinium\.m2\repository\com\google\guava\guava\30.1.1-jre\guava-30.1.1-jre.jar;C:\Users\testinium\.m2\repository\com\google\guava\failureaccess\1.0.1\failureaccess-1.0.1.jar;C:\Users\testinium\.m2\repository\com\google\guava\listenablefuture\9999.0-empty-to-avoid-conflict-with-guava\listenablefuture-9999.0-empty-to-avoid-conflict-with-guava.jar;C:\Users\testinium\.m2\repository\com\google\code\findbugs\jsr305\3.0.2\jsr305-3.0.2.jar;C:\Users\testinium\.m2\repository\org\checkerframework\checker-qual\3.8.0\checker-qual-3.8.0.jar;C:\Users\testinium\.m2\repository\com\google\errorprone\error_prone_annotations\2.5.1\error_prone_annotations-2.5.1.jar;C:\Users\testinium\.m2\repository\com\google\j2objc\j2objc-annotations\1.3\j2objc-annotations-1.3.jar;C:\Users\testinium\.m2\repository\io\grpc\grpc-netty-shaded\1.37.0\grpc-netty-shaded-1.37.0.jar;C:\Users\testinium\.m2\repository\io\grpc\grpc-core\1.37.0\grpc-core-1.37.0.jar;C:\Users\testinium\.m2\repository\com\google\android\annotations\4.1.1.4\annotations-4.1.1.4.jar;C:\Users\testinium\.m2\repository\io\perfmark\perfmark-api\0.23.0\perfmark-api-0.23.0.jar;C:\Users\testinium\.m2\repository\io\grpc\grpc-protobuf\1.37.0\grpc-protobuf-1.37.0.jar;C:\Users\testinium\.m2\repository\io\grpc\grpc-api\1.37.0\grpc-api-1.37.0.jar;C:\Users\testinium\.m2\repository\io\grpc\grpc-context\1.37.0\grpc-context-1.37.0.jar;C:\Users\testinium\.m2\repository\com\google\api\grpc\proto-google-common-protos\2.0.1\proto-google-common-protos-2.0.1.jar;C:\Users\testinium\.m2\repository\io\grpc\grpc-protobuf-lite\1.37.0\grpc-protobuf-lite-1.37.0.jar;C:\Users\testinium\.m2\repository\org\codehaus\mojo\animal-sniffer-annotations\1.19\animal-sniffer-annotations-1.19.jar;C:\Users\testinium\.m2\repository\io\grpc\grpc-stub\1.37.0\grpc-stub-1.37.0.jar;C:\Users\testinium\.m2\repository\javax\annotation\javax.annotation-api\1.3.2\javax.annotation-api-1.3.2.jar;C:\Users\testinium\.m2\repository\io\appium\java-client\7.3.0\java-client-7.3.0.jar;C:\Users\testinium\.m2\repository\org\seleniumhq\selenium\selenium-java\3.141.59\selenium-java-3.141.59.jar;C:\Users\testinium\.m2\repository\org\seleniumhq\selenium\selenium-chrome-driver\3.141.59\selenium-chrome-driver-3.141.59.jar;C:\Users\testinium\.m2\repository\org\seleniumhq\selenium\selenium-edge-driver\3.141.59\selenium-edge-driver-3.141.59.jar;C:\Users\testinium\.m2\repository\org\seleniumhq\selenium\selenium-firefox-driver\3.141.59\selenium-firefox-driver-3.141.59.jar;C:\Users\testinium\.m2\repository\org\seleniumhq\selenium\selenium-ie-driver\3.141.59\selenium-ie-driver-3.141.59.jar;C:\Users\testinium\.m2\repository\org\seleniumhq\selenium\selenium-opera-driver\3.141.59\selenium-opera-driver-3.141.59.jar;C:\Users\testinium\.m2\repository\org\seleniumhq\selenium\selenium-remote-driver\3.141.59\selenium-remote-driver-3.141.59.jar;C:\Users\testinium\.m2\repository\org\seleniumhq\selenium\selenium-safari-driver\3.141.59\selenium-safari-driver-3.141.59.jar;C:\Users\testinium\.m2\repository\net\bytebuddy\byte-buddy\1.8.15\byte-buddy-1.8.15.jar;C:\Users\testinium\.m2\repository\org\apache\commons\commons-exec\1.3\commons-exec-1.3.jar;C:\Users\testinium\.m2\repository\com\squareup\okhttp3\okhttp\3.11.0\okhttp-3.11.0.jar;C:\Users\testinium\.m2\repository\com\squareup\okio\okio\1.14.0\okio-1.14.0.jar;C:\Users\testinium\.m2\repository\org\seleniumhq\selenium\selenium-support\3.141.59\selenium-support-3.141.59.jar;C:\Users\testinium\.m2\repository\org\seleniumhq\selenium\selenium-api\3.141.59\selenium-api-3.141.59.jar;C:\Users\testinium\.m2\repository\com\google\code\gson\gson\2.8.5\gson-2.8.5.jar;C:\Users\testinium\.m2\repository\org\apache\httpcomponents\httpclient\4.5.9\httpclient-4.5.9.jar;C:\Users\testinium\.m2\repository\org\apache\httpcomponents\httpcore\4.4.11\httpcore-4.4.11.jar;C:\Users\testinium\.m2\repository\commons-logging\commons-logging\1.2\commons-logging-1.2.jar;C:\Users\testinium\.m2\repository\commons-codec\commons-codec\1.11\commons-codec-1.11.jar;C:\Users\testinium\.m2\repository\cglib\cglib\3.2.12\cglib-3.2.12.jar;C:\Users\testinium\.m2\repository\org\ow2\asm\asm\7.1\asm-7.1.jar;C:\Users\testinium\.m2\repository\commons-validator\commons-validator\1.6\commons-validator-1.6.jar;C:\Users\testinium\.m2\repository\commons-beanutils\commons-beanutils\1.9.2\commons-beanutils-1.9.2.jar;C:\Users\testinium\.m2\repository\commons-digester\commons-digester\1.8.1\commons-digester-1.8.1.jar;C:\Users\testinium\.m2\repository\commons-collections\commons-collections\3.2.2\commons-collections-3.2.2.jar;C:\Users\testinium\.m2\repository\org\apache\commons\commons-lang3\3.9\commons-lang3-3.9.jar;C:\Users\testinium\.m2\repository\org\springframework\spring-context\5.1.8.RELEASE\spring-context-5.1.8.RELEASE.jar;C:\Users\testinium\.m2\repository\org\springframework\spring-aop\5.1.8.RELEASE\spring-aop-5.1.8.RELEASE.jar;C:\Users\testinium\.m2\repository\org\springframework\spring-beans\5.1.8.RELEASE\spring-beans-5.1.8.RELEASE.jar;C:\Users\testinium\.m2\repository\org\springframework\spring-core\5.1.8.RELEASE\spring-core-5.1.8.RELEASE.jar;C:\Users\testinium\.m2\repository\org\springframework\spring-jcl\5.1.8.RELEASE\spring-jcl-5.1.8.RELEASE.jar;C:\Users\testinium\.m2\repository\org\springframework\spring-expression\5.1.8.RELEASE\spring-expression-5.1.8.RELEASE.jar;C:\Users\testinium\.m2\repository\org\aspectj\aspectjweaver\1.9.4\aspectjweaver-1.9.4.jar;C:\Users\testinium\.m2\repository\org\slf4j\slf4j-api\1.7.30\slf4j-api-1.7.30.jar;C:\Users\testinium\.m2\repository\org\slf4j\slf4j-log4j12\1.7.30\slf4j-log4j12-1.7.30.jar;C:\Users\testinium\.m2\repository\log4j\log4j\1.2.17\log4j-1.2.17.jar;C:\Users\testinium\.m2\repository\org\junit\jupiter\junit-jupiter\5.8.1\junit-jupiter-5.8.1.jar;C:\Users\testinium\.m2\repository\org\junit\jupiter\junit-jupiter-api\5.8.1\junit-jupiter-api-5.8.1.jar;C:\Users\testinium\.m2\repository\org\opentest4j\opentest4j\1.2.0\opentest4j-1.2.0.jar;C:\Users\testinium\.m2\repository\org\junit\platform\junit-platform-commons\1.8.1\junit-platform-commons-1.8.1.jar;C:\Users\testinium\.m2\repository\org\apiguardian\apiguardian-api\1.1.2\apiguardian-api-1.1.2.jar;C:\Users\testinium\.m2\repository\org\junit\jupiter\junit-jupiter-params\5.8.1\junit-jupiter-params-5.8.1.jar;C:\Users\testinium\.m2\repository\org\junit\jupiter\junit-jupiter-engine\5.8.1\junit-jupiter-engine-5.8.1.jar;C:\Users\testinium\.m2\repository\org\junit\platform\junit-platform-engine\1.8.1\junit-platform-engine-1.8.1.jar
30-10-2021 17:56:07.236 [java] [DEBUG] found java executable in java.exe
30-10-2021 17:56:07.237 [java] [DEBUG] running - java.exe [-Dfile.encoding=UTF-8 com.thoughtworks.gauge.GaugeRuntime --start]
30-10-2021 17:56:07.237 [java] [DEBUG] stdout/stderr is logged to logs\16072-java.exe.out
30-10-2021 17:56:07.492 [java] [DEBUG] multithreading is set to false
30-10-2021 17:56:07.993 [java] [DEBUG] Using reflection to scan dependencies for gauge implementations...
30-10-2021 17:56:08.552 [java] [DEBUG] gauge-java took 1061milliseconds to load and scan. This should be less than 'runner_connection_timeout' config value.
30-10-2021 17:56:08.552 [java] [DEBUG] run 'gauge config runner_connection_timeout' and verify that it is < 1061
30-10-2021 17:56:08.552 [java] [DEBUG] starting gRPC server...
30-10-2021 17:56:09.012 [java] [DEBUG] started gRPC server on port 51783
30-10-2021 17:56:09.012 [Gauge] [DEBUG] Attempting to connect to grpc server at port: 51783
30-10-2021 17:56:09.136 [Gauge] [DEBUG] Successfully made the connection with runner with port: 51783
30-10-2021 17:56:09.136 [Gauge] [DEBUG] Validation started.
30-10-2021 17:56:10.455 [java] [DEBUG] Scanning packages for steps
30-10-2021 17:56:10.476 [java] [DEBUG] Comparing 'org.example.sayfalar.Kategori.checkCategoryPage' and 'org.example.sayfalar.Kategori.checkCategoryPage'
30-10-2021 17:56:10.476 [java] [DEBUG] Found Kategori Sayfası Kontrol in current project scope.
30-10-2021 17:56:10.476 [java] [DEBUG] Comparing 'org.example.StepImplementation.clickElementByid' and 'org.example.StepImplementation.clickElementByid'
30-10-2021 17:56:10.476 [java] [DEBUG] Found {} İd'li elemente tıkla in current project scope.
30-10-2021 17:56:10.476 [java] [DEBUG] Comparing 'org.example.sayfalar.Giriş.checkLogin' and 'org.example.sayfalar.Giriş.checkLogin'
30-10-2021 17:56:10.476 [java] [DEBUG] Found Login page doğrulama in current project scope.
30-10-2021 17:56:10.476 [java] [DEBUG] Comparing 'org.example.sayfalar.Alışveriş.checkShopping' and 'org.example.sayfalar.Alışveriş.checkShopping'
30-10-2021 17:56:10.476 [java] [DEBUG] Found Alışveriş Sayfası Doğrula in current project scope.
30-10-2021 17:56:10.477 [java] [DEBUG] Comparing 'org.example.StepImplementation.clickElementByxpath' and 'org.example.StepImplementation.clickElementByxpath'
30-10-2021 17:56:10.477 [java] [DEBUG] Found {} xpath'li elemente tıkla in current project scope.
30-10-2021 17:56:10.477 [java] [DEBUG] Comparing 'org.example.StepImplementation.ScrollRandomPos' and 'org.example.StepImplementation.ScrollRandomPos'
30-10-2021 17:56:10.477 [java] [DEBUG] Found sayfa boyunca scroll et in current project scope.
30-10-2021 17:56:10.477 [java] [DEBUG] Comparing 'org.example.StepImplementation.waitSeconds' and 'org.example.StepImplementation.waitSeconds'
30-10-2021 17:56:10.477 [java] [DEBUG] Found {} saniye bekle in current project scope.
30-10-2021 17:56:10.477 [java] [DEBUG] Comparing 'org.example.StepImplementation.SendkeyElementByid' and 'org.example.StepImplementation.SendkeyElementByid'
30-10-2021 17:56:10.477 [java] [DEBUG] Found {} İd'li elemente {} değerini yaz in current project scope.
30-10-2021 17:56:10.477 [java] [DEBUG] Comparing 'org.example.StepImplementation.findAllProducts' and 'org.example.StepImplementation.findAllProducts'
30-10-2021 17:56:10.477 [java] [DEBUG] Found {} xpath'te bulunan sayfada görünen tüm ürünleri bul ve rastgele bir ürüne tıkla in current project scope.
30-10-2021 17:56:10.478 [java] [DEBUG] Comparing 'org.example.sayfalar.Anasayfa.open' and 'org.example.sayfalar.Anasayfa.open'
30-10-2021 17:56:10.478 [java] [DEBUG] Found Açılış Sayfası Kontrol in current project scope.
30-10-2021 17:56:10.478 [java] [DEBUG] Comparing 'org.example.StepImplementation.addToBasket' and 'org.example.StepImplementation.addToBasket'
30-10-2021 17:56:10.478 [java] [DEBUG] Found Sepete ekle in current project scope.
30-10-2021 17:56:10.478 [java] [DEBUG] Comparing 'org.example.sayfalar.Ürün.checkProductDetail' and 'org.example.sayfalar.Ürün.checkProductDetail'
30-10-2021 17:56:10.478 [java] [DEBUG] Found Product detail sayfası doğrulama in current project scope.
30-10-2021 17:56:10.478 [java] [DEBUG] Scanning packages for hooks
30-10-2021 17:56:10.486 [java] [DEBUG] Scanned steps (using static parsing + reflections): 
30-10-2021 17:56:10.487 [java] [DEBUG] 	Sepete ekle : public void addToBasket()
30-10-2021 17:56:10.487 [java] [DEBUG] 	{} xpath'li elemente tıkla : public void clickElementByxpath(String Key)
30-10-2021 17:56:10.487 [java] [DEBUG] 	Kategori Sayfası Kontrol : public void checkCategoryPage()
30-10-2021 17:56:10.487 [java] [DEBUG] 	Alışveriş Sayfası Doğrula : public void checkShopping()
30-10-2021 17:56:10.487 [java] [DEBUG] 	Açılış Sayfası Kontrol : public void open()
30-10-2021 17:56:10.487 [java] [DEBUG] 	{} İd'li elemente {} değerini yaz : public void SendkeyElementByid(String Key, String keyword)
30-10-2021 17:56:10.487 [java] [DEBUG] 	Product detail sayfası doğrulama : public void checkProductDetail()
30-10-2021 17:56:10.487 [java] [DEBUG] 	sayfa boyunca scroll et : public void ScrollRandomPos()
30-10-2021 17:56:10.487 [java] [DEBUG] 	{} saniye bekle : public void waitSeconds(ınt seconds)
30-10-2021 17:56:10.487 [java] [DEBUG] 	{} xpath'te bulunan sayfada görünen tüm ürünleri bul ve rastgele bir ürüne tıkla : public void findAllProducts(String Key)
30-10-2021 17:56:10.487 [java] [DEBUG] 	Login page doğrulama : public void checkLogin()
30-10-2021 17:56:10.487 [java] [DEBUG] 	{} İd'li elemente tıkla : public void clickElementByid(String Key)
30-10-2021 17:56:12.330 [Gauge] [DEBUG] Validation completed.
30-10-2021 17:56:12.333 [Gauge] [DEBUG] Run started
30-10-2021 17:56:12.335 [Gauge] [DEBUG] Starting Html Report plugin
30-10-2021 17:56:12.376 [Gauge] [DEBUG] Attempting to connect to grpc server at port: 51787
30-10-2021 17:56:12.377 [Gauge] [DEBUG] Successfully made the connection with plugin with port: 51787
30-10-2021 17:56:12.377 [Gauge] [DEBUG] Initialising suite data store.
30-10-2021 17:56:12.424 [java] [INFO] Android  testi başlıyor
30-10-2021 17:56:16.367 [html-report] [DEBUG] Transformed SuiteResult to report structure
30-10-2021 17:56:16.468 [html-report] [INFO] Successfully generated html-report to => C:\Users\testinium\IdeaProjects\odev2doruk\reports\html-report\index.html
30-10-2021 17:56:16.468 [html-report] [DEBUG] Done generating HTML report using theme from C:\Users\testinium\AppData\Roaming\gauge\plugins\html-report\4.1.2\themes\default
30-10-2021 17:56:16.468 [Gauge] [DEBUG] Sending kill message to Html Report plugin.
30-10-2021 17:56:16.471 [java] [DEBUG] Killing Java runner...
30-10-2021 17:56:16.473 [java] [DEBUG] Stopping execution pool...
30-10-2021 17:56:16.473 [java] [DEBUG] Shutting down grpc server...
30-10-2021 17:56:16.487 [java] [DEBUG] Runner killed gracefully.
30-10-2021 17:56:17.562 [Gauge] [DEBUG] Runner with PID:16072 has exited
30-10-2021 17:56:17.563 [Gauge] [INFO] Specifications:	1 executed	0 passed	1 failed	0 skipped
30-10-2021 17:56:17.563 [Gauge] [INFO] Scenarios:	1 executed	0 passed	1 failed	0 skipped
30-10-2021 17:56:17.563 [Gauge] [INFO] 
Total time taken: 4.031s
